TN:
SF:script/base/DeployUtility.sol
FN:20,DeployUtility._setUp
FNDA:0,DeployUtility._setUp
DA:21,0
DA:21,0
FN:31,DeployUtility._saveDeploymentAddress
FNDA:0,DeployUtility._saveDeploymentAddress
DA:34,0
DA:34,0
DA:34,0
DA:35,0
DA:35,0
DA:35,0
DA:36,0
DA:36,0
DA:37,0
DA:37,0
DA:38,0
DA:38,0
DA:40,0
DA:40,0
BRDA:40,0,0,-
BRDA:40,0,1,-
DA:41,0
DA:41,0
DA:42,0
DA:42,0
DA:44,0
DA:44,0
DA:47,0
DA:47,0
DA:49,0
DA:49,0
DA:49,0
DA:49,0
DA:50,0
DA:50,0
DA:50,0
DA:50,0
BRDA:50,1,0,-
BRDA:50,1,1,-
DA:51,0
DA:51,0
DA:52,0
DA:52,0
DA:54,0
DA:54,0
DA:54,0
DA:55,0
DA:55,0
DA:59,0
DA:59,0
BRDA:59,2,0,-
BRDA:59,2,1,-
DA:60,0
DA:60,0
DA:63,0
DA:63,0
FN:73,DeployUtility._loadDeploymentAddress
FNDA:0,DeployUtility._loadDeploymentAddress
DA:76,0
DA:76,0
DA:76,0
DA:77,0
DA:77,0
DA:77,0
DA:79,0
DA:79,0
BRDA:79,3,0,-
BRDA:79,3,1,-
DA:80,0
DA:80,0
DA:80,0
DA:81,0
DA:81,0
DA:81,0
DA:82,0
DA:82,0
DA:82,0
DA:82,0
DA:83,0
DA:83,0
DA:83,0
DA:83,0
BRDA:83,4,0,-
BRDA:83,4,1,-
DA:84,0
DA:84,0
DA:84,0
DA:89,0
DA:89,0
DA:89,0
FNF:3
FNH:0
LF:29
LH:0
BRF:10
BRH:0
end_of_record
TN:
SF:script/deploy/mumbai/DeployMigrator.s.sol
FN:48,DeployMigrator.setUp
FNDA:0,DeployMigrator.setUp
DA:49,0
DA:49,0
FN:52,DeployMigrator.run
FNDA:0,DeployMigrator.run
DA:53,0
DA:53,0
DA:56,0
DA:56,0
DA:56,0
DA:59,0
DA:59,0
DA:59,0
DA:70,0
DA:70,0
DA:75,0
DA:75,0
DA:76,0
DA:76,0
DA:77,0
DA:77,0
DA:79,0
DA:79,0
DA:81,0
DA:81,0
DA:86,0
DA:86,0
DA:88,0
DA:88,0
FNF:2
FNH:0
LF:12
LH:0
BRF:0
BRH:0
end_of_record
TN:
SF:script/deploy/mumbai/UpgradeMigrator.s.sol
FN:40,UpgradeMigrator.setUp
FNDA:0,UpgradeMigrator.setUp
DA:41,0
DA:41,0
FN:44,UpgradeMigrator.run
FNDA:0,UpgradeMigrator.run
DA:45,0
DA:45,0
DA:48,0
DA:48,0
DA:51,0
DA:51,0
DA:55,0
DA:55,0
DA:57,0
DA:57,0
FNF:2
FNH:0
LF:6
LH:0
BRF:0
BRH:0
end_of_record
TN:
SF:script/deploy/sepolia/DeployReceiver.s.sol
FN:57,DeployReceiver.setUp
FNDA:0,DeployReceiver.setUp
DA:58,0
DA:58,0
FN:61,DeployReceiver.run
FNDA:0,DeployReceiver.run
DA:62,0
DA:62,0
DA:67,0
DA:67,0
DA:70,0
DA:70,0
DA:81,0
DA:81,0
DA:84,0
DA:84,0
DA:95,0
DA:95,0
DA:98,0
DA:98,0
DA:112,0
DA:112,0
DA:115,0
DA:115,0
DA:128,0
DA:128,0
DA:130,0
DA:130,0
DA:132,0
DA:132,0
DA:133,0
DA:133,0
DA:138,0
DA:138,0
DA:139,0
DA:139,0
DA:141,0
DA:141,0
DA:142,0
DA:142,0
DA:144,0
DA:144,0
DA:145,0
DA:145,0
DA:147,0
DA:147,0
FNF:2
FNH:0
LF:21
LH:0
BRF:0
BRH:0
end_of_record
TN:
SF:script/deploy/unreal/DeployAPI.s.sol
FN:37,DeployAPI.setUp
FNDA:0,DeployAPI.setUp
DA:38,0
DA:38,0
DA:39,0
DA:39,0
DA:41,0
DA:41,0
DA:42,0
DA:42,0
DA:43,0
DA:43,0
FN:46,DeployAPI.run
FNDA:0,DeployAPI.run
DA:47,0
DA:47,0
DA:52,0
DA:52,0
DA:52,0
DA:55,0
DA:55,0
DA:55,0
DA:64,0
DA:64,0
DA:65,0
DA:65,0
DA:69,0
DA:69,0
DA:71,0
DA:71,0
FNF:2
FNH:0
LF:12
LH:0
BRF:0
BRH:0
end_of_record
TN:
SF:script/deploy/unreal/DeployExactInputWrapper.s.sol
FN:42,DeployExactInputWrapper.setUp
FNDA:0,DeployExactInputWrapper.setUp
DA:43,0
DA:43,0
DA:44,0
DA:44,0
DA:45,0
DA:45,0
FN:48,DeployExactInputWrapper.run
FNDA:0,DeployExactInputWrapper.run
DA:49,0
DA:49,0
DA:54,0
DA:54,0
DA:54,0
DA:60,0
DA:60,0
DA:64,0
DA:64,0
DA:65,0
DA:65,0
DA:67,0
DA:67,0
FNF:2
FNH:0
LF:9
LH:0
BRF:0
BRH:0
end_of_record
TN:
SF:script/deploy/unreal/DeployRWAToken.s.sol
FN:42,DeployRWAToken.setUp
FNDA:0,DeployRWAToken.setUp
DA:43,0
DA:43,0
FN:46,DeployRWAToken.run
FNDA:0,DeployRWAToken.run
DA:47,0
DA:47,0
DA:66,0
DA:66,0
FNF:2
FNH:0
LF:3
LH:0
BRF:0
BRH:0
end_of_record
TN:
SF:script/deploy/unreal/DeployReceiver.s.sol
FN:52,DeployReceiver.setUp
FNDA:0,DeployReceiver.setUp
DA:53,0
DA:53,0
DA:54,0
DA:54,0
DA:56,0
DA:56,0
DA:57,0
DA:57,0
DA:58,0
DA:58,0
FN:61,DeployReceiver.run
FNDA:0,DeployReceiver.run
DA:62,0
DA:62,0
DA:67,0
DA:67,0
DA:67,0
DA:70,0
DA:70,0
DA:70,0
DA:79,0
DA:79,0
DA:80,0
DA:80,0
DA:85,0
DA:85,0
DA:87,0
DA:87,0
DA:94,0
DA:94,0
DA:96,0
DA:96,0
FNF:2
FNH:0
LF:14
LH:0
BRF:0
BRH:0
end_of_record
TN:
SF:script/deploy/unreal/DeployRevStreamETH.s.sol
FN:42,DeployRevStreamETH.setUp
FNDA:0,DeployRevStreamETH.setUp
DA:43,0
DA:43,0
DA:44,0
DA:44,0
DA:45,0
DA:45,0
FN:48,DeployRevStreamETH.run
FNDA:0,DeployRevStreamETH.run
DA:49,0
DA:49,0
DA:52,0
DA:52,0
DA:53,0
DA:53,0
DA:56,0
DA:56,0
DA:64,0
DA:64,0
DA:65,0
DA:65,0
DA:68,0
DA:68,0
DA:70,0
DA:70,0
FNF:2
FNH:0
LF:11
LH:0
BRF:0
BRH:0
end_of_record
TN:
SF:script/deploy/unreal/DeployRoyaltyHandler.s.sol
FN:61,DeployRoyaltyHandler.setUp
FNDA:0,DeployRoyaltyHandler.setUp
DA:62,0
DA:62,0
DA:63,0
DA:63,0
DA:65,0
DA:65,0
DA:66,0
DA:66,0
FN:69,DeployRoyaltyHandler.run
FNDA:0,DeployRoyaltyHandler.run
DA:70,0
DA:70,0
DA:73,0
DA:73,0
DA:73,0
DA:75,0
DA:75,0
DA:75,0
DA:87,0
DA:87,0
DA:88,0
DA:88,0
DA:92,0
DA:92,0
DA:94,0
DA:94,0
DA:95,0
DA:95,0
DA:97,0
DA:97,0
DA:99,0
DA:99,0
FNF:2
FNH:0
LF:14
LH:0
BRF:0
BRH:0
end_of_record
TN:
SF:script/deploy/unreal/DeployToUnreal.s.sol
FN:91,DeployToUnreal.setUp
FNDA:0,DeployToUnreal.setUp
DA:92,0
DA:92,0
DA:93,0
DA:93,0
FN:96,DeployToUnreal.run
FNDA:0,DeployToUnreal.run
DA:97,0
DA:97,0
DA:104,0
DA:104,0
DA:106,0
DA:106,0
DA:106,0
DA:112,0
DA:112,0
DA:113,0
DA:113,0
DA:117,0
DA:117,0
DA:119,0
DA:119,0
DA:119,0
DA:125,0
DA:125,0
DA:126,0
DA:126,0
DA:130,0
DA:130,0
DA:132,0
DA:132,0
DA:132,0
DA:141,0
DA:141,0
DA:142,0
DA:142,0
DA:146,0
DA:146,0
DA:148,0
DA:148,0
DA:148,0
DA:157,0
DA:157,0
DA:158,0
DA:158,0
DA:162,0
DA:162,0
DA:164,0
DA:164,0
DA:164,0
DA:172,0
DA:172,0
DA:173,0
DA:173,0
DA:177,0
DA:177,0
DA:179,0
DA:179,0
DA:179,0
DA:191,0
DA:191,0
DA:192,0
DA:192,0
DA:196,0
DA:196,0
DA:198,0
DA:198,0
DA:198,0
DA:206,0
DA:206,0
DA:207,0
DA:207,0
DA:211,0
DA:211,0
DA:213,0
DA:213,0
DA:215,0
DA:215,0
DA:215,0
DA:223,0
DA:223,0
DA:224,0
DA:224,0
DA:228,0
DA:228,0
DA:230,0
DA:230,0
DA:230,0
DA:239,0
DA:239,0
DA:240,0
DA:240,0
DA:248,0
DA:248,0
DA:251,0
DA:251,0
DA:254,0
DA:254,0
DA:256,0
DA:256,0
DA:257,0
DA:257,0
DA:258,0
DA:258,0
DA:259,0
DA:259,0
DA:261,0
DA:261,0
DA:267,0
DA:267,0
DA:268,0
DA:268,0
DA:269,0
DA:269,0
DA:271,0
DA:271,0
DA:274,0
DA:274,0
DA:281,0
DA:281,0
DA:282,0
DA:282,0
DA:289,0
DA:289,0
DA:290,0
DA:290,0
DA:291,0
DA:291,0
DA:292,0
DA:292,0
DA:293,0
DA:293,0
DA:294,0
DA:294,0
DA:295,0
DA:295,0
DA:296,0
DA:296,0
DA:297,0
DA:297,0
DA:316,0
DA:316,0
FNF:2
FNH:0
LF:65
LH:0
BRF:0
BRH:0
end_of_record
TN:
SF:script/deploy/unreal/UpgradeAPI.s.sol
FN:32,UpgradeAPI.setUp
FNDA:0,UpgradeAPI.setUp
DA:33,0
DA:33,0
FN:36,UpgradeAPI.run
FNDA:0,UpgradeAPI.run
DA:37,0
DA:37,0
DA:40,0
DA:40,0
DA:40,0
DA:43,0
DA:43,0
DA:47,0
DA:47,0
DA:49,0
DA:49,0
FNF:2
FNH:0
LF:6
LH:0
BRF:0
BRH:0
end_of_record
TN:
SF:script/deploy/unreal/UpgradeRWAToken.s.sol
FN:33,UpgradeRWAToken.setUp
FNDA:0,UpgradeRWAToken.setUp
DA:34,0
DA:34,0
DA:35,0
DA:35,0
DA:36,0
DA:36,0
FN:39,UpgradeRWAToken.run
FNDA:0,UpgradeRWAToken.run
DA:40,0
DA:40,0
DA:42,0
DA:42,0
DA:42,0
DA:43,0
DA:43,0
DA:45,0
DA:45,0
DA:47,0
DA:47,0
FNF:2
FNH:0
LF:8
LH:0
BRF:0
BRH:0
end_of_record
TN:
SF:script/deploy/unreal/UpgradeRWAVotingEscrow.s.sol
FN:40,UpgradeRWAVotingEscrow.setUp
FNDA:0,UpgradeRWAVotingEscrow.setUp
DA:41,0
DA:41,0
DA:42,0
DA:42,0
DA:44,0
DA:44,0
DA:45,0
DA:45,0
FN:48,UpgradeRWAVotingEscrow.run
FNDA:0,UpgradeRWAVotingEscrow.run
DA:49,0
DA:49,0
DA:51,0
DA:51,0
DA:51,0
DA:52,0
DA:52,0
DA:54,0
DA:54,0
FNF:2
FNH:0
LF:8
LH:0
BRF:0
BRH:0
end_of_record
TN:
SF:script/deploy/unreal/UpgradeRealReceiver.s.sol
FN:33,UpgradeRealReceiver.setUp
FNDA:0,UpgradeRealReceiver.setUp
DA:34,0
DA:34,0
DA:35,0
DA:35,0
DA:36,0
DA:36,0
FN:39,UpgradeRealReceiver.run
FNDA:0,UpgradeRealReceiver.run
DA:40,0
DA:40,0
DA:42,0
DA:42,0
DA:42,0
DA:43,0
DA:43,0
DA:45,0
DA:45,0
FNF:2
FNH:0
LF:7
LH:0
BRF:0
BRH:0
end_of_record
TN:
SF:script/deploy/unreal/UpgradeRevDistributor.s.sol
FN:40,UpgradeRevDistributor.setUp
FNDA:0,UpgradeRevDistributor.setUp
DA:41,0
DA:41,0
DA:42,0
DA:42,0
DA:44,0
DA:44,0
FN:47,UpgradeRevDistributor.run
FNDA:0,UpgradeRevDistributor.run
DA:48,0
DA:48,0
DA:50,0
DA:50,0
DA:50,0
DA:51,0
DA:51,0
DA:53,0
DA:53,0
FNF:2
FNH:0
LF:7
LH:0
BRF:0
BRH:0
end_of_record
TN:
SF:script/deploy/unreal/UpgradeRevStreamETH.s.sol
FN:33,UpgradeRevStreamETH.setUp
FNDA:0,UpgradeRevStreamETH.setUp
DA:34,0
DA:34,0
FN:37,UpgradeRevStreamETH.run
FNDA:0,UpgradeRevStreamETH.run
DA:38,0
DA:38,0
DA:40,0
DA:40,0
DA:41,0
DA:41,0
DA:43,0
DA:43,0
DA:45,0
DA:45,0
FNF:2
FNH:0
LF:6
LH:0
BRF:0
BRH:0
end_of_record
TN:
SF:script/deploy/unreal/UpgradeRoyaltyHandler.s.sol
FN:33,UpgradeRoyaltyHandler.setUp
FNDA:0,UpgradeRoyaltyHandler.setUp
DA:34,0
DA:34,0
DA:35,0
DA:35,0
DA:36,0
DA:36,0
FN:39,UpgradeRoyaltyHandler.run
FNDA:0,UpgradeRoyaltyHandler.run
DA:40,0
DA:40,0
DA:42,0
DA:42,0
DA:42,0
DA:43,0
DA:43,0
DA:45,0
DA:45,0
FNF:2
FNH:0
LF:7
LH:0
BRF:0
BRH:0
end_of_record
TN:
SF:script/read/unreal/GetCaviarDepositFee.s.sol
FN:29,GetCaviarDepositFee.setUp
FNDA:0,GetCaviarDepositFee.setUp
DA:30,0
DA:30,0
FN:33,GetCaviarDepositFee.run
FNDA:0,GetCaviarDepositFee.run
DA:34,0
DA:34,0
DA:36,0
DA:36,0
DA:36,0
DA:38,0
DA:38,0
DA:40,0
DA:40,0
FNF:2
FNH:0
LF:5
LH:0
BRF:0
BRH:0
end_of_record
TN:
SF:script/read/unreal/GetNFTData.s.sol
FN:32,GetNFTData.setUp
FNDA:0,GetNFTData.setUp
DA:33,0
DA:33,0
FN:36,GetNFTData.run
FNDA:0,GetNFTData.run
DA:37,0
DA:37,0
DA:39,0
DA:39,0
DA:39,0
DA:41,0
DA:41,0
FNF:2
FNH:0
LF:4
LH:0
BRF:0
BRH:0
end_of_record
TN:
SF:script/write/mumbai/MigrateNFT.s.sol
FN:54,MigrateNFT.setUp
FNDA:0,MigrateNFT.setUp
DA:55,0
DA:55,0
FN:58,MigrateNFT.run
FNDA:0,MigrateNFT.run
DA:59,0
DA:59,0
DA:61,0
DA:61,0
DA:66,0
DA:66,0
DA:68,0
DA:68,0
DA:69,0
DA:69,0
DA:70,0
DA:70,0
DA:71,0
DA:71,0
DA:72,0
DA:72,0
DA:73,0
DA:73,0
DA:74,0
DA:74,0
DA:76,0
DA:76,0
DA:79,0
DA:79,0
DA:79,0
DA:81,0
DA:81,0
DA:90,0
DA:90,0
DA:101,0
DA:101,0
DA:102,0
DA:102,0
DA:110,0
DA:110,0
FNF:2
FNH:0
LF:18
LH:0
BRF:0
BRH:0
end_of_record
TN:
SF:script/write/mumbai/MigrateNFTBatch.s.sol
FN:54,MigrateNFTBatch.setUp
FNDA:0,MigrateNFTBatch.setUp
DA:55,0
DA:55,0
FN:58,MigrateNFTBatch.run
FNDA:0,MigrateNFTBatch.run
DA:59,0
DA:59,0
DA:61,0
DA:61,0
DA:61,0
DA:62,0
DA:62,0
DA:63,0
DA:63,0
DA:65,0
DA:65,0
DA:65,0
DA:66,0
DA:66,0
DA:66,0
DA:68,0
DA:68,0
DA:68,0
DA:69,0
DA:69,0
DA:69,0
DA:70,0
DA:70,0
DA:70,0
DA:71,0
DA:71,0
DA:71,0
DA:72,0
DA:72,0
DA:72,0
DA:74,0
DA:74,0
DA:74,0
DA:74,0
DA:75,0
DA:75,0
DA:82,0
DA:82,0
DA:83,0
DA:83,0
DA:85,0
DA:85,0
DA:86,0
DA:86,0
DA:87,0
DA:87,0
DA:88,0
DA:88,0
DA:89,0
DA:89,0
DA:90,0
DA:90,0
DA:93,0
DA:93,0
DA:96,0
DA:96,0
DA:96,0
DA:98,0
DA:98,0
DA:107,0
DA:107,0
DA:109,0
DA:109,0
DA:109,0
DA:109,0
DA:110,0
DA:110,0
DA:120,0
DA:120,0
FNF:2
FNH:0
LF:29
LH:0
BRF:0
BRH:0
end_of_record
TN:
SF:script/write/mumbai/MigrateTokens.s.sol
FN:47,MigrateTokens.setUp
FNDA:0,MigrateTokens.setUp
DA:48,0
DA:48,0
FN:51,MigrateTokens.run
FNDA:0,MigrateTokens.run
DA:52,0
DA:52,0
DA:54,0
DA:54,0
DA:56,0
DA:56,0
DA:59,0
DA:59,0
DA:59,0
DA:62,0
DA:62,0
DA:70,0
DA:70,0
DA:72,0
DA:72,0
DA:73,0
DA:73,0
DA:81,0
DA:81,0
FNF:2
FNH:0
LF:10
LH:0
BRF:0
BRH:0
end_of_record
TN:
SF:script/write/mumbai/SetTrustedRemote.s.sol
FN:42,SetTrustedRemote.setUp
FNDA:0,SetTrustedRemote.setUp
DA:43,0
DA:43,0
DA:44,0
DA:44,0
DA:45,0
DA:45,0
DA:46,0
DA:46,0
DA:48,0
DA:48,0
DA:49,0
DA:49,0
FN:52,SetTrustedRemote.run
FNDA:0,SetTrustedRemote.run
DA:53,0
DA:53,0
DA:55,0
DA:55,0
DA:56,0
DA:56,0
DA:58,0
DA:58,0
FNF:2
FNH:0
LF:10
LH:0
BRF:0
BRH:0
end_of_record
TN:
SF:script/write/mumbai/UpgradeMigrator.s.sol
FN:39,UpgradeMigrator.setUp
FNDA:0,UpgradeMigrator.setUp
DA:40,0
DA:40,0
FN:43,UpgradeMigrator.run
FNDA:0,UpgradeMigrator.run
DA:44,0
DA:44,0
DA:47,0
DA:47,0
DA:50,0
DA:50,0
DA:55,0
DA:55,0
FNF:2
FNH:0
LF:5
LH:0
BRF:0
BRH:0
end_of_record
TN:
SF:script/write/sepolia/SetTrustedRemoteOnReceiver.s.sol
FN:34,SetTrustedRemoteOnReceiver.setUp
FNDA:0,SetTrustedRemoteOnReceiver.setUp
DA:35,0
DA:35,0
FN:38,SetTrustedRemoteOnReceiver.run
FNDA:0,SetTrustedRemoteOnReceiver.run
DA:39,0
DA:39,0
DA:41,0
DA:41,0
DA:43,0
DA:43,0
FNF:2
FNH:0
LF:4
LH:0
BRF:0
BRH:0
end_of_record
TN:
SF:script/write/unreal/DistributeRevenue.s.sol
FN:68,DistributeRevenue.setUp
FNDA:0,DistributeRevenue.setUp
DA:69,0
DA:69,0
DA:70,0
DA:70,0
DA:72,0
DA:72,0
DA:73,0
DA:73,0
DA:74,0
DA:74,0
DA:76,0
DA:76,0
FN:79,DistributeRevenue.run
FNDA:0,DistributeRevenue.run
DA:80,0
DA:80,0
DA:82,0
DA:82,0
DA:82,0
DA:83,0
DA:83,0
DA:85,0
DA:85,0
DA:86,0
DA:86,0
DA:86,0
BRDA:86,0,0,-
BRDA:86,0,1,-
DA:88,0
DA:88,0
DA:88,0
DA:92,0
DA:92,0
DA:94,0
DA:94,0
DA:109,0
DA:109,0
DA:109,0
BRDA:109,1,0,-
BRDA:109,1,1,-
DA:111,0
DA:111,0
DA:111,0
DA:118,0
DA:118,0
DA:118,0
DA:119,0
DA:119,0
DA:121,0
DA:121,0
DA:122,0
DA:122,0
DA:133,0
DA:133,0
DA:134,0
DA:134,0
DA:139,0
DA:139,0
DA:139,0
DA:140,0
DA:140,0
DA:141,0
DA:141,0
DA:143,0
DA:143,0
DA:151,0
DA:151,0
DA:153,0
DA:153,0
FNF:2
FNH:0
LF:28
LH:0
BRF:4
BRH:0
end_of_record
TN:
SF:script/write/unreal/DistributeRevenue3.s.sol
FN:84,DistributeRevenue3.setUp
FNDA:0,DistributeRevenue3.setUp
DA:85,0
DA:85,0
DA:86,0
DA:86,0
FN:89,DistributeRevenue3.run
FNDA:0,DistributeRevenue3.run
DA:90,0
DA:90,0
DA:93,0
DA:93,0
DA:94,0
DA:94,0
DA:95,0
DA:95,0
DA:97,0
DA:97,0
DA:98,0
DA:98,0
DA:99,0
DA:99,0
DA:103,0
DA:103,0
DA:103,0
DA:114,0
DA:114,0
DA:115,0
DA:115,0
DA:127,0
DA:127,0
DA:128,0
DA:128,0
DA:134,0
DA:134,0
DA:134,0
DA:135,0
DA:135,0
DA:136,0
DA:136,0
DA:150,0
DA:150,0
DA:150,0
DA:155,0
DA:155,0
DA:158,0
DA:158,0
DA:159,0
DA:159,0
DA:172,0
DA:172,0
DA:172,0
DA:173,0
DA:173,0
DA:174,0
DA:174,0
DA:179,0
DA:179,0
DA:179,0
DA:180,0
DA:180,0
DA:181,0
DA:181,0
DA:182,0
DA:182,0
DA:184,0
DA:184,0
DA:184,0
DA:185,0
DA:185,0
DA:186,0
DA:186,0
DA:187,0
DA:187,0
DA:189,0
DA:189,0
DA:189,0
DA:190,0
DA:190,0
DA:191,0
DA:191,0
DA:192,0
DA:192,0
DA:194,0
DA:194,0
DA:194,0
DA:195,0
DA:195,0
DA:204,0
DA:204,0
DA:206,0
DA:206,0
DA:210,0
DA:210,0
DA:210,0
DA:217,0
DA:217,0
DA:218,0
DA:218,0
DA:219,0
DA:219,0
DA:221,0
DA:221,0
FNF:2
FNH:0
LF:45
LH:0
BRF:0
BRH:0
end_of_record
TN:
SF:script/write/unreal/DistributeRoyalties.s.sol
FN:34,DistributeRoyalties.setUp
FNDA:0,DistributeRoyalties.setUp
DA:35,0
DA:35,0
DA:36,0
DA:36,0
DA:38,0
DA:38,0
DA:39,0
DA:39,0
FN:42,DistributeRoyalties.run
FNDA:0,DistributeRoyalties.run
DA:43,0
DA:43,0
DA:45,0
DA:45,0
DA:45,0
DA:46,0
DA:46,0
DA:48,0
DA:48,0
DA:50,0
DA:50,0
DA:52,0
DA:52,0
FNF:2
FNH:0
LF:10
LH:0
BRF:0
BRH:0
end_of_record
TN:
SF:script/write/unreal/SetAMMPair.s.sol
FN:29,SetAMMPair.setUp
FNDA:0,SetAMMPair.setUp
DA:30,0
DA:30,0
DA:31,0
DA:31,0
DA:32,0
DA:32,0
FN:35,SetAMMPair.run
FNDA:0,SetAMMPair.run
DA:36,0
DA:36,0
DA:38,0
DA:38,0
DA:40,0
DA:40,0
FNF:2
FNH:0
LF:6
LH:0
BRF:0
BRH:0
end_of_record
TN:
SF:script/write/unreal/SetGaugeOnRoyaltyHandler.s.sol
FN:42,SetGaugeOnRoyaltyHandler.setUp
FNDA:0,SetGaugeOnRoyaltyHandler.setUp
DA:43,0
DA:43,0
DA:44,0
DA:44,0
DA:45,0
DA:45,0
FN:48,SetGaugeOnRoyaltyHandler.run
FNDA:0,SetGaugeOnRoyaltyHandler.run
DA:49,0
DA:49,0
DA:52,0
DA:52,0
DA:64,0
DA:64,0
DA:65,0
DA:65,0
DA:67,0
DA:67,0
FNF:2
FNH:0
LF:8
LH:0
BRF:0
BRH:0
end_of_record
TN:
SF:script/write/unreal/SetTrustedRemoteOnReceiver.s.sol
FN:33,SetTrustedRemoteOnReceiver.setUp
FNDA:0,SetTrustedRemoteOnReceiver.setUp
DA:34,0
DA:34,0
DA:35,0
DA:35,0
DA:36,0
DA:36,0
DA:37,0
DA:37,0
FN:40,SetTrustedRemoteOnReceiver.run
FNDA:0,SetTrustedRemoteOnReceiver.run
DA:41,0
DA:41,0
DA:43,0
DA:43,0
DA:45,0
DA:45,0
FNF:2
FNH:0
LF:7
LH:0
BRF:0
BRH:0
end_of_record
TN:
SF:script/write/unreal/UpdatePearlAddresses.s.sol
FN:57,UpdatePearlAddresses.setUp
FNDA:0,UpdatePearlAddresses.setUp
DA:58,0
DA:58,0
DA:59,0
DA:59,0
DA:61,0
DA:61,0
DA:62,0
DA:62,0
DA:64,0
DA:64,0
DA:65,0
DA:65,0
DA:67,0
DA:67,0
DA:68,0
DA:68,0
FN:71,UpdatePearlAddresses.run
FNDA:0,UpdatePearlAddresses.run
DA:72,0
DA:72,0
DA:74,0
DA:74,0
DA:75,0
DA:75,0
DA:76,0
DA:76,0
DA:82,0
DA:82,0
DA:83,0
DA:83,0
DA:84,0
DA:84,0
DA:85,0
DA:85,0
DA:88,0
DA:88,0
FNF:2
FNH:0
LF:17
LH:0
BRF:0
BRH:0
end_of_record
TN:
SF:src/CrossChainMigrator.sol
FN:140,CrossChainMigrator.
FNDA:13,CrossChainMigrator.
FN:156,CrossChainMigrator.initialize
FNDA:22,CrossChainMigrator.initialize
DA:164,22
DA:164,22
BRDA:164,0,0,-
BRDA:164,0,1,22
DA:165,22
DA:165,22
BRDA:165,1,0,-
BRDA:165,1,1,22
DA:167,22
DA:167,22
DA:168,22
DA:168,22
DA:169,22
DA:169,22
DA:171,22
DA:171,22
DA:173,22
DA:173,22
DA:174,22
DA:174,22
DA:175,22
DA:175,22
DA:177,22
DA:177,22
DA:180,22
DA:180,22
DA:182,22
DA:182,22
DA:183,22
DA:183,22
FN:203,CrossChainMigrator.migrateNFT
FNDA:5,CrossChainMigrator.migrateNFT
DA:210,5
DA:210,5
BRDA:210,2,0,1
BRDA:210,2,1,4
DA:210,1
DA:213,4
DA:213,4
DA:215,4
DA:215,4
DA:217,4
DA:217,4
DA:222,4
DA:222,4
DA:224,4
DA:224,4
DA:225,4
DA:225,4
DA:225,4
BRDA:225,3,0,-
BRDA:225,3,1,4
DA:227,0
DA:227,0
DA:231,4
DA:231,4
DA:235,4
DA:235,4
BRDA:235,4,0,1
BRDA:235,4,1,3
DA:236,1
DA:236,1
DA:239,3
DA:239,3
DA:239,3
DA:241,3
DA:241,3
BRDA:241,5,0,-
BRDA:241,5,1,3
DA:242,0
DA:242,0
DA:245,3
DA:245,3
DA:254,3
DA:254,3
FN:274,CrossChainMigrator.migrateNFTBatch
FNDA:3,CrossChainMigrator.migrateNFTBatch
DA:281,3
DA:281,3
BRDA:281,6,0,1
BRDA:281,6,1,2
DA:281,1
DA:283,2
DA:283,2
DA:283,2
DA:284,2
DA:284,2
DA:284,2
DA:286,2
DA:286,2
DA:286,22
DA:288,20
DA:288,20
DA:290,20
DA:290,20
DA:292,20
DA:292,20
DA:299,20
DA:299,20
DA:299,20
DA:301,20
DA:301,20
DA:301,20
BRDA:301,7,0,-
BRDA:301,7,1,-
DA:303,0
DA:303,0
DA:307,20
DA:307,20
DA:311,20
DA:311,20
BRDA:311,8,0,-
BRDA:311,8,1,-
DA:312,0
DA:312,0
DA:315,20
DA:315,20
DA:317,20
DA:317,20
BRDA:317,9,0,-
BRDA:317,9,1,-
DA:318,0
DA:318,0
DA:321,20
DA:321,20
DA:329,20
DA:329,20
DA:333,2
DA:333,2
DA:335,2
DA:335,2
FN:357,CrossChainMigrator.migrateTokens
FNDA:3,CrossChainMigrator.migrateTokens
DA:364,3
DA:364,3
BRDA:364,10,0,1
BRDA:364,10,1,2
DA:364,1
DA:365,2
DA:365,2
BRDA:365,11,0,-
BRDA:365,11,1,2
DA:367,2
DA:367,2
DA:369,2
DA:369,2
DA:371,2
DA:371,2
DA:371,2
DA:373,2
DA:373,2
DA:375,2
DA:375,2
FN:385,CrossChainMigrator.burnToken
FNDA:2,CrossChainMigrator.burnToken
DA:386,1
DA:386,1
BRDA:386,12,0,-
BRDA:386,12,1,1
DA:388,1
DA:388,1
DA:391,1
DA:391,1
DA:393,1
DA:393,1
DA:393,1
DA:395,1
DA:395,1
BRDA:395,13,0,-
BRDA:395,13,1,1
DA:397,1
DA:397,1
DA:397,1
DA:399,1
DA:399,1
BRDA:399,14,0,1
BRDA:399,14,1,-
DA:401,1
DA:401,1
DA:404,0
DA:404,0
DA:407,1
DA:407,1
DA:407,1
DA:408,1
DA:408,1
DA:408,1
DA:410,1
DA:410,1
BRDA:410,15,0,-
BRDA:410,15,1,-
DA:411,0
DA:411,0
DA:414,1
DA:414,1
FN:420,CrossChainMigrator.toggleMigration
FNDA:27,CrossChainMigrator.toggleMigration
DA:421,27
DA:421,27
DA:422,27
DA:422,27
FN:429,CrossChainMigrator.setTngblAddress
FNDA:3,CrossChainMigrator.setTngblAddress
DA:430,2
DA:430,2
DA:430,2
BRDA:430,16,0,1
BRDA:430,16,1,1
DA:430,1
DA:431,1
DA:431,1
FN:437,CrossChainMigrator.setPassiveIncomeCalculator
FNDA:3,CrossChainMigrator.setPassiveIncomeCalculator
DA:438,2
DA:438,2
DA:438,2
BRDA:438,17,0,1
BRDA:438,17,1,1
DA:438,1
DA:439,1
DA:439,1
FN:446,CrossChainMigrator.setPassiveIncomeNFTAddress
FNDA:3,CrossChainMigrator.setPassiveIncomeNFTAddress
DA:447,2
DA:447,2
DA:447,2
BRDA:447,18,0,1
BRDA:447,18,1,1
DA:447,1
DA:448,1
DA:448,1
FN:454,CrossChainMigrator.burnTngbl
FNDA:2,CrossChainMigrator.burnTngbl
DA:455,1
DA:455,1
FN:461,CrossChainMigrator.setReceiver
FNDA:3,CrossChainMigrator.setReceiver
DA:462,2
DA:462,2
DA:462,2
BRDA:462,19,0,1
BRDA:462,19,1,1
DA:462,1
DA:463,1
DA:463,1
FN:483,CrossChainMigrator.estimateMigrateTokensFee
FNDA:2,CrossChainMigrator.estimateMigrateTokensFee
DA:491,2
DA:491,2
DA:491,2
DA:492,2
DA:492,2
DA:492,2
FN:508,CrossChainMigrator.estimateMigrateNFTFee
FNDA:4,CrossChainMigrator.estimateMigrateNFTFee
DA:517,4
DA:517,4
DA:517,4
DA:518,4
DA:518,4
DA:518,4
FN:534,CrossChainMigrator.estimateMigrateNFTFee
FNDA:2,CrossChainMigrator.estimateMigrateNFTFee
DA:543,2
DA:543,2
DA:543,2
DA:544,2
DA:544,2
DA:544,2
FN:555,CrossChainMigrator._burnTngbl
FNDA:2,CrossChainMigrator._burnTngbl
DA:556,2
DA:556,2
DA:556,2
DA:558,2
DA:558,2
DA:559,2
DA:559,2
FN:574,CrossChainMigrator._checkAdapterParams
FNDA:8,CrossChainMigrator._checkAdapterParams
DA:575,8
BRDA:575,20,0,8
BRDA:575,20,1,-
DA:576,8
DA:576,8
DA:578,0
DA:578,0
BRDA:578,21,0,-
BRDA:578,21,1,-
FN:589,CrossChainMigrator._nonblockingLzReceive
FNDA:0,CrossChainMigrator._nonblockingLzReceive
DA:591,0
DA:591,0
BRDA:591,22,0,-
BRDA:591,22,1,-
FN:597,CrossChainMigrator._authorizeUpgrade
FNDA:0,CrossChainMigrator._authorizeUpgrade
FNF:19
FNH:17
LF:94
LH:85
BRF:46
BRH:25
end_of_record
TN:
SF:src/Marketplace.sol
FN:124,Marketplace.
FNDA:0,Marketplace.
DA:125,0
DA:125,0
FN:133,Marketplace.initialize
FNDA:23,Marketplace.initialize
DA:139,23
DA:139,23
DA:140,23
DA:140,23
DA:141,23
DA:141,23
DA:143,23
DA:143,23
DA:144,23
DA:144,23
DA:146,23
DA:146,23
DA:148,23
DA:148,23
DA:148,23
BRDA:148,0,0,23
BRDA:148,0,1,23
DA:149,23
DA:149,23
DA:150,23
DA:150,23
DA:152,23
DA:152,23
DA:153,23
DA:153,23
DA:154,23
DA:154,23
FN:181,Marketplace.listMarketItem
FNDA:540,Marketplace.listMarketItem
DA:182,540
DA:182,540
DA:182,540
DA:182,261
DA:182,261
BRDA:182,1,0,1
BRDA:182,1,1,539
DA:182,1
DA:183,539
DA:183,539
DA:183,539
DA:185,539
DA:185,539
DA:185,539
BRDA:184,2,0,1
BRDA:184,2,1,538
DA:187,1
DA:187,1
DA:189,538
DA:189,538
DA:191,538
DA:191,538
BRDA:191,3,0,-
BRDA:191,3,1,536
DA:192,536
DA:192,536
DA:193,536
DA:193,536
DA:194,536
DA:194,536
DA:196,536
DA:196,536
DA:198,536
DA:198,536
DA:201,2
DA:201,2
DA:202,2
DA:202,2
DA:205,538
DA:205,538
FN:227,Marketplace.delistMarketItem
FNDA:3,Marketplace.delistMarketItem
DA:228,3
DA:228,3
DA:229,3
DA:229,3
DA:231,3
DA:231,3
DA:231,3
DA:231,2
BRDA:231,4,0,1
BRDA:231,4,1,2
DA:231,1
DA:232,2
DA:232,2
BRDA:232,5,0,1
BRDA:232,5,1,1
DA:232,1
DA:234,1
DA:234,1
DA:235,1
DA:235,1
FN:256,Marketplace.purchaseMarketItem
FNDA:522,Marketplace.purchaseMarketItem
DA:257,522
DA:257,522
DA:259,522
DA:259,522
DA:259,522
DA:259,520
BRDA:259,6,0,2
BRDA:259,6,1,520
DA:259,2
DA:261,520
DA:261,520
DA:262,520
DA:262,520
DA:263,520
DA:263,520
DA:264,520
DA:264,520
DA:266,520
DA:266,520
BRDA:266,7,0,2
BRDA:266,7,1,518
DA:266,2
DA:268,518
DA:268,518
DA:269,518
DA:269,518
BRDA:269,8,0,258
BRDA:269,8,1,258
DA:270,518
DA:270,518
DA:270,518
BRDA:270,9,0,-
BRDA:270,9,1,258
DA:271,259
DA:271,259
BRDA:271,10,0,1
BRDA:271,10,1,258
DA:271,1
DA:273,258
DA:273,258
DA:274,258
DA:274,258
DA:274,258
DA:276,258
DA:276,258
DA:277,258
DA:277,258
BRDA:277,11,0,-
BRDA:277,11,1,258
DA:278,258
DA:278,258
DA:279,258
DA:279,258
BRDA:279,12,0,-
BRDA:279,12,1,258
DA:279,0
DA:281,258
DA:281,258
DA:282,258
DA:282,258
BRDA:282,13,0,-
BRDA:282,13,1,258
DA:282,0
DA:285,259
DA:285,259
DA:285,259
DA:287,258
DA:287,258
DA:288,258
DA:288,258
DA:288,258
DA:290,258
DA:290,258
BRDA:290,14,0,258
BRDA:290,14,1,258
DA:291,258
DA:291,258
DA:293,258
DA:293,258
DA:297,516
DA:297,516
DA:298,516
DA:298,516
FN:312,Marketplace.addPaymentToken
FNDA:4,Marketplace.addPaymentToken
DA:313,3
DA:313,3
DA:314,2
BRDA:314,15,0,1
BRDA:314,15,1,1
DA:314,1
DA:315,1
DA:315,1
DA:316,1
DA:316,1
DA:317,1
DA:317,1
FN:329,Marketplace.removePaymentToken
FNDA:4,Marketplace.removePaymentToken
DA:330,3
DA:330,3
DA:331,2
DA:331,2
BRDA:331,16,0,1
BRDA:331,16,1,1
DA:331,1
DA:333,1
DA:333,1
DA:334,1
DA:334,1
DA:336,1
DA:336,1
DA:337,1
DA:337,1
DA:337,2
DA:337,1
DA:338,1
DA:338,1
BRDA:338,17,0,-
BRDA:338,17,1,1
DA:339,1
DA:339,1
DA:340,1
DA:340,1
FN:353,Marketplace.setFee
FNDA:3,Marketplace.setFee
DA:354,2
DA:354,2
DA:355,1
DA:355,1
DA:356,1
DA:356,1
FN:368,Marketplace.setRevDistributor
FNDA:4,Marketplace.setRevDistributor
DA:369,3
DA:369,3
DA:370,2
DA:370,2
DA:371,1
DA:371,1
DA:372,1
DA:372,1
FN:378,Marketplace.getPaymentTokens
FNDA:4,Marketplace.getPaymentTokens
DA:379,4
DA:379,4
FN:385,Marketplace.getMarketItem
FNDA:0,Marketplace.getMarketItem
DA:386,0
DA:386,0
FN:399,Marketplace.fetchMarketItems
FNDA:6,Marketplace.fetchMarketItems
DA:404,6
DA:404,6
DA:404,6
DA:410,6
DA:410,6
DA:411,6
DA:411,6
DA:412,6
DA:412,6
DA:412,19
DA:412,13
DA:413,13
DA:413,13
DA:414,13
DA:414,13
FN:424,Marketplace.fetchItems
FNDA:0,Marketplace.fetchItems
DA:429,0
DA:429,0
DA:430,0
DA:430,0
BRDA:430,18,0,-
BRDA:430,18,1,-
DA:431,0
DA:431,0
DA:432,0
DA:432,0
DA:432,0
DA:432,0
DA:433,0
DA:433,0
FN:452,Marketplace._removeListing
FNDA:517,Marketplace._removeListing
DA:454,517
DA:454,517
DA:455,517
DA:455,517
DA:457,517
DA:457,517
DA:459,517
DA:459,517
FN:473,Marketplace._countRemainingItems
FNDA:6,Marketplace._countRemainingItems
DA:479,6
DA:479,6
DA:482,6
DA:482,6
DA:483,6
DA:483,6
DA:483,19
DA:483,19
DA:483,18
DA:483,13
DA:484,13
DA:484,13
DA:485,13
DA:485,13
FN:506,Marketplace._pullTokens
FNDA:259,Marketplace._pullTokens
DA:510,259
DA:510,259
DA:510,259
DA:511,259
DA:511,259
DA:512,258
DA:512,258
FN:519,Marketplace._authorizeUpgrade
FNDA:0,Marketplace._authorizeUpgrade
FNF:17
FNH:13
LF:106
LH:99
BRF:38
BRH:30
end_of_record
TN:
SF:src/RWAToken.sol
FN:110,RWAToken.
FNDA:1582,RWAToken.
DA:111,926
DA:111,926
FN:123,RWAToken.initialize
FNDA:164,RWAToken.initialize
DA:126,164
DA:126,164
BRDA:126,0,0,1
BRDA:126,0,1,163
DA:128,163
DA:128,163
DA:129,163
DA:129,163
DA:130,163
DA:130,163
DA:132,163
DA:132,163
DA:133,163
DA:133,163
DA:134,163
DA:134,163
DA:136,163
DA:136,163
FN:148,RWAToken.updateFee
FNDA:3,RWAToken.updateFee
DA:149,2
DA:149,2
BRDA:149,1,0,1
BRDA:149,1,1,1
DA:150,1
DA:150,1
DA:151,1
DA:151,1
FN:158,RWAToken.setRoyaltyHandler
FNDA:80,RWAToken.setRoyaltyHandler
DA:159,79
DA:159,79
DA:159,79
BRDA:159,2,0,1
BRDA:159,2,1,78
DA:159,1
DA:161,78
DA:161,78
DA:161,78
BRDA:161,3,0,1
BRDA:161,3,1,78
DA:162,1
DA:162,1
DA:163,1
DA:163,1
DA:166,78
DA:166,78
DA:167,78
DA:167,78
DA:169,78
DA:169,78
FN:176,RWAToken.setReceiver
FNDA:165,RWAToken.setReceiver
DA:177,164
DA:177,164
DA:177,164
BRDA:177,4,0,1
BRDA:177,4,1,163
DA:177,1
DA:179,163
DA:179,163
DA:179,163
BRDA:179,5,0,1
BRDA:179,5,1,163
DA:180,1
DA:180,1
DA:181,1
DA:181,1
DA:184,163
DA:184,163
DA:185,163
DA:185,163
DA:187,163
DA:187,163
FN:194,RWAToken.setVotingEscrowRWA
FNDA:165,RWAToken.setVotingEscrowRWA
DA:195,164
DA:195,164
DA:195,164
BRDA:195,6,0,1
BRDA:195,6,1,163
DA:195,1
DA:197,163
DA:197,163
DA:197,163
BRDA:197,7,0,1
BRDA:197,7,1,163
DA:198,1
DA:198,1
DA:199,1
DA:199,1
DA:200,1
DA:200,1
DA:203,163
DA:203,163
DA:204,163
DA:204,163
DA:205,163
DA:205,163
DA:207,163
DA:207,163
FN:215,RWAToken.setAutomatedMarketMakerPair
FNDA:55,RWAToken.setAutomatedMarketMakerPair
DA:216,54
DA:216,54
DA:216,54
BRDA:216,8,0,1
BRDA:216,8,1,53
DA:216,1
DA:217,53
DA:217,53
FN:226,RWAToken.excludeFromFees
FNDA:221,RWAToken.excludeFromFees
DA:227,221
DA:227,221
DA:228,221
DA:228,221
FN:236,RWAToken.modifyBlacklist
FNDA:6,RWAToken.modifyBlacklist
DA:237,5
DA:237,5
DA:237,5
BRDA:237,9,0,1
BRDA:237,9,1,4
DA:237,1
DA:238,4
DA:238,4
DA:239,4
DA:239,4
FN:246,RWAToken.burn
FNDA:525,RWAToken.burn
DA:247,525
DA:247,525
BRDA:247,10,0,1
BRDA:247,10,1,524
DA:247,1
DA:248,524
DA:248,524
FN:255,RWAToken.mint
FNDA:26,RWAToken.mint
DA:256,26
DA:256,26
BRDA:256,11,0,1
BRDA:256,11,1,25
DA:256,1
DA:257,25
DA:257,25
FN:265,RWAToken.mintFor
FNDA:1221,RWAToken.mintFor
DA:266,1221
DA:266,1221
BRDA:266,12,0,1
BRDA:266,12,1,1220
DA:266,1
DA:267,1220
DA:267,1220
FN:283,RWAToken._update
FNDA:5568,RWAToken._update
DA:288,5568
DA:288,5568
DA:288,2
DA:288,2
BRDA:288,13,0,1
BRDA:288,13,1,5567
DA:288,1
DA:289,5567
BRDA:289,14,0,1
BRDA:289,14,1,5566
DA:289,1
DA:291,5566
DA:291,5566
DA:291,5566
DA:291,5566
DA:293,5566
DA:293,5566
BRDA:293,15,0,1
BRDA:293,15,1,779
DA:296,2073
DA:296,2073
BRDA:296,16,0,1
BRDA:296,16,1,779
DA:297,780
DA:297,780
DA:299,780
DA:299,780
DA:300,780
DA:300,780
DA:302,780
DA:302,780
DA:302,780
BRDA:302,17,0,1
BRDA:302,17,1,779
DA:302,1
DA:303,779
DA:303,779
DA:307,5565
DA:307,5565
DA:308,5564
DA:308,5564
DA:308,5564
BRDA:308,18,0,1
BRDA:308,18,1,5563
DA:308,1
FN:316,RWAToken._setAutomatedMarketMakerPair
FNDA:53,RWAToken._setAutomatedMarketMakerPair
DA:317,53
DA:317,53
BRDA:317,19,0,1
BRDA:317,19,1,52
DA:319,52
DA:319,52
DA:320,52
DA:320,52
FN:327,RWAToken._authorizeUpgrade
FNDA:0,RWAToken._authorizeUpgrade
FNF:15
FNH:14
LF:63
LH:63
BRF:40
BRH:40
end_of_record
TN:
SF:src/RealReceiver.sol
FN:80,RealReceiver.
FNDA:0,RealReceiver.
FN:94,RealReceiver.initialize
FNDA:70,RealReceiver.initialize
DA:100,70
DA:100,70
BRDA:100,0,0,-
BRDA:100,0,1,70
DA:101,70
DA:101,70
BRDA:101,1,0,-
BRDA:101,1,1,70
DA:103,70
DA:103,70
DA:104,70
DA:104,70
DA:105,70
DA:105,70
DA:107,70
DA:107,70
DA:108,70
DA:108,70
DA:109,70
DA:109,70
FN:121,RealReceiver.setVotingEscrowRWA
FNDA:0,RealReceiver.setVotingEscrowRWA
DA:122,0
DA:122,0
BRDA:122,2,0,-
BRDA:122,2,1,-
DA:123,0
DA:123,0
FN:130,RealReceiver.setRwaToken
FNDA:0,RealReceiver.setRwaToken
DA:131,0
DA:131,0
BRDA:131,3,0,-
BRDA:131,3,1,-
DA:132,0
DA:132,0
FN:145,RealReceiver._nonblockingLzReceive
FNDA:7,RealReceiver._nonblockingLzReceive
DA:151,7
DA:151,7
DA:154,7
DA:154,7
DA:157,7
DA:157,7
BRDA:157,4,0,3
BRDA:157,4,1,4
DA:157,3
DA:158,4
DA:158,4
BRDA:158,5,0,2
BRDA:158,5,1,2
DA:158,2
DA:159,2
DA:159,2
BRDA:159,6,0,2
BRDA:159,6,1,-
DA:159,2
DA:160,0
DA:160,0
FN:167,RealReceiver._migrateNFT
FNDA:3,RealReceiver._migrateNFT
DA:168,3
DA:168,3
DA:169,3
DA:169,3
DA:171,3
DA:171,3
DA:171,3
DA:172,3
DA:172,3
DA:174,1
DA:174,1
FN:181,RealReceiver._migrateNFTBatch
FNDA:2,RealReceiver._migrateNFTBatch
DA:182,2
DA:182,2
DA:183,2
DA:183,2
DA:185,2
DA:185,2
DA:185,2
DA:186,2
DA:186,2
DA:188,2
DA:188,2
FN:195,RealReceiver._migrateTokens
FNDA:2,RealReceiver._migrateTokens
DA:196,2
DA:196,2
DA:197,2
DA:197,2
DA:199,2
DA:199,2
DA:199,2
DA:200,2
DA:200,2
DA:202,2
DA:202,2
FN:208,RealReceiver._authorizeUpgrade
FNDA:0,RealReceiver._authorizeUpgrade
FNF:9
FNH:5
LF:33
LH:28
BRF:14
BRH:7
end_of_record
TN:
SF:src/RevenueDistributor.sol
FN:56,RevenueDistributor.isDistributor
FNDA:1,RevenueDistributor.isDistributor
DA:57,1
DA:57,1
BRDA:57,0,0,-
BRDA:57,0,1,2
FN:106,RevenueDistributor.
FNDA:0,RevenueDistributor.
DA:107,0
DA:107,0
FN:121,RevenueDistributor.initialize
FNDA:117,RevenueDistributor.initialize
DA:126,117
DA:126,117
BRDA:126,1,0,-
BRDA:126,1,1,117
DA:127,117
DA:127,117
BRDA:127,2,0,-
BRDA:127,2,1,117
DA:129,117
DA:129,117
DA:130,117
DA:130,117
DA:132,117
DA:132,117
DA:133,117
DA:133,117
FN:157,RevenueDistributor.convertRewardToken
FNDA:2,RevenueDistributor.convertRewardToken
DA:163,2
DA:163,2
BRDA:163,3,0,-
BRDA:163,3,1,2
DA:164,2
DA:164,2
BRDA:164,4,0,-
BRDA:164,4,1,2
DA:166,2
DA:166,2
DA:166,2
DA:167,2
DA:167,2
BRDA:167,5,0,-
BRDA:167,5,1,2
DA:169,2
DA:169,2
DA:170,2
DA:170,2
BRDA:170,6,0,-
BRDA:170,6,1,2
DA:172,2
DA:172,2
DA:172,2
DA:173,2
DA:173,2
BRDA:173,7,0,-
BRDA:173,7,1,2
DA:175,2
DA:175,2
FN:187,RevenueDistributor.convertRewardTokenBatch
FNDA:1,RevenueDistributor.convertRewardTokenBatch
DA:193,1
DA:193,1
DA:194,1
DA:194,1
BRDA:194,8,0,-
BRDA:194,8,1,1
DA:195,1
DA:195,1
BRDA:195,9,0,-
BRDA:195,9,1,1
DA:196,1
DA:196,1
BRDA:196,10,0,-
BRDA:196,10,1,1
DA:197,1
DA:197,1
DA:199,1
DA:199,1
DA:200,1
DA:200,1
DA:200,4
DA:202,3
DA:202,3
DA:203,3
DA:203,3
DA:205,3
DA:205,3
BRDA:205,11,0,-
BRDA:205,11,1,3
DA:206,3
DA:206,3
BRDA:206,12,0,-
BRDA:206,12,1,3
DA:207,3
DA:207,3
DA:207,3
DA:208,3
DA:208,3
BRDA:208,13,0,-
BRDA:208,13,1,3
DA:210,3
DA:210,3
DA:210,3
DA:211,3
DA:211,3
BRDA:211,14,0,-
BRDA:211,14,1,3
DA:213,3
DA:213,3
DA:214,3
DA:214,3
DA:217,3
DA:217,3
DA:221,1
DA:221,1
BRDA:221,15,0,-
BRDA:221,15,1,1
DA:222,1
DA:222,1
FN:228,RevenueDistributor.distributeETH
FNDA:0,RevenueDistributor.distributeETH
DA:229,0
DA:229,0
FN:237,RevenueDistributor.setDistributor
FNDA:49,RevenueDistributor.setDistributor
DA:238,49
DA:238,49
FN:244,RevenueDistributor.setWeth
FNDA:0,RevenueDistributor.setWeth
DA:245,0
DA:245,0
FN:253,RevenueDistributor.updateRevenueStream
FNDA:66,RevenueDistributor.updateRevenueStream
DA:254,66
DA:254,66
BRDA:254,16,0,-
BRDA:254,16,1,66
DA:255,66
DA:255,66
FN:262,RevenueDistributor.addRevenueToken
FNDA:197,RevenueDistributor.addRevenueToken
DA:263,197
DA:263,197
BRDA:263,17,0,-
BRDA:263,17,1,197
DA:265,197
DA:265,197
DA:266,197
DA:266,197
DA:268,197
DA:268,197
FN:275,RevenueDistributor.removeRevenueToken
FNDA:0,RevenueDistributor.removeRevenueToken
DA:276,0
DA:276,0
BRDA:276,18,0,-
BRDA:276,18,1,-
DA:278,0
DA:278,0
DA:279,0
DA:279,0
DA:281,0
DA:281,0
DA:281,0
DA:282,0
DA:282,0
BRDA:282,19,0,-
BRDA:282,19,1,-
DA:283,0
DA:283,0
DA:284,0
DA:284,0
DA:285,0
DA:285,0
DA:288,0
DA:288,0
DA:292,0
DA:292,0
FN:307,RevenueDistributor.setSelectorForTarget
FNDA:196,RevenueDistributor.setSelectorForTarget
DA:308,196
DA:308,196
FN:317,RevenueDistributor.checker
FNDA:0,RevenueDistributor.checker
DA:318,0
DA:318,0
DA:319,0
DA:319,0
FN:325,RevenueDistributor.getRevenueTokensArray
FNDA:0,RevenueDistributor.getRevenueTokensArray
DA:326,0
DA:326,0
FN:337,RevenueDistributor._distributeETH
FNDA:3,RevenueDistributor._distributeETH
DA:338,3
DA:338,3
DA:339,3
DA:339,3
DA:340,3
DA:340,3
FN:353,RevenueDistributor._convertToken
FNDA:5,RevenueDistributor._convertToken
DA:359,5
DA:359,5
DA:359,5
DA:361,5
DA:361,5
BRDA:361,20,0,-
BRDA:361,20,1,5
DA:363,5
DA:363,5
DA:364,5
DA:364,5
DA:364,5
DA:365,5
DA:365,5
BRDA:365,21,0,-
BRDA:365,21,1,5
DA:366,5
DA:366,5
DA:368,5
DA:368,5
DA:368,5
DA:369,5
DA:369,5
DA:371,5
DA:371,5
BRDA:371,22,0,-
BRDA:371,22,1,5
DA:373,5
DA:373,5
DA:375,5
DA:375,5
FN:382,RevenueDistributor._authorizeUpgrade
FNDA:0,RevenueDistributor._authorizeUpgrade
FNF:17
FNH:10
LF:74
LH:58
BRF:46
BRH:21
end_of_record
TN:
SF:src/RevenueStreamETH.sol
FN:94,RevenueStreamETH.
FNDA:0,RevenueStreamETH.
DA:95,0
DA:95,0
FN:109,RevenueStreamETH.initialize
FNDA:66,RevenueStreamETH.initialize
DA:114,66
DA:114,66
BRDA:114,0,0,-
BRDA:114,0,1,66
DA:115,66
DA:115,66
BRDA:115,1,0,-
BRDA:115,1,1,66
DA:116,66
DA:116,66
BRDA:116,2,0,-
BRDA:116,2,1,66
DA:118,66
DA:118,66
DA:119,66
DA:119,66
DA:120,66
DA:120,66
DA:122,66
DA:122,66
DA:123,66
DA:123,66
DA:125,66
DA:125,66
DA:126,66
DA:126,66
FN:138,RevenueStreamETH.depositETH
FNDA:61,RevenueStreamETH.depositETH
DA:139,61
DA:139,61
BRDA:139,3,0,1
BRDA:139,3,1,60
DA:140,60
DA:140,60
BRDA:140,4,0,-
BRDA:140,4,1,60
DA:142,60
DA:142,60
BRDA:142,5,0,60
BRDA:142,5,1,-
DA:143,60
DA:143,60
DA:144,60
DA:144,60
DA:149,0
DA:149,0
DA:152,60
DA:152,60
FN:159,RevenueStreamETH.claimETH
FNDA:22,RevenueStreamETH.claimETH
DA:160,22
DA:160,22
FN:169,RevenueStreamETH.claimETHIncrement
FNDA:10,RevenueStreamETH.claimETHIncrement
DA:170,32
DA:170,32
BRDA:170,6,0,-
BRDA:170,6,1,32
DA:171,32
DA:171,32
BRDA:171,7,0,-
BRDA:171,7,1,32
DA:173,32
DA:173,32
DA:173,32
DA:175,32
DA:175,32
DA:176,32
DA:176,32
DA:177,32
DA:177,32
DA:178,32
DA:178,32
DA:180,32
DA:180,32
DA:181,32
DA:181,32
BRDA:181,8,0,-
BRDA:181,8,1,32
DA:183,32
DA:183,32
DA:185,32
DA:185,32
DA:185,74
DA:186,42
DA:186,42
DA:188,42
DA:188,42
DA:192,32
DA:192,32
DA:192,32
DA:193,32
DA:193,32
BRDA:193,9,0,-
BRDA:193,9,1,32
DA:193,0
DA:195,32
DA:195,32
FN:204,RevenueStreamETH.skimExpiredRevenue
FNDA:14,RevenueStreamETH.skimExpiredRevenue
DA:205,14
DA:205,14
DA:205,14
FN:214,RevenueStreamETH.skimExpiredRevenueIncrement
FNDA:4,RevenueStreamETH.skimExpiredRevenueIncrement
DA:215,4
DA:215,4
BRDA:215,10,0,-
BRDA:215,10,1,4
DA:216,4
DA:216,4
DA:216,4
FN:223,RevenueStreamETH.setExpirationForRevenue
FNDA:0,RevenueStreamETH.setExpirationForRevenue
DA:224,0
DA:224,0
FN:232,RevenueStreamETH.claimable
FNDA:99,RevenueStreamETH.claimable
DA:233,99
DA:233,99
FN:242,RevenueStreamETH.claimableIncrement
FNDA:14,RevenueStreamETH.claimableIncrement
DA:243,14
DA:243,14
FN:250,RevenueStreamETH.expiredRevenue
FNDA:56,RevenueStreamETH.expiredRevenue
DA:251,56
DA:251,56
FN:259,RevenueStreamETH.expiredRevenueIncrement
FNDA:16,RevenueStreamETH.expiredRevenueIncrement
DA:260,16
DA:260,16
FN:266,RevenueStreamETH.getCyclesArray
FNDA:5,RevenueStreamETH.getCyclesArray
DA:267,5
DA:267,5
FN:273,RevenueStreamETH.getContractBalanceETH
FNDA:0,RevenueStreamETH.getContractBalanceETH
DA:274,0
DA:274,0
FN:286,RevenueStreamETH.currentCycle
FNDA:0,RevenueStreamETH.currentCycle
DA:287,92
DA:287,92
FN:298,RevenueStreamETH._skimExpiredRevenue
FNDA:18,RevenueStreamETH._skimExpiredRevenue
DA:299,18
DA:299,18
DA:300,18
DA:300,18
DA:301,18
DA:301,18
DA:303,18
DA:303,18
DA:304,18
DA:304,18
BRDA:304,11,0,4
BRDA:304,11,1,14
DA:306,14
DA:306,14
DA:309,14
DA:309,14
DA:309,30
DA:310,16
DA:310,16
DA:312,16
DA:312,16
DA:317,14
DA:317,14
DA:317,14
DA:318,14
DA:318,14
BRDA:318,12,0,-
BRDA:318,12,1,14
DA:318,0
DA:320,14
DA:320,14
FN:328,RevenueStreamETH._claimable
FNDA:145,RevenueStreamETH._claimable
DA:338,145
DA:338,145
DA:339,145
DA:339,145
DA:341,145
DA:341,145
DA:342,145
DA:342,145
DA:344,145
DA:344,145
DA:344,145
DA:344,344
DA:344,199
DA:345,219
DA:345,219
DA:346,219
DA:346,219
DA:348,219
DA:348,219
DA:348,219
DA:349,219
DA:349,219
DA:349,219
DA:351,219
DA:351,219
DA:351,219
DA:351,219
BRDA:351,13,0,-
BRDA:351,13,1,191
DA:352,191
DA:352,191
DA:352,191
DA:353,191
DA:353,191
DA:355,191
DA:355,191
DA:356,191
DA:356,191
DA:357,191
DA:357,191
DA:361,219
DA:361,219
DA:362,219
DA:362,219
BRDA:362,14,0,20
BRDA:362,14,1,199
DA:362,20
FN:374,RevenueStreamETH._checkForExpiredRevenue
FNDA:90,RevenueStreamETH._checkForExpiredRevenue
DA:375,90
DA:375,90
DA:376,90
DA:376,90
DA:378,90
DA:378,90
DA:378,90
DA:378,164
DA:378,74
DA:380,130
DA:380,130
DA:381,130
DA:381,130
DA:381,130
DA:382,130
DA:382,130
DA:382,130
DA:385,130
DA:385,130
BRDA:385,15,0,-
BRDA:385,15,1,74
DA:386,94
DA:386,94
DA:386,94
DA:386,74
BRDA:386,16,0,-
BRDA:386,16,1,74
DA:389,74
DA:389,74
DA:392,74
DA:392,74
DA:395,74
DA:395,74
DA:401,36
DA:401,36
DA:405,94
DA:405,94
DA:406,94
DA:406,94
BRDA:406,17,0,20
BRDA:406,17,1,74
DA:406,20
DA:410,90
DA:410,90
FN:417,RevenueStreamETH._authorizeUpgrade
FNDA:0,RevenueStreamETH._authorizeUpgrade
FNF:19
FNH:14
LF:90
LH:86
BRF:36
BRH:22
end_of_record
TN:
SF:src/RoyaltyHandler.sol
FN:96,RoyaltyHandler.
FNDA:0,RoyaltyHandler.
DA:97,0
DA:97,0
FN:115,RoyaltyHandler.initialize
FNDA:77,RoyaltyHandler.initialize
DA:124,77
DA:124,77
BRDA:124,0,0,-
BRDA:124,0,1,77
DA:125,77
DA:125,77
BRDA:125,1,0,-
BRDA:125,1,1,77
DA:126,77
DA:126,77
BRDA:126,2,0,-
BRDA:126,2,1,77
DA:127,77
DA:127,77
BRDA:127,3,0,-
BRDA:127,3,1,77
DA:129,77
DA:129,77
DA:130,77
DA:130,77
DA:132,77
DA:132,77
DA:133,77
DA:133,77
DA:134,77
DA:134,77
DA:135,77
DA:135,77
DA:136,77
DA:136,77
DA:137,77
DA:137,77
DA:139,77
DA:139,77
DA:140,77
DA:140,77
DA:141,77
DA:141,77
DA:143,77
DA:143,77
DA:144,77
DA:144,77
DA:145,77
DA:145,77
FN:156,RoyaltyHandler.distributeRoyalties
FNDA:0,RoyaltyHandler.distributeRoyalties
DA:157,0
DA:157,0
DA:157,0
DA:158,0
DA:158,0
BRDA:158,4,0,-
BRDA:158,4,1,-
DA:160,0
DA:160,0
DA:161,0
DA:161,0
DA:164,0
DA:164,0
DA:167,0
DA:167,0
DA:170,0
DA:170,0
DA:171,0
DA:171,0
DA:173,0
DA:173,0
FN:182,RoyaltyHandler.distributeRoyaltiesMinOut
FNDA:3,RoyaltyHandler.distributeRoyaltiesMinOut
DA:183,3
DA:183,3
BRDA:183,5,0,-
BRDA:183,5,1,3
DA:185,3
DA:185,3
DA:186,3
DA:186,3
BRDA:186,6,0,-
BRDA:186,6,1,3
DA:188,3
DA:188,3
DA:189,3
DA:189,3
DA:192,3
DA:192,3
DA:195,3
DA:195,3
DA:198,3
DA:198,3
DA:199,2
DA:199,2
DA:201,2
DA:201,2
FN:211,RoyaltyHandler.updateDistribution
FNDA:1,RoyaltyHandler.updateDistribution
DA:212,1
DA:212,1
DA:213,1
DA:213,1
DA:214,1
DA:214,1
DA:216,1
DA:216,1
FN:223,RoyaltyHandler.setPercentageDeviation
FNDA:0,RoyaltyHandler.setPercentageDeviation
DA:224,0
DA:224,0
BRDA:224,7,0,-
BRDA:224,7,1,-
DA:225,0
DA:225,0
FN:231,RoyaltyHandler.setSecondsAgo
FNDA:0,RoyaltyHandler.setSecondsAgo
DA:232,0
DA:232,0
FN:238,RoyaltyHandler.updateDistributor
FNDA:0,RoyaltyHandler.updateDistributor
DA:239,0
DA:239,0
FN:245,RoyaltyHandler.updateOracle
FNDA:0,RoyaltyHandler.updateOracle
DA:246,0
DA:246,0
FN:252,RoyaltyHandler.setALMBox
FNDA:49,RoyaltyHandler.setALMBox
DA:253,49
DA:253,49
FN:259,RoyaltyHandler.setALMBoxManager
FNDA:0,RoyaltyHandler.setALMBoxManager
DA:260,0
DA:260,0
FN:266,RoyaltyHandler.setGaugeV2ALM
FNDA:49,RoyaltyHandler.setGaugeV2ALM
DA:267,49
DA:267,49
FN:273,RoyaltyHandler.setPearl
FNDA:0,RoyaltyHandler.setPearl
DA:274,0
DA:274,0
FN:280,RoyaltyHandler.setSwapRouter
FNDA:0,RoyaltyHandler.setSwapRouter
DA:281,0
DA:281,0
FN:288,RoyaltyHandler.updateFee
FNDA:49,RoyaltyHandler.updateFee
DA:289,49
DA:289,49
BRDA:289,8,0,-
BRDA:289,8,1,49
DA:297,49
DA:297,49
FN:303,RoyaltyHandler.withdrawPearl
FNDA:0,RoyaltyHandler.withdrawPearl
DA:304,0
DA:304,0
DA:304,0
DA:305,0
DA:305,0
BRDA:305,9,0,-
BRDA:305,9,1,-
DA:306,0
DA:306,0
FN:312,RoyaltyHandler.harvestPearlRewards
FNDA:0,RoyaltyHandler.harvestPearlRewards
DA:313,0
DA:313,0
DA:313,0
DA:314,0
DA:314,0
DA:315,0
DA:315,0
DA:315,0
DA:315,0
FN:321,RoyaltyHandler.earnedPearlRewards
FNDA:0,RoyaltyHandler.earnedPearlRewards
DA:322,0
DA:322,0
DA:322,0
FN:339,RoyaltyHandler.getRoyaltyDistributions
FNDA:2,RoyaltyHandler.getRoyaltyDistributions
DA:345,5
DA:345,5
DA:345,5
DA:345,5
DA:347,5
DA:347,5
DA:348,5
DA:348,5
DA:349,5
DA:349,5
DA:351,5
DA:351,5
DA:352,5
DA:352,5
FN:365,RoyaltyHandler._getQuote
FNDA:0,RoyaltyHandler._getQuote
DA:366,0
DA:366,0
DA:366,0
DA:368,0
DA:368,0
DA:376,0
DA:376,0
FN:383,RoyaltyHandler._swapTokensForETH
FNDA:3,RoyaltyHandler._swapTokensForETH
DA:386,3
DA:386,3
DA:386,3
DA:396,3
DA:396,3
DA:396,3
DA:399,3
DA:399,3
DA:400,3
DA:400,3
DA:402,2
DA:402,2
BRDA:402,10,0,-
BRDA:402,10,1,2
FN:412,RoyaltyHandler._addLiquidity
FNDA:2,RoyaltyHandler._addLiquidity
DA:414,2
DA:414,2
DA:415,2
DA:415,2
DA:417,2
DA:417,2
DA:417,2
DA:421,2
DA:421,2
DA:421,2
DA:428,2
DA:428,2
BRDA:428,11,0,-
BRDA:428,11,1,2
DA:429,2
DA:429,2
FN:432,RoyaltyHandler._depositLPTokens
FNDA:2,RoyaltyHandler._depositLPTokens
DA:433,2
DA:433,2
DA:433,2
DA:436,2
DA:436,2
DA:437,2
DA:437,2
DA:439,2
DA:439,2
BRDA:439,12,0,-
BRDA:439,12,1,2
FN:446,RoyaltyHandler._authorizeUpgrade
FNDA:0,RoyaltyHandler._authorizeUpgrade
FNF:24
FNH:10
LF:85
LH:57
BRF:26
BRH:10
end_of_record
TN:
SF:src/governance/DelegateFactory.sol
FN:64,DelegateFactory.
FNDA:0,DelegateFactory.
DA:65,0
DA:65,0
FN:79,DelegateFactory.initialize
FNDA:99,DelegateFactory.initialize
DA:84,99
DA:84,99
BRDA:84,0,0,-
BRDA:84,0,1,99
DA:85,99
DA:85,99
BRDA:85,1,0,-
BRDA:85,1,1,99
DA:86,99
DA:86,99
BRDA:86,2,0,-
BRDA:86,2,1,99
DA:88,99
DA:88,99
DA:89,99
DA:89,99
DA:91,99
DA:91,99
DA:92,99
DA:92,99
FN:107,DelegateFactory.deployDelegator
FNDA:14,DelegateFactory.deployDelegator
DA:108,14
DA:108,14
BRDA:108,3,0,-
BRDA:108,3,1,14
DA:109,14
DA:109,14
BRDA:109,4,0,-
BRDA:109,4,1,14
DA:110,14
DA:110,14
BRDA:110,5,0,-
BRDA:110,5,1,14
DA:113,14
DA:113,14
DA:116,14
DA:116,14
DA:116,14
DA:125,14
DA:125,14
DA:127,14
DA:127,14
DA:128,14
DA:128,14
DA:129,14
DA:129,14
DA:132,14
DA:132,14
DA:133,14
DA:133,14
DA:135,14
DA:135,14
FN:142,DelegateFactory.revokeExpiredDelegators
FNDA:4,DelegateFactory.revokeExpiredDelegators
DA:143,4
DA:143,4
DA:144,4
DA:144,4
DA:144,14
DA:145,10
DA:145,10
DA:146,10
DA:146,10
BRDA:146,6,0,-
BRDA:146,6,1,10
DA:148,10
DA:148,10
DA:151,10
DA:151,10
DA:152,10
DA:152,10
DA:153,10
DA:153,10
DA:154,10
DA:154,10
DA:155,10
DA:155,10
DA:157,10
DA:157,10
DA:159,10
DA:159,10
BRDA:159,7,0,-
BRDA:159,7,1,6
DA:160,6
DA:160,6
BRDA:160,8,0,-
BRDA:160,8,1,6
DA:162,0
DA:162,0
FN:174,DelegateFactory.setCanDelegate
FNDA:0,DelegateFactory.setCanDelegate
DA:175,0
DA:175,0
FN:182,DelegateFactory.updateDelegatorImplementation
FNDA:0,DelegateFactory.updateDelegatorImplementation
DA:183,0
DA:183,0
FN:190,DelegateFactory.expiredDelegatorExists
FNDA:24,DelegateFactory.expiredDelegatorExists
DA:191,24
DA:191,24
DA:191,58
DA:192,38
DA:192,38
BRDA:192,9,0,4
BRDA:192,9,1,34
DA:193,4
DA:193,4
DA:196,34
DA:196,34
DA:199,20
DA:199,20
FN:207,DelegateFactory.isExpiredDelegator
FNDA:22,DelegateFactory.isExpiredDelegator
DA:208,76
DA:208,76
BRDA:208,10,0,2
BRDA:208,10,1,74
DA:208,2
DA:209,74
DA:209,74
DA:209,74
FN:216,DelegateFactory.getDelegatorsArray
FNDA:9,DelegateFactory.getDelegatorsArray
DA:217,9
DA:217,9
FN:227,DelegateFactory._authorizeUpgrade
FNDA:0,DelegateFactory._authorizeUpgrade
FNF:10
FNH:6
LF:44
LH:40
BRF:22
BRH:13
end_of_record
TN:
SF:src/governance/Delegator.sol
FN:58,Delegator.
FNDA:0,Delegator.
DA:59,0
DA:59,0
FN:73,Delegator.initialize
FNDA:14,Delegator.initialize
DA:78,14
DA:78,14
DA:80,14
DA:80,14
DA:81,14
DA:81,14
DA:82,14
DA:82,14
DA:83,14
DA:83,14
FN:96,Delegator.depositDelegatorToken
FNDA:14,Delegator.depositDelegatorToken
DA:97,14
DA:97,14
BRDA:97,0,0,-
BRDA:97,0,1,14
DA:99,14
DA:99,14
DA:101,14
DA:101,14
DA:102,14
DA:102,14
DA:104,14
DA:104,14
FN:110,Delegator.withdrawDelegatedToken
FNDA:10,Delegator.withdrawDelegatedToken
DA:111,10
DA:111,10
BRDA:111,1,0,-
BRDA:111,1,1,10
DA:113,10
DA:113,10
DA:114,10
DA:114,10
DA:116,10
DA:116,10
FNF:4
FNH:3
LF:15
LH:14
BRF:4
BRH:2
end_of_record
TN:
SF:src/governance/RWAVotingEscrow.sol
FN:179,RWAVotingEscrow.
FNDA:0,RWAVotingEscrow.
DA:180,0
DA:180,0
FN:196,RWAVotingEscrow.initialize
FNDA:162,RWAVotingEscrow.initialize
DA:197,162
DA:197,162
BRDA:197,0,0,-
BRDA:197,0,1,162
DA:198,162
DA:198,162
BRDA:198,1,0,-
BRDA:198,1,1,162
DA:199,162
DA:199,162
BRDA:199,2,0,-
BRDA:199,2,1,162
DA:201,162
DA:201,162
DA:202,162
DA:202,162
DA:203,162
DA:203,162
DA:204,162
DA:204,162
DA:206,162
DA:206,162
DA:206,162
DA:207,162
DA:207,162
DA:208,162
DA:208,162
DA:209,162
DA:209,162
DA:210,162
DA:210,162
FN:226,RWAVotingEscrow.mint
FNDA:1136,RWAVotingEscrow.mint
DA:228,1136
DA:228,1136
BRDA:228,3,0,-
BRDA:228,3,1,1136
DA:228,0
DA:230,1136
DA:230,1136
DA:230,1136
DA:230,1136
BRDA:230,4,0,-
BRDA:230,4,1,1136
DA:231,0
DA:231,0
DA:235,1136
DA:235,1136
DA:238,1136
DA:238,1136
DA:238,1136
DA:240,1136
DA:240,1136
FN:250,RWAVotingEscrow.migrate
FNDA:7,RWAVotingEscrow.migrate
DA:252,7
DA:252,7
DA:252,7
DA:254,7
DA:254,7
BRDA:254,5,0,2
BRDA:254,5,1,5
DA:254,2
DA:257,5
DA:257,5
DA:260,3
DA:260,3
DA:262,3
DA:262,3
FN:272,RWAVotingEscrow.migrateBatch
FNDA:2,RWAVotingEscrow.migrateBatch
DA:274,2
DA:274,2
DA:274,2
DA:276,2
DA:276,2
BRDA:276,6,0,-
BRDA:276,6,1,2
DA:276,0
DA:278,2
DA:278,2
DA:279,2
DA:279,2
DA:281,2
DA:281,2
DA:281,22
DA:284,20
DA:284,20
DA:287,20
DA:287,20
DA:289,20
DA:289,20
DA:292,20
DA:292,20
FN:304,RWAVotingEscrow.burn
FNDA:525,RWAVotingEscrow.burn
DA:305,525
DA:305,525
DA:307,524
DA:307,524
DA:307,524
DA:308,524
DA:308,524
DA:309,524
DA:309,524
DA:311,524
DA:311,524
DA:312,524
DA:312,524
DA:313,524
DA:313,524
BRDA:313,7,0,-
BRDA:313,7,1,520
DA:315,520
DA:315,520
DA:316,520
DA:316,520
DA:318,520
DA:318,520
DA:321,520
DA:321,520
DA:324,524
DA:324,524
DA:325,524
DA:325,524
DA:326,524
DA:326,524
DA:328,524
DA:328,524
FN:338,RWAVotingEscrow.depositFor
FNDA:2,RWAVotingEscrow.depositFor
DA:339,2
DA:339,2
DA:339,2
DA:340,2
DA:340,2
DA:341,2
DA:341,2
BRDA:341,8,0,1
BRDA:341,8,1,1
DA:342,1
DA:342,1
DA:344,1
DA:344,1
DA:345,1
DA:345,1
FN:355,RWAVotingEscrow.merge
FNDA:2,RWAVotingEscrow.merge
DA:356,2
DA:356,2
BRDA:356,9,0,-
BRDA:356,9,1,2
DA:356,0
DA:358,2
DA:358,2
DA:358,2
DA:359,2
DA:359,2
DA:359,2
DA:361,2
DA:361,2
DA:362,2
DA:362,2
DA:364,2
DA:364,2
DA:364,2
DA:366,2
DA:366,2
DA:366,2
DA:367,2
DA:367,2
DA:368,2
DA:368,2
DA:370,2
DA:370,2
DA:371,2
DA:371,2
DA:373,2
DA:373,2
DA:374,2
DA:374,2
FN:389,RWAVotingEscrow.split
FNDA:2,RWAVotingEscrow.split
DA:390,2
DA:390,2
DA:392,2
DA:392,2
BRDA:392,10,0,-
BRDA:392,10,1,2
DA:392,0
DA:394,2
DA:394,2
DA:394,2
DA:396,2
DA:396,2
DA:398,2
DA:398,2
DA:399,2
DA:399,2
DA:401,2
DA:401,2
DA:402,2
DA:402,2
DA:402,6
DA:404,4
DA:404,4
DA:406,4
DA:406,4
DA:410,2
DA:410,2
DA:410,2
DA:412,2
DA:412,2
DA:414,2
DA:414,2
DA:416,2
DA:416,2
DA:418,2
DA:418,2
DA:418,2
DA:420,2
DA:420,2
DA:420,4
DA:422,2
DA:422,2
DA:424,2
DA:424,2
DA:424,2
DA:424,2
DA:425,2
DA:425,2
BRDA:425,11,0,-
BRDA:425,11,1,2
DA:425,0
DA:427,2
DA:427,2
DA:427,2
DA:429,2
DA:429,2
DA:431,2
DA:431,2
DA:433,2
DA:433,2
DA:434,2
DA:434,2
DA:434,2
DA:434,0
BRDA:434,12,0,-
BRDA:434,12,1,2
DA:435,0
DA:435,0
DA:438,2
DA:438,2
DA:441,2
DA:441,2
DA:442,2
DA:442,2
DA:445,2
DA:445,2
BRDA:445,13,0,-
BRDA:445,13,1,2
DA:445,0
DA:447,2
DA:447,2
DA:448,2
DA:448,2
FN:458,RWAVotingEscrow.updateVestingDuration
FNDA:2107,RWAVotingEscrow.updateVestingDuration
DA:459,2107
DA:459,2107
DA:459,2107
DA:460,2107
DA:460,2107
DA:461,2107
DA:461,2107
BRDA:461,14,0,-
BRDA:461,14,1,1064
DA:462,1064
DA:462,1064
DA:462,1064
DA:462,1064
DA:462,536
DA:462,536
BRDA:462,15,0,-
BRDA:462,15,1,1064
DA:463,0
DA:463,0
DA:466,1043
DA:466,1043
BRDA:466,16,0,-
BRDA:466,16,1,1043
DA:467,0
DA:467,0
DA:469,1043
DA:469,1043
DA:471,2107
DA:471,2107
FN:478,RWAVotingEscrow.updateEndpointReceiver
FNDA:21,RWAVotingEscrow.updateEndpointReceiver
DA:479,21
DA:479,21
DA:479,21
DA:480,21
DA:480,21
FN:487,RWAVotingEscrow.setMarketplace
FNDA:23,RWAVotingEscrow.setMarketplace
DA:488,23
DA:488,23
DA:488,23
DA:489,23
DA:489,23
FN:496,RWAVotingEscrow.getPastTotalVotingPower
FNDA:6,RWAVotingEscrow.getPastTotalVotingPower
DA:497,6
DA:497,6
DA:497,6
DA:498,6
DA:498,6
DA:498,6
DA:499,6
DA:499,6
BRDA:499,17,0,-
BRDA:499,17,1,6
DA:500,0
DA:500,0
DA:502,6
DA:502,6
DA:502,6
FN:510,RWAVotingEscrow.getPastVotingPower
FNDA:6,RWAVotingEscrow.getPastVotingPower
DA:511,6
DA:511,6
DA:511,6
DA:512,6
DA:512,6
DA:512,6
DA:513,6
DA:513,6
BRDA:513,18,0,-
BRDA:513,18,1,6
DA:514,0
DA:514,0
DA:516,6
DA:516,6
DA:516,6
FN:519,RWAVotingEscrow.getTokenId
FNDA:22,RWAVotingEscrow.getTokenId
DA:520,22
DA:520,22
FN:523,RWAVotingEscrow.getLockedToken
FNDA:1,RWAVotingEscrow.getLockedToken
DA:524,1
DA:524,1
FN:527,RWAVotingEscrow.getVotingPowerCheckpoints
FNDA:1649,RWAVotingEscrow.getVotingPowerCheckpoints
DA:528,1649
DA:528,1649
FN:531,RWAVotingEscrow.getTotalVotingPowerCheckpoints
FNDA:1637,RWAVotingEscrow.getTotalVotingPowerCheckpoints
DA:532,1637
DA:532,1637
FN:535,RWAVotingEscrow.getAccountVotingPower
FNDA:2733,RWAVotingEscrow.getAccountVotingPower
DA:536,2733
DA:536,2733
FN:539,RWAVotingEscrow.vestingContract
FNDA:1,RWAVotingEscrow.vestingContract
DA:540,1
DA:540,1
FN:543,RWAVotingEscrow.marketplace
FNDA:0,RWAVotingEscrow.marketplace
DA:544,0
DA:544,0
FN:547,RWAVotingEscrow.getLockedAmount
FNDA:1643,RWAVotingEscrow.getLockedAmount
DA:548,1643
DA:548,1643
FN:551,RWAVotingEscrow.getMintingTimestamp
FNDA:0,RWAVotingEscrow.getMintingTimestamp
DA:552,0
DA:552,0
FN:555,RWAVotingEscrow.getRemainingVestingDuration
FNDA:4291,RWAVotingEscrow.getRemainingVestingDuration
DA:556,4291
DA:556,4291
FN:559,RWAVotingEscrow.getMaxEarlyUnlockFee
FNDA:520,RWAVotingEscrow.getMaxEarlyUnlockFee
DA:560,520
DA:560,520
FN:563,RWAVotingEscrow.getEndpointReceiver
FNDA:0,RWAVotingEscrow.getEndpointReceiver
DA:564,0
DA:564,0
FN:575,RWAVotingEscrow.clock
FNDA:0,RWAVotingEscrow.clock
DA:576,17449
DA:576,17449
DA:576,17449
FN:583,RWAVotingEscrow.CLOCK_MODE
FNDA:162,RWAVotingEscrow.CLOCK_MODE
DA:584,162
DA:584,162
FN:600,RWAVotingEscrow._updateLock
FNDA:3799,RWAVotingEscrow._updateLock
DA:602,3799
DA:602,3799
DA:602,3799
DA:605,3799
DA:605,3799
DA:605,3799
DA:607,3799
DA:607,3799
DA:607,3799
DA:609,3799
DA:609,3799
DA:609,3799
DA:611,3799
DA:611,3799
DA:611,3799
DA:613,3799
DA:613,3799
DA:616,3799
DA:616,3799
BRDA:616,19,0,1692
BRDA:616,19,1,3799
DA:617,1692
DA:617,1692
DA:621,3799
DA:621,3799
BRDA:621,20,0,3791
BRDA:621,20,1,3799
DA:623,3791
DA:623,3791
DA:625,3791
DA:625,3791
DA:625,3791
DA:627,3791
DA:627,3791
DA:631,3799
DA:631,3799
DA:634,3799
DA:634,3799
BRDA:634,21,0,2203
BRDA:634,21,1,1596
DA:636,2203
DA:636,2203
DA:638,1596
DA:638,1596
BRDA:638,22,0,1588
BRDA:638,22,1,1596
DA:640,1588
DA:640,1588
FN:653,RWAVotingEscrow._createLock
FNDA:1161,RWAVotingEscrow._createLock
DA:655,1161
DA:655,1161
DA:657,1161
DA:657,1161
DA:657,1161
DA:659,1161
DA:659,1161
DA:661,1161
DA:661,1161
DA:663,1159
DA:663,1159
DA:665,1159
DA:665,1159
FN:676,RWAVotingEscrow._transferVotingUnits
FNDA:7364,RWAVotingEscrow._transferVotingUnits
DA:677,7364
DA:677,7364
DA:677,7364
DA:678,7364
DA:678,7364
DA:678,7364
BRDA:678,23,0,4000
BRDA:678,23,1,7364
DA:679,4000
DA:679,4000
DA:681,7364
DA:681,7364
DA:681,7364
BRDA:681,24,0,5250
BRDA:681,24,1,7364
DA:682,5250
DA:682,5250
DA:684,7364
DA:684,7364
FN:696,RWAVotingEscrow._update
FNDA:3575,RWAVotingEscrow._update
DA:697,3575
DA:697,3575
DA:697,3575
DA:698,3575
DA:698,3575
DA:698,3575
DA:700,3573
DA:700,3573
DA:701,3573
DA:701,3573
DA:703,3573
DA:703,3573
FN:712,RWAVotingEscrow._delegate
FNDA:3264,RWAVotingEscrow._delegate
DA:713,3264
DA:713,3264
DA:713,3264
DA:714,3264
DA:714,3264
BRDA:714,25,0,3236
BRDA:714,25,1,3264
DA:715,3236
DA:715,3236
DA:717,3264
DA:717,3264
FN:725,RWAVotingEscrow._setDefaultDelegate
FNDA:3573,RWAVotingEscrow._setDefaultDelegate
DA:726,3573
DA:726,3573
DA:726,3573
DA:726,3573
BRDA:726,26,0,3573
BRDA:726,26,1,3573
DA:726,3573
DA:727,3573
BRDA:727,27,0,3236
BRDA:727,27,1,3573
DA:727,3573
DA:728,3236
DA:728,3236
FN:736,RWAVotingEscrow._getVotingUnits
FNDA:3264,RWAVotingEscrow._getVotingUnits
DA:737,3264
DA:737,3264
DA:737,3264
DA:738,3264
DA:738,3264
FN:746,RWAVotingEscrow._incrementAndGetTokenId
FNDA:1163,RWAVotingEscrow._incrementAndGetTokenId
DA:747,1163
DA:747,1163
DA:747,1163
DA:748,1163
DA:748,1163
FN:757,RWAVotingEscrow._calculateEarlyFee
FNDA:520,RWAVotingEscrow._calculateEarlyFee
DA:758,520
DA:758,520
DA:758,520
DA:759,520
DA:759,520
FN:766,RWAVotingEscrow._authorizeUpgrade
FNDA:0,RWAVotingEscrow._authorizeUpgrade
FN:774,RWAVotingEscrow._getVotingEscrowStorage
FNDA:44180,RWAVotingEscrow._getVotingEscrowStorage
DA:776,44180
DA:776,44180
FNF:39
FNH:33
LF:183
LH:173
BRF:56
BRH:39
end_of_record
TN:
SF:src/governance/VotingEscrowVesting.sol
FN:86,VotingEscrowVesting.
FNDA:0,VotingEscrowVesting.
DA:87,0
DA:87,0
FN:99,VotingEscrowVesting.initialize
FNDA:162,VotingEscrowVesting.initialize
DA:100,162
DA:100,162
DA:101,162
DA:101,162
DA:102,162
DA:102,162
FN:114,VotingEscrowVesting.setVotingEscrowContract
FNDA:162,VotingEscrowVesting.setVotingEscrowContract
DA:115,162
DA:115,162
DA:115,162
DA:115,162
BRDA:115,0,0,-
BRDA:115,0,1,162
DA:116,0
DA:116,0
DA:118,162
DA:118,162
FN:128,VotingEscrowVesting.deposit
FNDA:528,VotingEscrowVesting.deposit
DA:129,528
DA:129,528
DA:129,528
DA:130,528
DA:130,528
DA:130,528
DA:131,528
DA:131,528
DA:131,528
DA:133,528
DA:133,528
DA:135,528
DA:135,528
DA:137,528
DA:137,528
DA:139,528
DA:139,528
FN:149,VotingEscrowVesting.withdraw
FNDA:265,VotingEscrowVesting.withdraw
DA:150,265
DA:150,265
BRDA:150,1,0,-
BRDA:150,1,1,265
DA:151,0
DA:151,0
DA:154,265
DA:154,265
DA:155,265
DA:155,265
DA:156,265
DA:156,265
DA:158,265
DA:158,265
DA:158,265
DA:160,265
DA:160,265
BRDA:160,2,0,263
BRDA:160,2,1,265
DA:162,263
DA:162,263
DA:166,265
DA:166,265
DA:168,265
DA:168,265
DA:169,265
DA:169,265
FN:180,VotingEscrowVesting.claim
FNDA:261,VotingEscrowVesting.claim
DA:181,261
DA:181,261
BRDA:181,3,0,-
BRDA:181,3,1,261
DA:182,0
DA:182,0
DA:185,261
DA:185,261
DA:187,261
DA:187,261
DA:188,261
DA:188,261
DA:190,261
DA:190,261
DA:190,261
DA:192,261
DA:192,261
BRDA:192,4,0,259
BRDA:192,4,1,261
DA:194,259
DA:194,259
DA:198,261
DA:198,261
DA:200,261
DA:200,261
DA:201,261
DA:201,261
FN:209,VotingEscrowVesting.balanceOf
FNDA:1,VotingEscrowVesting.balanceOf
DA:210,1
DA:210,1
FN:218,VotingEscrowVesting.getSchedule
FNDA:1,VotingEscrowVesting.getSchedule
DA:219,1
DA:219,1
FN:229,VotingEscrowVesting.tokenOfDepositorByIndex
FNDA:0,VotingEscrowVesting.tokenOfDepositorByIndex
DA:230,0
DA:230,0
DA:231,0
DA:231,0
BRDA:231,5,0,-
BRDA:231,5,1,-
DA:232,0
DA:232,0
DA:234,0
DA:234,0
FN:241,VotingEscrowVesting.getDepositedTokens
FNDA:804,VotingEscrowVesting.getDepositedTokens
DA:242,804
DA:242,804
FN:253,VotingEscrowVesting.clock
FNDA:0,VotingEscrowVesting.clock
DA:254,1054
DA:254,1054
DA:254,1054
FN:261,VotingEscrowVesting.CLOCK_MODE
FNDA:0,VotingEscrowVesting.CLOCK_MODE
DA:262,162
DA:262,162
FN:277,VotingEscrowVesting._addTokenToDepositorEnumeration
FNDA:528,VotingEscrowVesting._addTokenToDepositorEnumeration
DA:278,528
DA:278,528
DA:279,528
DA:279,528
DA:280,528
DA:280,528
DA:281,528
DA:281,528
FN:291,VotingEscrowVesting._removeTokenFromDepositorEnumeration
FNDA:526,VotingEscrowVesting._removeTokenFromDepositorEnumeration
DA:292,526
DA:292,526
DA:294,526
DA:294,526
DA:294,526
DA:295,526
DA:295,526
DA:297,526
DA:297,526
BRDA:297,6,0,-
BRDA:297,6,1,526
DA:299,526
DA:299,526
BRDA:299,7,0,-
BRDA:299,7,1,-
DA:300,0
DA:300,0
DA:301,0
DA:301,0
DA:302,0
DA:302,0
DA:305,526
DA:305,526
DA:306,526
DA:306,526
DA:307,526
DA:307,526
DA:309,526
DA:309,526
FN:321,VotingEscrowVesting._authorizeUpgrade
FNDA:0,VotingEscrowVesting._authorizeUpgrade
FNF:15
FNH:10
LF:61
LH:50
BRF:16
BRH:8
end_of_record
TN:
SF:src/governance/VotingMath.sol
FN:29,VotingMath.calculateVotingPower
FNDA:4381,VotingMath.calculateVotingPower
DA:34,4381
DA:34,4381
DA:34,4381
DA:34,4381
FNF:1
FNH:1
LF:1
LH:1
BRF:0
BRH:0
end_of_record
TN:
SF:src/governance/utils/VotesUpgradeable.sol
FN:51,VotesUpgradeable._getVotesStorage
FNDA:41440,VotesUpgradeable._getVotesStorage
DA:53,41440
DA:53,41440
FN:67,VotesUpgradeable.__Votes_init
FNDA:162,VotesUpgradeable.__Votes_init
FN:70,VotesUpgradeable.__Votes_init_unchained
FNDA:0,VotesUpgradeable.__Votes_init_unchained
FN:73,VotesUpgradeable.getDelegatesCheckpoints
FNDA:22,VotesUpgradeable.getDelegatesCheckpoints
DA:74,22
DA:74,22
FN:81,VotesUpgradeable.clock
FNDA:0,VotesUpgradeable.clock
DA:82,0
DA:82,0
DA:82,0
FN:89,VotesUpgradeable.CLOCK_MODE
FNDA:0,VotesUpgradeable.CLOCK_MODE
DA:91,0
DA:91,0
DA:91,0
DA:91,0
BRDA:91,0,0,-
BRDA:91,0,1,-
DA:92,0
DA:92,0
DA:94,0
DA:94,0
FN:100,VotesUpgradeable.getVotes
FNDA:1690,VotesUpgradeable.getVotes
DA:101,1690
DA:101,1690
DA:101,1690
DA:102,1690
DA:102,1690
DA:102,1690
FN:113,VotesUpgradeable.getPastVotes
FNDA:219,VotesUpgradeable.getPastVotes
DA:114,219
DA:114,219
DA:114,219
DA:115,219
DA:115,219
DA:115,219
DA:116,219
DA:116,219
BRDA:116,1,0,-
BRDA:116,1,1,219
DA:117,0
DA:117,0
DA:119,219
DA:119,219
DA:119,219
FN:134,VotesUpgradeable.getPastTotalSupply
FNDA:219,VotesUpgradeable.getPastTotalSupply
DA:135,219
DA:135,219
DA:135,219
DA:136,219
DA:136,219
DA:136,219
DA:137,219
DA:137,219
BRDA:137,2,0,-
BRDA:137,2,1,219
DA:138,0
DA:138,0
DA:140,219
DA:140,219
DA:140,219
FN:146,VotesUpgradeable._getTotalSupply
FNDA:0,VotesUpgradeable._getTotalSupply
DA:147,0
DA:147,0
DA:147,0
DA:148,0
DA:148,0
DA:148,0
FN:154,VotesUpgradeable.delegates
FNDA:42,VotesUpgradeable.delegates
DA:155,18034
DA:155,18034
DA:155,18034
DA:156,18034
DA:156,18034
FN:162,VotesUpgradeable.delegate
FNDA:28,VotesUpgradeable.delegate
DA:163,28
DA:163,28
DA:163,28
DA:164,28
DA:164,28
FN:170,VotesUpgradeable.delegateBySig
FNDA:0,VotesUpgradeable.delegateBySig
DA:178,0
DA:178,0
BRDA:178,3,0,-
BRDA:178,3,1,-
DA:179,0
DA:179,0
DA:181,0
DA:181,0
DA:181,0
DA:187,0
DA:187,0
DA:188,0
DA:188,0
FN:196,VotesUpgradeable._delegate
FNDA:3264,VotesUpgradeable._delegate
DA:197,3264
DA:197,3264
DA:197,3264
DA:198,3264
DA:198,3264
DA:198,3264
DA:199,3264
DA:199,3264
DA:201,3264
DA:201,3264
DA:202,3264
DA:202,3264
FN:209,VotesUpgradeable._transferVotingUnits
FNDA:7364,VotesUpgradeable._transferVotingUnits
DA:210,7364
DA:210,7364
DA:210,7364
DA:211,7364
DA:211,7364
DA:211,7364
BRDA:211,4,0,3364
BRDA:211,4,1,7364
DA:212,3364
DA:212,3364
DA:214,7364
DA:214,7364
DA:214,7364
BRDA:214,5,0,2114
BRDA:214,5,1,7364
DA:215,2114
DA:215,2114
DA:217,7364
DA:217,7364
FN:223,VotesUpgradeable._moveDelegateVotes
FNDA:10628,VotesUpgradeable._moveDelegateVotes
DA:224,10628
DA:224,10628
DA:224,10628
DA:226,10628
DA:226,10628
DA:226,10628
DA:226,10102
BRDA:226,6,0,3587
BRDA:226,6,1,5175
DA:227,5175
DA:227,5175
DA:227,5175
BRDA:227,7,0,2972
BRDA:227,7,1,5175
DA:228,2972
DA:228,2972
DA:228,2972
DA:233,2972
DA:233,2972
DA:235,5175
DA:235,5175
DA:235,5175
BRDA:235,8,0,3587
BRDA:235,8,1,5175
DA:236,3587
DA:236,3587
DA:236,3587
DA:241,3587
DA:241,3587
FN:249,VotesUpgradeable._numCheckpoints
FNDA:0,VotesUpgradeable._numCheckpoints
DA:250,0
DA:250,0
DA:250,0
DA:251,0
DA:251,0
DA:251,0
FN:257,VotesUpgradeable._checkpoints
FNDA:0,VotesUpgradeable._checkpoints
DA:261,0
DA:261,0
DA:261,0
DA:262,0
DA:262,0
DA:262,0
FN:265,VotesUpgradeable._push
FNDA:12037,VotesUpgradeable._push
DA:270,12037
DA:270,12037
DA:270,12037
FN:273,VotesUpgradeable._add
FNDA:6951,VotesUpgradeable._add
DA:274,6951
DA:274,6951
DA:274,6951
FN:277,VotesUpgradeable._subtract
FNDA:5086,VotesUpgradeable._subtract
DA:278,5086
DA:278,5086
DA:278,5086
FNF:21
FNH:14
LF:55
LH:38
BRF:18
BRH:12
end_of_record
TN:
SF:src/helpers/ExactInputWrapper.sol
FN:16,ExactInputWrapper.
FNDA:0,ExactInputWrapper.
DA:17,0
DA:17,0
DA:18,0
DA:18,0
FN:25,ExactInputWrapper.exactInputForETH
FNDA:0,ExactInputWrapper.exactInputForETH
DA:34,0
DA:34,0
DA:34,0
DA:41,0
DA:41,0
DA:41,0
DA:43,0
DA:43,0
DA:44,0
DA:44,0
DA:45,0
DA:45,0
DA:48,0
DA:48,0
BRDA:48,0,0,-
BRDA:48,0,1,-
DA:50,0
DA:50,0
DA:50,0
DA:51,0
DA:51,0
BRDA:51,1,0,-
BRDA:51,1,1,-
DA:53,0
DA:53,0
DA:55,0
DA:55,0
DA:55,0
DA:56,0
DA:56,0
BRDA:56,2,0,-
BRDA:56,2,1,-
FN:59,ExactInputWrapper.updateSwapRouter
FNDA:0,ExactInputWrapper.updateSwapRouter
DA:60,0
DA:60,0
BRDA:60,3,0,-
BRDA:60,3,1,-
DA:61,0
DA:61,0
FNF:3
FNH:0
LF:15
LH:0
BRF:8
BRH:0
end_of_record
TN:
SF:src/helpers/VotingEscrowRWAAPI.sol
FN:55,VotingEscrowRWAAPI.
FNDA:0,VotingEscrowRWAAPI.
DA:56,0
DA:56,0
FN:71,VotingEscrowRWAAPI.initialize
FNDA:68,VotingEscrowRWAAPI.initialize
DA:77,68
DA:77,68
DA:79,68
DA:79,68
DA:80,68
DA:80,68
DA:81,68
DA:81,68
FN:92,VotingEscrowRWAAPI.getTokenId
FNDA:0,VotingEscrowRWAAPI.getTokenId
DA:93,0
DA:93,0
DA:93,0
FN:103,VotingEscrowRWAAPI.getNFTBalanceOf
FNDA:0,VotingEscrowRWAAPI.getNFTBalanceOf
DA:104,0
DA:104,0
DA:104,0
FN:112,VotingEscrowRWAAPI.getNFTsOfOwner
FNDA:2,VotingEscrowRWAAPI.getNFTsOfOwner
DA:113,2
DA:113,2
DA:113,2
DA:114,2
DA:114,2
DA:116,2
DA:116,2
DA:116,5
DA:117,3
DA:117,3
DA:119,3
DA:119,3
FN:129,VotingEscrowRWAAPI.getNFTsOfOwnerWithData
FNDA:0,VotingEscrowRWAAPI.getNFTsOfOwnerWithData
DA:130,0
DA:130,0
DA:130,0
DA:131,0
DA:131,0
DA:133,0
DA:133,0
DA:133,0
DA:134,0
DA:134,0
DA:135,0
DA:135,0
DA:136,0
DA:136,0
DA:137,0
DA:137,0
DA:139,0
DA:139,0
FN:147,VotingEscrowRWAAPI.getNFTTotalSupply
FNDA:0,VotingEscrowRWAAPI.getNFTTotalSupply
DA:148,0
DA:148,0
DA:148,0
FN:154,VotingEscrowRWAAPI.getAllNFTs
FNDA:2,VotingEscrowRWAAPI.getAllNFTs
DA:155,2
DA:155,2
DA:155,2
DA:156,2
DA:156,2
DA:158,2
DA:158,2
DA:158,5
DA:159,3
DA:159,3
DA:161,3
DA:161,3
FN:172,VotingEscrowRWAAPI.getLockedAmount
FNDA:0,VotingEscrowRWAAPI.getLockedAmount
DA:173,0
DA:173,0
DA:173,0
FN:180,VotingEscrowRWAAPI.getMintingTimestamp
FNDA:0,VotingEscrowRWAAPI.getMintingTimestamp
DA:181,0
DA:181,0
DA:181,0
FN:188,VotingEscrowRWAAPI.getRemainingVestingDuration
FNDA:0,VotingEscrowRWAAPI.getRemainingVestingDuration
DA:189,0
DA:189,0
DA:189,0
FN:198,VotingEscrowRWAAPI.getVestingSchedule
FNDA:0,VotingEscrowRWAAPI.getVestingSchedule
DA:199,0
DA:199,0
DA:199,0
FN:206,VotingEscrowRWAAPI.getAmountTokensVestedByOwner
FNDA:0,VotingEscrowRWAAPI.getAmountTokensVestedByOwner
DA:207,0
DA:207,0
DA:207,0
FN:214,VotingEscrowRWAAPI.getVestedTokensByOwner
FNDA:0,VotingEscrowRWAAPI.getVestedTokensByOwner
DA:215,0
DA:215,0
DA:215,0
FN:223,VotingEscrowRWAAPI.getVestedTokensByOwnerWithData
FNDA:1,VotingEscrowRWAAPI.getVestedTokensByOwnerWithData
DA:224,1
DA:224,1
DA:224,1
DA:226,1
DA:226,1
DA:226,1
DA:227,1
DA:227,1
DA:229,1
DA:229,1
DA:231,1
DA:231,1
DA:231,2
DA:232,1
DA:232,1
DA:234,1
DA:234,1
DA:235,1
DA:235,1
DA:236,1
DA:236,1
DA:239,1
DA:239,1
FN:251,VotingEscrowRWAAPI.getAccountVotingPower
FNDA:0,VotingEscrowRWAAPI.getAccountVotingPower
DA:252,0
DA:252,0
DA:252,0
FN:259,VotingEscrowRWAAPI.getPastTotalVotingPower
FNDA:0,VotingEscrowRWAAPI.getPastTotalVotingPower
DA:260,0
DA:260,0
DA:260,0
FN:268,VotingEscrowRWAAPI.getPastVotingPowerForToken
FNDA:0,VotingEscrowRWAAPI.getPastVotingPowerForToken
DA:269,0
DA:269,0
DA:269,0
FN:278,VotingEscrowRWAAPI.getVotes
FNDA:0,VotingEscrowRWAAPI.getVotes
DA:279,0
DA:279,0
DA:279,0
FN:287,VotingEscrowRWAAPI.getPastVotes
FNDA:0,VotingEscrowRWAAPI.getPastVotes
DA:288,0
DA:288,0
DA:288,0
FN:297,VotingEscrowRWAAPI.getClaimable
FNDA:2,VotingEscrowRWAAPI.getClaimable
DA:298,2
DA:298,2
DA:298,2
FN:309,VotingEscrowRWAAPI._authorizeUpgrade
FNDA:0,VotingEscrowRWAAPI._authorizeUpgrade
FNF:22
FNH:5
LF:48
LH:25
BRF:0
BRH:0
end_of_record
TN:
SF:src/libraries/Base64.sol
FN:12,Base64.encode
FNDA:0,Base64.encode
DA:13,0
DA:13,0
DA:14,0
DA:14,0
BRDA:14,0,0,-
BRDA:14,0,1,-
DA:14,0
DA:17,0
DA:17,0
DA:17,0
DA:20,0
DA:20,0
DA:20,0
DA:22,0
DA:22,0
DA:70,0
DA:70,0
DA:70,0
FNF:1
FNH:0
LF:6
LH:0
BRF:2
BRH:0
end_of_record
TN:
SF:src/libraries/BytesLib.sol
FN:12,BytesLib.concat
FNDA:0,BytesLib.concat
DA:13,0
DA:13,0
DA:18,0
DA:18,0
DA:50,0
DA:50,0
DA:55,0
DA:55,0
DA:58,0
DA:58,0
DA:83,0
DA:83,0
FN:86,BytesLib.concatStorage
FNDA:0,BytesLib.concatStorage
FN:214,BytesLib.slice
FNDA:0,BytesLib.slice
DA:219,0
DA:219,0
BRDA:219,0,0,-
BRDA:219,0,1,-
DA:220,0
DA:220,0
BRDA:220,1,0,-
BRDA:220,1,1,-
DA:222,0
DA:222,0
DA:276,0
DA:276,0
FN:279,BytesLib.toAddress
FNDA:7,BytesLib.toAddress
DA:280,7
DA:280,7
BRDA:280,2,0,-
BRDA:280,2,1,7
DA:281,7
DA:281,7
DA:284,7
DA:284,7
DA:287,7
DA:287,7
FN:290,BytesLib.toUint8
FNDA:0,BytesLib.toUint8
DA:291,0
DA:291,0
BRDA:291,3,0,-
BRDA:291,3,1,-
DA:292,0
DA:292,0
DA:295,0
DA:295,0
DA:298,0
DA:298,0
FN:301,BytesLib.toUint16
FNDA:0,BytesLib.toUint16
DA:302,0
DA:302,0
BRDA:302,4,0,-
BRDA:302,4,1,-
DA:303,0
DA:303,0
DA:306,0
DA:306,0
DA:309,0
DA:309,0
FN:312,BytesLib.toUint32
FNDA:0,BytesLib.toUint32
DA:313,0
DA:313,0
BRDA:313,5,0,-
BRDA:313,5,1,-
DA:314,0
DA:314,0
DA:317,0
DA:317,0
DA:320,0
DA:320,0
FN:323,BytesLib.toUint64
FNDA:0,BytesLib.toUint64
DA:324,0
DA:324,0
BRDA:324,6,0,-
BRDA:324,6,1,-
DA:325,0
DA:325,0
DA:328,0
DA:328,0
DA:331,0
DA:331,0
FN:334,BytesLib.toUint96
FNDA:0,BytesLib.toUint96
DA:335,0
DA:335,0
BRDA:335,7,0,-
BRDA:335,7,1,-
DA:336,0
DA:336,0
DA:339,0
DA:339,0
DA:342,0
DA:342,0
FN:345,BytesLib.toUint128
FNDA:0,BytesLib.toUint128
DA:346,0
DA:346,0
BRDA:346,8,0,-
BRDA:346,8,1,-
DA:347,0
DA:347,0
DA:350,0
DA:350,0
DA:353,0
DA:353,0
FN:356,BytesLib.toUint256
FNDA:0,BytesLib.toUint256
DA:357,0
DA:357,0
BRDA:357,9,0,-
BRDA:357,9,1,-
DA:358,0
DA:358,0
DA:361,0
DA:361,0
DA:364,0
DA:364,0
FN:367,BytesLib.toBytes32
FNDA:0,BytesLib.toBytes32
DA:368,0
DA:368,0
BRDA:368,10,0,-
BRDA:368,10,1,-
DA:369,0
DA:369,0
DA:372,0
DA:372,0
DA:375,0
DA:375,0
FN:378,BytesLib.equal
FNDA:0,BytesLib.equal
DA:379,0
DA:379,0
DA:418,0
DA:418,0
FN:421,BytesLib.equalStorage
FNDA:0,BytesLib.equalStorage
DA:422,0
DA:422,0
DA:485,0
DA:485,0
FNF:14
FNH:1
LF:50
LH:4
BRF:22
BRH:1
end_of_record
TN:
SF:src/libraries/CommonValidations.sol
FN:24,CommonValidations.requireAbsentAddress
FNDA:0,CommonValidations.requireAbsentAddress
DA:25,0
DA:25,0
BRDA:25,0,0,-
BRDA:25,0,1,-
DA:26,0
DA:26,0
FN:34,CommonValidations.requireNonZeroAddress
FNDA:78,CommonValidations.requireNonZeroAddress
DA:35,78
DA:35,78
DA:35,78
BRDA:35,1,0,3
BRDA:35,1,1,75
DA:36,3
DA:36,3
FN:45,CommonValidations.requireNotEqual
FNDA:0,CommonValidations.requireNotEqual
DA:46,0
DA:46,0
BRDA:46,2,0,-
BRDA:46,2,1,-
DA:47,0
DA:47,0
FN:56,CommonValidations.requireDifferentBoolean
FNDA:0,CommonValidations.requireDifferentBoolean
DA:57,0
DA:57,0
BRDA:57,3,0,-
BRDA:57,3,1,-
DA:58,0
DA:58,0
FN:68,CommonValidations.requireDifferentAddress
FNDA:2,CommonValidations.requireDifferentAddress
DA:69,2
DA:69,2
BRDA:69,4,0,1
BRDA:69,4,1,1
DA:70,1
DA:70,1
FN:80,CommonValidations.requireDifferentUint48
FNDA:0,CommonValidations.requireDifferentUint48
DA:81,0
DA:81,0
BRDA:81,5,0,-
BRDA:81,5,1,-
DA:82,0
DA:82,0
FN:92,CommonValidations.requireDifferentUint256
FNDA:0,CommonValidations.requireDifferentUint256
DA:93,0
DA:93,0
BRDA:93,6,0,-
BRDA:93,6,1,-
DA:94,0
DA:94,0
FN:104,CommonValidations.requireLessThanUint48
FNDA:0,CommonValidations.requireLessThanUint48
DA:105,0
DA:105,0
BRDA:105,7,0,-
BRDA:105,7,1,-
DA:106,0
DA:106,0
FN:116,CommonValidations.requireLessThanOrEqualToUint256
FNDA:2,CommonValidations.requireLessThanOrEqualToUint256
DA:117,2
DA:117,2
BRDA:117,8,0,1
BRDA:117,8,1,1
DA:118,1
DA:118,1
FN:128,CommonValidations.requireSufficientFunds
FNDA:0,CommonValidations.requireSufficientFunds
DA:129,0
DA:129,0
BRDA:129,9,0,-
BRDA:129,9,1,-
DA:130,0
DA:130,0
FNF:10
FNH:3
LF:20
LH:6
BRF:20
BRH:6
end_of_record
TN:
SF:src/proxy/FetchableBeaconProxy.sol
FN:25,FetchableBeaconProxy.
FNDA:161,FetchableBeaconProxy.
FN:30,FetchableBeaconProxy.implementation
FNDA:0,FetchableBeaconProxy.implementation
DA:31,0
DA:31,0
DA:31,0
FN:37,FetchableBeaconProxy.getBeacon
FNDA:0,FetchableBeaconProxy.getBeacon
DA:38,0
DA:38,0
DA:38,0
FNF:3
FNH:1
LF:2
LH:0
BRF:0
BRH:0
end_of_record
TN:
SF:src/refs/PassiveIncomeCalculator.sol
FN:32,PassiveIncomeCalculator.sqrt
FNDA:0,PassiveIncomeCalculator.sqrt
DA:33,0
DA:33,0
DA:33,0
DA:34,0
DA:34,0
DA:35,0
DA:35,0
DA:36,0
DA:36,0
DA:37,0
DA:37,0
FN:41,PassiveIncomeCalculator._totalPayout
FNDA:0,PassiveIncomeCalculator._totalPayout
DA:48,0
DA:48,0
BRDA:48,0,0,-
BRDA:48,0,1,-
DA:49,0
DA:49,0
DA:49,0
DA:51,0
DA:51,0
DA:52,0
DA:52,0
FN:56,PassiveIncomeCalculator.claimableIncome
FNDA:0,PassiveIncomeCalculator.claimableIncome
DA:64,0
DA:64,0
BRDA:64,1,0,-
BRDA:64,1,1,-
DA:65,0
DA:65,0
DA:67,0
DA:67,0
DA:74,0
DA:74,0
BRDA:74,2,0,-
BRDA:74,2,1,-
DA:75,0
DA:75,0
BRDA:75,3,0,-
BRDA:75,3,1,-
DA:76,0
DA:76,0
DA:78,0
DA:78,0
DA:81,0
DA:81,0
BRDA:81,4,0,-
BRDA:81,4,1,-
DA:82,0
DA:82,0
DA:84,0
DA:84,0
FN:91,PassiveIncomeCalculator.determineMultiplier
FNDA:48,PassiveIncomeCalculator.determineMultiplier
DA:97,48
DA:97,48
DA:98,48
DA:98,48
DA:98,48
DA:98,48
DA:98,48
DA:99,48
DA:99,48
BRDA:99,5,0,-
BRDA:99,5,1,48
DA:100,0
DA:100,0
DA:102,48
DA:102,48
DA:102,48
DA:102,48
DA:103,48
DA:103,48
BRDA:103,6,0,-
BRDA:103,6,1,-
DA:105,0
DA:105,0
DA:106,0
DA:106,0
BRDA:106,7,0,-
BRDA:106,7,1,-
DA:107,0
DA:107,0
DA:111,48
DA:111,48
DA:111,48
DA:111,48
BRDA:111,8,0,-
BRDA:111,8,1,48
DA:113,0
DA:113,0
DA:114,48
DA:114,48
DA:114,48
DA:114,48
BRDA:114,9,0,-
BRDA:114,9,1,48
DA:116,0
DA:116,0
DA:117,48
DA:117,48
DA:117,48
DA:117,48
BRDA:117,10,0,-
BRDA:117,10,1,48
DA:119,0
DA:119,0
DA:120,48
DA:120,48
DA:120,48
BRDA:120,11,0,-
BRDA:120,11,1,48
DA:122,0
DA:122,0
DA:125,48
DA:125,48
BRDA:125,12,0,-
BRDA:125,12,1,48
DA:126,48
DA:126,48
DA:128,48
DA:128,48
BRDA:128,13,0,-
BRDA:128,13,1,48
DA:129,48
DA:129,48
DA:133,48
DA:133,48
BRDA:133,14,0,-
BRDA:133,14,1,48
DA:134,0
DA:134,0
DA:137,48
DA:137,48
FN:140,PassiveIncomeCalculator.determineMultipliers
FNDA:0,PassiveIncomeCalculator.determineMultipliers
DA:146,0
DA:146,0
DA:147,0
DA:147,0
DA:148,0
DA:148,0
DA:149,0
DA:149,0
DA:150,0
DA:150,0
FNF:5
FNH:1
LF:48
LH:15
BRF:30
BRH:8
end_of_record
TN:
SF:src/refs/PassiveIncomeNFT.sol
FN:61,PassiveIncomeNFT.
FNDA:0,PassiveIncomeNFT.
DA:66,0
DA:66,0
DA:67,0
DA:67,0
DA:68,0
DA:68,0
DA:69,0
DA:69,0
DA:70,0
DA:70,0
DA:71,0
DA:71,0
FN:74,PassiveIncomeNFT.setMaxLockDuration
FNDA:0,PassiveIncomeNFT.setMaxLockDuration
DA:78,0
DA:78,0
FN:81,PassiveIncomeNFT.setRevenueShareContract
FNDA:0,PassiveIncomeNFT.setRevenueShareContract
DA:85,0
DA:85,0
FN:88,PassiveIncomeNFT.setMarketplaceContract
FNDA:26,PassiveIncomeNFT.setMarketplaceContract
DA:92,26
DA:92,26
FN:95,PassiveIncomeNFT.avgLockDuration
FNDA:0,PassiveIncomeNFT.avgLockDuration
DA:96,0
DA:96,0
DA:96,0
DA:97,0
DA:97,0
BRDA:97,0,0,-
BRDA:97,0,1,-
DA:97,0
DA:98,0
DA:98,0
DA:99,0
DA:99,0
DA:99,0
DA:99,0
DA:100,0
DA:100,0
DA:102,0
DA:102,0
DA:102,0
FN:105,PassiveIncomeNFT.burn
FNDA:1,PassiveIncomeNFT.burn
DA:106,1
DA:106,1
DA:107,1
DA:107,1
BRDA:107,1,0,-
BRDA:107,1,1,1
DA:108,1
DA:108,1
DA:109,1
DA:109,1
BRDA:109,2,0,-
BRDA:109,2,1,1
DA:110,1
BRDA:110,3,0,-
BRDA:110,3,1,-
DA:111,0
DA:111,0
DA:117,1
DA:117,1
DA:118,1
DA:118,1
BRDA:118,4,0,1
BRDA:118,4,1,1
DA:119,1
DA:119,1
DA:121,1
DA:121,1
DA:122,1
DA:122,1
DA:123,1
DA:123,1
DA:123,1
DA:124,1
DA:124,1
DA:125,1
DA:125,1
DA:126,1
DA:126,1
DA:127,1
DA:127,1
DA:128,1
DA:128,1
FN:131,PassiveIncomeNFT.canEarnForAmount
FNDA:0,PassiveIncomeNFT.canEarnForAmount
DA:132,0
DA:132,0
DA:132,0
DA:133,0
DA:133,0
DA:134,0
DA:134,0
DA:134,0
DA:135,0
DA:135,0
DA:135,0
FN:144,PassiveIncomeNFT.claim
FNDA:0,PassiveIncomeNFT.claim
DA:145,0
DA:145,0
DA:146,0
DA:146,0
BRDA:146,5,0,-
BRDA:146,5,1,-
DA:147,0
DA:147,0
DA:147,0
DA:148,0
DA:148,0
BRDA:148,6,0,-
BRDA:148,6,1,-
DA:149,0
DA:149,0
DA:150,0
DA:150,0
BRDA:150,7,0,-
BRDA:150,7,1,-
DA:151,0
DA:151,0
DA:151,0
DA:152,0
DA:152,0
DA:152,0
DA:153,0
DA:153,0
DA:154,0
DA:154,0
DA:154,0
DA:156,0
DA:156,0
DA:156,0
DA:157,0
DA:157,0
DA:157,0
DA:158,0
BRDA:158,8,0,-
BRDA:158,8,1,-
DA:159,0
DA:159,0
DA:165,0
DA:165,0
DA:165,0
DA:166,0
DA:166,0
DA:167,0
DA:167,0
DA:168,0
DA:168,0
DA:169,0
DA:169,0
DA:171,0
DA:171,0
DA:172,0
BRDA:172,9,0,-
BRDA:172,9,1,-
DA:173,0
DA:173,0
DA:175,0
DA:175,0
DA:176,0
DA:176,0
FN:179,PassiveIncomeNFT.claimableIncome
FNDA:0,PassiveIncomeNFT.claimableIncome
DA:184,1
DA:184,1
DA:185,1
DA:185,1
BRDA:185,10,0,-
BRDA:185,10,1,1
DA:186,0
DA:186,0
DA:188,1
DA:188,1
BRDA:188,11,0,1
BRDA:188,11,1,-
DA:189,1
DA:189,1
DA:191,0
DA:191,0
DA:199,0
DA:199,0
DA:200,0
DA:200,0
BRDA:200,12,0,-
BRDA:200,12,1,-
DA:201,0
DA:201,0
DA:203,0
DA:203,0
DA:206,1
DA:206,1
FN:209,PassiveIncomeNFT.claimableIncomes
FNDA:0,PassiveIncomeNFT.claimableIncomes
DA:214,0
DA:214,0
DA:215,0
DA:215,0
DA:216,0
DA:216,0
DA:217,0
DA:217,0
DA:218,0
DA:218,0
DA:218,0
DA:219,0
DA:219,0
DA:220,0
DA:220,0
FN:224,PassiveIncomeNFT.mint
FNDA:24,PassiveIncomeNFT.mint
DA:231,24
DA:231,24
BRDA:231,13,0,-
BRDA:231,13,1,24
DA:236,24
DA:236,24
DA:237,24
DA:237,24
DA:238,24
DA:238,24
BRDA:238,14,0,24
BRDA:238,14,1,-
DA:239,24
DA:239,24
DA:241,0
DA:241,0
BRDA:241,15,0,-
BRDA:241,15,1,-
DA:242,0
DA:242,0
DA:244,24
DA:244,24
DA:245,24
DA:245,24
DA:246,24
BRDA:246,16,0,-
BRDA:246,16,1,24
DA:247,0
DA:247,0
DA:248,0
DA:248,0
DA:250,24
DA:250,24
DA:256,24
DA:256,24
DA:258,24
DA:258,24
DA:259,24
DA:259,24
DA:260,24
DA:260,24
DA:261,24
DA:261,24
DA:267,24
DA:267,24
DA:268,24
DA:268,24
DA:269,24
DA:269,24
BRDA:269,17,0,-
BRDA:269,17,1,-
DA:270,0
DA:270,0
FN:278,PassiveIncomeNFT.migrate
FNDA:0,PassiveIncomeNFT.migrate
DA:286,0
DA:286,0
DA:287,0
DA:287,0
DA:288,0
DA:288,0
BRDA:288,18,0,-
BRDA:288,18,1,-
DA:289,0
DA:289,0
DA:291,0
DA:291,0
DA:293,0
DA:293,0
DA:294,0
DA:294,0
DA:295,0
DA:295,0
DA:296,0
DA:296,0
DA:297,0
DA:297,0
DA:298,0
DA:298,0
DA:299,0
DA:299,0
DA:300,0
DA:300,0
DA:301,0
DA:301,0
DA:302,0
DA:302,0
DA:303,0
DA:303,0
DA:304,0
DA:304,0
FN:311,PassiveIncomeNFT.maxLockPeriodForAmount
FNDA:0,PassiveIncomeNFT.maxLockPeriodForAmount
DA:316,0
DA:316,0
DA:316,0
DA:318,0
DA:318,0
DA:319,0
DA:319,0
DA:320,0
DA:320,0
DA:322,0
DA:322,0
DA:322,0
DA:328,0
DA:328,0
DA:328,0
DA:329,0
DA:329,0
DA:329,0
BRDA:329,19,0,-
BRDA:329,19,1,-
DA:330,0
DA:330,0
DA:333,0
DA:333,0
FN:336,PassiveIncomeNFT.setGenerateRevenue
FNDA:0,PassiveIncomeNFT.setGenerateRevenue
DA:340,0
DA:340,0
FN:343,PassiveIncomeNFT.supportsInterface
FNDA:0,PassiveIncomeNFT.supportsInterface
DA:350,0
DA:350,0
DA:351,0
DA:351,0
DA:351,0
DA:352,0
DA:352,0
FN:355,PassiveIncomeNFT.tokenURI
FNDA:0,PassiveIncomeNFT.tokenURI
DA:362,0
DA:362,0
DA:363,0
DA:363,0
FN:380,PassiveIncomeNFT.setImageBaseURI
FNDA:0,PassiveIncomeNFT.setImageBaseURI
DA:384,0
DA:384,0
FN:387,PassiveIncomeNFT._update
FNDA:49,PassiveIncomeNFT._update
DA:388,49
DA:388,49
DA:389,49
DA:389,49
FNF:18
FNH:4
LF:135
LH:41
BRF:40
BRH:9
end_of_record
TN:
SF:src/refs/interfaces/ERC20Burnable.sol
FN:5,ERC20Burnable.burn
FNDA:0,ERC20Burnable.burn
DA:6,0
DA:6,0
FNF:1
FNH:0
LF:1
LH:0
BRF:0
BRH:0
end_of_record
TN:
SF:src/refs/interfaces/ERC20Mintable.sol
FN:5,ERC20Mintable.mint
FNDA:0,ERC20Mintable.mint
DA:6,0
DA:6,0
FNF:1
FNH:0
LF:1
LH:0
BRF:0
BRH:0
end_of_record
TN:
SF:src/utils/Collection.sol
FN:19,Collection.
FNDA:0,Collection.
DA:20,0
DA:20,0
FN:23,Collection.append
FNDA:536,Collection.append
DA:24,536
DA:24,536
DA:25,536
DA:25,536
DA:26,536
DA:26,536
DA:26,536
BRDA:26,0,0,527
BRDA:26,0,1,9
DA:27,527
DA:27,527
DA:29,9
DA:29,9
DA:30,9
DA:30,9
DA:31,9
DA:31,9
DA:33,536
DA:33,536
FN:36,Collection.remove
FNDA:517,Collection.remove
DA:37,517
DA:37,517
DA:38,517
DA:38,517
DA:39,517
DA:39,517
DA:39,517
BRDA:39,1,0,517
BRDA:39,1,1,-
DA:40,517
DA:40,517
DA:42,0
DA:42,0
BRDA:42,2,0,-
BRDA:42,2,1,-
DA:43,0
DA:43,0
DA:45,0
DA:45,0
BRDA:45,3,0,-
BRDA:45,3,1,-
DA:46,0
DA:46,0
DA:48,0
DA:48,0
DA:49,0
DA:49,0
DA:51,517
DA:51,517
FN:54,Collection.get
FNDA:0,Collection.get
DA:55,26
DA:55,26
FN:58,Collection.getNext
FNDA:26,Collection.getNext
DA:63,26
DA:63,26
DA:63,26
FN:66,Collection.head
FNDA:0,Collection.head
DA:67,6
DA:67,6
FN:70,Collection.tail
FNDA:0,Collection.tail
DA:71,0
DA:71,0
FN:74,Collection.first
FNDA:6,Collection.first
DA:75,6
DA:75,6
DA:75,6
FN:78,Collection.onlyOwner
FNDA:517,Collection.onlyOwner
DA:79,517
DA:79,517
BRDA:79,4,0,-
BRDA:79,4,1,536
FNF:9
FNH:5
LF:26
LH:18
BRF:10
BRH:4
end_of_record
TN:
SF:src/utils/SafeCollection.sol
FN:7,SafeCollection.safeAdd
FNDA:0,SafeCollection.safeAdd
DA:12,0
DA:12,0
DA:13,0
DA:13,0
DA:13,0
DA:13,0
BRDA:13,0,0,-
BRDA:13,0,1,-
DA:14,0
DA:14,0
DA:16,0
DA:16,0
FN:19,SafeCollection.safeRemove
FNDA:0,SafeCollection.safeRemove
DA:20,0
DA:20,0
DA:20,0
DA:20,0
BRDA:20,1,0,-
BRDA:20,1,1,-
DA:21,0
DA:21,0
FNF:2
FNH:0
LF:6
LH:0
BRF:4
BRH:0
end_of_record
TN:
SF:test/libraries/LzLib.sol
FN:21,LzLib.buildAdapterParams
FNDA:0,LzLib.buildAdapterParams
DA:22,0
DA:22,0
DA:22,0
DA:22,0
DA:22,0
BRDA:22,0,0,-
BRDA:22,0,1,-
DA:23,0
DA:23,0
DA:25,0
DA:25,0
FN:30,LzLib.buildDefaultAdapterParams
FNDA:140,LzLib.buildDefaultAdapterParams
DA:34,140
DA:34,140
DA:34,140
FN:37,LzLib.buildAirdropAdapterParams
FNDA:0,LzLib.buildAirdropAdapterParams
DA:38,0
DA:38,0
BRDA:38,1,0,-
BRDA:38,1,1,-
DA:39,0
DA:39,0
BRDA:39,2,0,-
BRDA:39,2,1,-
DA:44,0
DA:44,0
DA:44,0
FN:47,LzLib.getGasLimit
FNDA:0,LzLib.getGasLimit
DA:48,0
DA:48,0
BRDA:48,3,0,-
BRDA:48,3,1,-
DA:50,0
DA:50,0
FN:55,LzLib.decodeAdapterParams
FNDA:22,LzLib.decodeAdapterParams
DA:65,22
DA:65,22
BRDA:65,4,0,-
BRDA:65,4,1,22
DA:67,22
DA:67,22
DA:68,22
DA:68,22
DA:70,22
DA:70,22
BRDA:70,5,0,-
BRDA:70,5,1,22
DA:71,22
DA:71,22
BRDA:71,6,0,-
BRDA:71,6,1,22
DA:73,22
DA:73,22
BRDA:73,7,0,9
BRDA:73,7,1,22
DA:75,9
DA:75,9
DA:76,9
DA:76,9
FN:83,LzLib.bytes32ToAddress
FNDA:0,LzLib.bytes32ToAddress
DA:84,0
DA:84,0
DA:84,0
FN:87,LzLib.addressToBytes32
FNDA:0,LzLib.addressToBytes32
DA:88,0
DA:88,0
DA:88,0
FNF:7
FNH:2
LF:19
LH:9
BRF:16
BRH:5
end_of_record
TN:
SF:test/utils/LZEndpointMock.sol
FN:77,LZEndpointMock.sendNonReentrant
FNDA:7,LZEndpointMock.sendNonReentrant
DA:78,7
DA:78,7
BRDA:78,0,0,-
BRDA:78,0,1,7
DA:79,7
DA:79,7
DA:81,7
DA:81,7
FN:84,LZEndpointMock.receiveNonReentrant
FNDA:7,LZEndpointMock.receiveNonReentrant
DA:85,7
DA:85,7
BRDA:85,1,0,-
BRDA:85,1,1,7
DA:86,7
DA:86,7
DA:88,7
DA:88,7
FN:96,LZEndpointMock.
FNDA:120,LZEndpointMock.
DA:97,80
DA:97,80
DA:100,120
DA:100,120
DA:107,80
DA:107,80
DA:108,20
DA:108,20
DA:109,20
DA:109,20
FN:113,LZEndpointMock.send
FNDA:7,LZEndpointMock.send
DA:121,7
DA:121,7
BRDA:121,2,0,-
BRDA:121,2,1,7
DA:123,7
DA:123,7
DA:125,7
DA:125,7
DA:128,7
DA:128,7
DA:129,7
DA:129,7
BRDA:129,3,0,-
BRDA:129,3,1,7
DA:132,7
DA:132,7
DA:132,7
DA:133,7
DA:133,7
DA:133,7
DA:134,7
DA:134,7
BRDA:134,4,0,-
BRDA:134,4,1,7
DA:136,7
DA:136,7
DA:136,7
DA:139,7
DA:139,7
DA:139,7
DA:140,7
DA:140,7
BRDA:140,5,0,-
BRDA:140,5,1,-
DA:141,0
DA:141,0
DA:141,0
DA:142,0
DA:142,0
BRDA:142,6,0,-
BRDA:142,6,1,-
DA:147,7
DA:147,7
DA:147,7
DA:148,7
DA:148,7
BRDA:148,7,0,-
BRDA:148,7,1,3
DA:149,3
DA:149,3
DA:149,3
DA:150,3
DA:150,3
BRDA:150,8,0,-
BRDA:150,8,1,3
DA:151,0
DA:151,0
DA:155,7
DA:155,7
DA:155,7
DA:156,7
DA:156,7
DA:157,7
DA:157,7
FN:160,LZEndpointMock.receivePayload
FNDA:7,LZEndpointMock.receivePayload
DA:168,7
DA:168,7
DA:171,7
DA:171,7
BRDA:171,9,0,-
BRDA:171,9,1,7
DA:174,7
DA:174,7
DA:174,7
BRDA:174,10,0,-
BRDA:174,10,1,-
DA:175,0
DA:175,0
DA:176,0
DA:176,0
DA:176,0
DA:180,0
DA:180,0
BRDA:180,11,0,-
BRDA:180,11,1,-
DA:182,0
DA:182,0
DA:185,0
DA:185,0
DA:185,0
DA:185,0
DA:185,0
DA:186,0
DA:186,0
DA:190,0
DA:190,0
DA:192,0
DA:192,0
DA:194,7
BRDA:194,12,0,-
BRDA:194,12,1,7
DA:195,0
DA:195,0
DA:196,0
DA:196,0
DA:198,0
DA:198,0
DA:200,7
DA:200,7
FN:209,LZEndpointMock.getInboundNonce
FNDA:0,LZEndpointMock.getInboundNonce
DA:210,0
DA:210,0
FN:213,LZEndpointMock.getOutboundNonce
FNDA:0,LZEndpointMock.getOutboundNonce
DA:214,0
DA:214,0
FN:217,LZEndpointMock.estimateFees
FNDA:8,LZEndpointMock.estimateFees
DA:224,15
DA:224,15
DA:224,15
DA:227,15
DA:227,15
DA:227,15
DA:230,15
DA:230,15
DA:230,15
DA:231,15
DA:231,15
DA:234,15
DA:234,15
FN:237,LZEndpointMock.getChainId
FNDA:0,LZEndpointMock.getChainId
DA:238,0
DA:238,0
FN:241,LZEndpointMock.retryPayload
FNDA:0,LZEndpointMock.retryPayload
DA:246,0
DA:246,0
DA:247,0
DA:247,0
BRDA:247,13,0,-
BRDA:247,13,1,-
DA:248,0
DA:248,0
BRDA:248,14,0,-
BRDA:248,14,1,-
DA:250,0
DA:250,0
DA:252,0
DA:252,0
DA:253,0
DA:253,0
DA:254,0
DA:254,0
DA:256,0
DA:256,0
DA:258,0
DA:258,0
DA:259,0
DA:259,0
FN:262,LZEndpointMock.hasStoredPayload
FNDA:0,LZEndpointMock.hasStoredPayload
DA:263,0
DA:263,0
DA:264,0
DA:264,0
DA:264,0
DA:264,0
FN:267,LZEndpointMock.getSendLibraryAddress
FNDA:0,LZEndpointMock.getSendLibraryAddress
DA:268,0
DA:268,0
DA:268,0
FN:271,LZEndpointMock.getReceiveLibraryAddress
FNDA:0,LZEndpointMock.getReceiveLibraryAddress
DA:272,0
DA:272,0
DA:272,0
FN:275,LZEndpointMock.isSendingPayload
FNDA:0,LZEndpointMock.isSendingPayload
DA:276,0
DA:276,0
DA:276,0
FN:279,LZEndpointMock.isReceivingPayload
FNDA:0,LZEndpointMock.isReceivingPayload
DA:280,0
DA:280,0
DA:280,0
FN:283,LZEndpointMock.getConfig
FNDA:0,LZEndpointMock.getConfig
DA:289,0
DA:289,0
FN:292,LZEndpointMock.getSendVersion
FNDA:0,LZEndpointMock.getSendVersion
DA:295,0
DA:295,0
FN:298,LZEndpointMock.getReceiveVersion
FNDA:0,LZEndpointMock.getReceiveVersion
DA:301,0
DA:301,0
FN:304,LZEndpointMock.setConfig
FNDA:0,LZEndpointMock.setConfig
FN:311,LZEndpointMock.setSendVersion
FNDA:0,LZEndpointMock.setSendVersion
FN:315,LZEndpointMock.setReceiveVersion
FNDA:0,LZEndpointMock.setReceiveVersion
FN:319,LZEndpointMock.forceResumeReceive
FNDA:0,LZEndpointMock.forceResumeReceive
DA:320,0
DA:320,0
DA:322,0
DA:322,0
BRDA:322,15,0,-
BRDA:322,15,1,-
DA:323,0
DA:323,0
BRDA:323,16,0,-
BRDA:323,16,1,-
DA:326,0
DA:326,0
DA:327,0
DA:327,0
DA:328,0
DA:328,0
DA:330,0
DA:330,0
DA:333,0
DA:333,0
FN:338,LZEndpointMock.getLengthOfQueue
FNDA:0,LZEndpointMock.getLengthOfQueue
DA:339,0
DA:339,0
FN:343,LZEndpointMock.blockNextMsg
FNDA:0,LZEndpointMock.blockNextMsg
DA:344,0
DA:344,0
FN:347,LZEndpointMock.setDestLzEndpoint
FNDA:21,LZEndpointMock.setDestLzEndpoint
DA:348,21
DA:348,21
FN:351,LZEndpointMock.setRelayerPrice
FNDA:0,LZEndpointMock.setRelayerPrice
DA:358,0
DA:358,0
DA:359,0
DA:359,0
DA:360,0
DA:360,0
DA:361,0
DA:361,0
DA:362,0
DA:362,0
FN:365,LZEndpointMock.setProtocolFee
FNDA:0,LZEndpointMock.setProtocolFee
DA:366,0
DA:366,0
DA:367,0
DA:367,0
FN:370,LZEndpointMock.setOracleFee
FNDA:0,LZEndpointMock.setOracleFee
DA:371,0
DA:371,0
FN:374,LZEndpointMock.setDefaultAdapterParams
FNDA:0,LZEndpointMock.setDefaultAdapterParams
DA:375,0
DA:375,0
FN:380,LZEndpointMock._clearMsgQue
FNDA:0,LZEndpointMock._clearMsgQue
DA:381,0
DA:381,0
DA:384,0
DA:384,0
DA:385,0
DA:385,0
DA:386,0
DA:386,0
DA:387,0
DA:387,0
FN:391,LZEndpointMock._getProtocolFees
FNDA:15,LZEndpointMock._getProtocolFees
DA:396,15
BRDA:396,17,0,-
BRDA:396,17,1,15
DA:397,0
DA:397,0
DA:399,15
DA:399,15
DA:399,15
FN:403,LZEndpointMock._getRelayerFee
FNDA:15,LZEndpointMock._getRelayerFee
DA:410,15
DA:410,15
DA:410,15
DA:411,15
DA:411,15
DA:412,15
DA:412,15
BRDA:412,18,0,-
BRDA:412,18,1,6
DA:413,6
DA:413,6
BRDA:413,19,0,-
BRDA:413,19,1,6
DA:414,6
DA:414,6
DA:417,15
DA:417,15
DA:417,15
DA:418,15
DA:418,15
DA:422,15
DA:422,15
DA:422,15
DA:422,15
DA:425,15
DA:425,15
DA:425,15
DA:425,15
DA:427,15
DA:427,15
DA:427,15
DA:427,15
FNF:32
FNH:9
LF:113
LH:52
BRF:40
BRH:12
end_of_record
TN:
SF:test/utils/MarketplaceMock.sol
FN:6,MarketplaceMock.updateTokenOwner
FNDA:49,MarketplaceMock.updateTokenOwner
FN:12,MarketplaceMock.afterBurnToken
FNDA:1,MarketplaceMock.afterBurnToken
FNF:2
FNH:2
LF:0
LH:0
BRF:0
BRH:0
end_of_record
TN:
SF:test/utils/TangibleERC20Mock.sol
FN:13,TangibleERC20Mock.
FNDA:0,TangibleERC20Mock.
DA:14,0
DA:14,0
FN:17,TangibleERC20Mock.burnFrom
FNDA:2,TangibleERC20Mock.burnFrom
DA:18,2
DA:18,2
DA:18,2
DA:19,2
DA:19,2
BRDA:19,0,0,-
BRDA:19,0,1,2
DA:21,2
DA:21,2
DA:23,2
DA:23,2
FN:26,TangibleERC20Mock.mint
FNDA:24,TangibleERC20Mock.mint
DA:27,24
DA:27,24
FN:30,TangibleERC20Mock.mintFor
FNDA:27,TangibleERC20Mock.mintFor
DA:31,27
DA:31,27
FN:34,TangibleERC20Mock._update
FNDA:80,TangibleERC20Mock._update
DA:35,80
DA:35,80
DA:36,80
DA:36,80
BRDA:36,1,0,-
BRDA:36,1,1,80
FNF:5
FNH:4
LF:9
LH:8
BRF:4
BRH:2
end_of_record
TN:
SF:test/utils/Utility.sol
FN:53,Utility._asSingletonArrayUint
FNDA:0,Utility._asSingletonArrayUint
DA:54,0
DA:54,0
DA:54,0
DA:55,0
DA:55,0
DA:57,0
DA:57,0
FN:61,Utility._asSingletonArrayAddress
FNDA:0,Utility._asSingletonArrayAddress
DA:62,0
DA:62,0
DA:62,0
DA:63,0
DA:63,0
DA:65,0
DA:65,0
FN:69,Utility._asSingletonArrayString
FNDA:0,Utility._asSingletonArrayString
DA:70,0
DA:70,0
DA:70,0
DA:71,0
DA:71,0
DA:73,0
DA:73,0
FN:77,Utility.assertWithinPrecision
FNDA:0,Utility.assertWithinPrecision
DA:78,0
DA:78,0
DA:78,0
DA:79,0
DA:79,0
BRDA:79,0,0,-
BRDA:79,0,1,-
DA:79,0
DA:81,0
DA:81,0
DA:81,0
DA:82,0
DA:82,0
DA:82,0
DA:84,0
DA:84,0
BRDA:84,1,0,-
BRDA:84,1,1,-
DA:85,0
DA:85,0
DA:86,0
DA:86,0
DA:87,0
DA:87,0
DA:88,0
DA:88,0
FN:93,Utility.assertWithinDiff
FNDA:0,Utility.assertWithinDiff
DA:94,0
DA:94,0
DA:94,0
DA:95,0
DA:95,0
DA:95,0
DA:97,0
DA:97,0
BRDA:97,2,0,-
BRDA:97,2,1,-
DA:98,0
DA:98,0
DA:99,0
DA:99,0
DA:100,0
DA:100,0
DA:101,0
DA:101,0
DA:102,0
DA:102,0
FNF:5
FNH:0
LF:26
LH:0
BRF:6
BRH:0
end_of_record
