TN:
SF:script/base/DeployUtility.sol
FN:20,DeployUtility._setUp
FNDA:0,DeployUtility._setUp
DA:21,0
FN:31,DeployUtility._saveDeploymentAddress
FNDA:0,DeployUtility._saveDeploymentAddress
DA:34,0
DA:35,0
DA:36,0
DA:37,0
DA:38,0
DA:40,0
BRDA:40,0,0,-
BRDA:40,0,1,-
DA:41,0
DA:42,0
DA:44,0
DA:47,0
DA:49,0
DA:50,0
BRDA:50,1,0,-
BRDA:50,1,1,-
DA:51,0
DA:52,0
DA:54,0
DA:55,0
DA:59,0
BRDA:59,2,0,-
BRDA:59,2,1,-
DA:60,0
DA:63,0
FN:73,DeployUtility._loadDeploymentAddress
FNDA:0,DeployUtility._loadDeploymentAddress
DA:76,0
DA:77,0
DA:79,0
BRDA:79,3,0,-
BRDA:79,3,1,-
DA:80,0
DA:81,0
DA:82,0
DA:83,0
BRDA:83,4,0,-
BRDA:83,4,1,-
DA:84,0
DA:89,0
FNF:3
FNH:0
LF:29
LH:0
BRF:10
BRH:0
end_of_record
TN:
SF:script/deploy/mumbai/DeployMigrator.s.sol
FN:48,DeployMigrator.setUp
FNDA:0,DeployMigrator.setUp
DA:49,0
FN:52,DeployMigrator.run
FNDA:0,DeployMigrator.run
DA:53,0
DA:56,0
DA:59,0
DA:70,0
DA:75,0
DA:76,0
DA:77,0
DA:79,0
DA:81,0
DA:86,0
DA:88,0
FNF:2
FNH:0
LF:12
LH:0
BRF:0
BRH:0
end_of_record
TN:
SF:script/deploy/mumbai/UpgradeMigrator.s.sol
FN:40,UpgradeMigrator.setUp
FNDA:0,UpgradeMigrator.setUp
DA:41,0
FN:44,UpgradeMigrator.run
FNDA:0,UpgradeMigrator.run
DA:45,0
DA:48,0
DA:51,0
DA:55,0
DA:57,0
FNF:2
FNH:0
LF:6
LH:0
BRF:0
BRH:0
end_of_record
TN:
SF:script/deploy/sepolia/DeployReceiver.s.sol
FN:57,DeployReceiver.setUp
FNDA:0,DeployReceiver.setUp
DA:58,0
FN:61,DeployReceiver.run
FNDA:0,DeployReceiver.run
DA:62,0
DA:67,0
DA:70,0
DA:81,0
DA:84,0
DA:95,0
DA:98,0
DA:112,0
DA:115,0
DA:128,0
DA:130,0
DA:132,0
DA:133,0
DA:138,0
DA:139,0
DA:141,0
DA:142,0
DA:144,0
DA:145,0
DA:147,0
FNF:2
FNH:0
LF:21
LH:0
BRF:0
BRH:0
end_of_record
TN:
SF:script/deploy/unreal/DeployAPI.s.sol
FN:37,DeployAPI.setUp
FNDA:0,DeployAPI.setUp
DA:38,0
DA:39,0
DA:41,0
DA:42,0
DA:43,0
FN:46,DeployAPI.run
FNDA:0,DeployAPI.run
DA:47,0
DA:52,0
DA:55,0
DA:64,0
DA:65,0
DA:69,0
DA:71,0
FNF:2
FNH:0
LF:12
LH:0
BRF:0
BRH:0
end_of_record
TN:
SF:script/deploy/unreal/DeployExactInputWrapper.s.sol
FN:42,DeployExactInputWrapper.setUp
FNDA:0,DeployExactInputWrapper.setUp
DA:43,0
DA:44,0
DA:45,0
FN:48,DeployExactInputWrapper.run
FNDA:0,DeployExactInputWrapper.run
DA:49,0
DA:54,0
DA:60,0
DA:64,0
DA:65,0
DA:67,0
FNF:2
FNH:0
LF:9
LH:0
BRF:0
BRH:0
end_of_record
TN:
SF:script/deploy/unreal/DeployRWAToken.s.sol
FN:42,DeployRWAToken.setUp
FNDA:0,DeployRWAToken.setUp
DA:43,0
FN:46,DeployRWAToken.run
FNDA:0,DeployRWAToken.run
DA:47,0
DA:66,0
FNF:2
FNH:0
LF:3
LH:0
BRF:0
BRH:0
end_of_record
TN:
SF:script/deploy/unreal/DeployReceiver.s.sol
FN:52,DeployReceiver.setUp
FNDA:0,DeployReceiver.setUp
DA:53,0
DA:54,0
DA:56,0
DA:57,0
DA:58,0
FN:61,DeployReceiver.run
FNDA:0,DeployReceiver.run
DA:62,0
DA:67,0
DA:70,0
DA:79,0
DA:80,0
DA:85,0
DA:87,0
DA:94,0
DA:96,0
FNF:2
FNH:0
LF:14
LH:0
BRF:0
BRH:0
end_of_record
TN:
SF:script/deploy/unreal/DeployRevStreamETH.s.sol
FN:42,DeployRevStreamETH.setUp
FNDA:0,DeployRevStreamETH.setUp
DA:43,0
DA:44,0
DA:45,0
FN:48,DeployRevStreamETH.run
FNDA:0,DeployRevStreamETH.run
DA:49,0
DA:52,0
DA:53,0
DA:56,0
DA:64,0
DA:65,0
DA:68,0
DA:70,0
FNF:2
FNH:0
LF:11
LH:0
BRF:0
BRH:0
end_of_record
TN:
SF:script/deploy/unreal/DeployRoyaltyHandler.s.sol
FN:61,DeployRoyaltyHandler.setUp
FNDA:0,DeployRoyaltyHandler.setUp
DA:62,0
DA:63,0
DA:65,0
DA:66,0
FN:69,DeployRoyaltyHandler.run
FNDA:0,DeployRoyaltyHandler.run
DA:70,0
DA:73,0
DA:75,0
DA:87,0
DA:88,0
DA:92,0
DA:94,0
DA:95,0
DA:97,0
DA:99,0
FNF:2
FNH:0
LF:14
LH:0
BRF:0
BRH:0
end_of_record
TN:
SF:script/deploy/unreal/DeployToUnreal.s.sol
FN:91,DeployToUnreal.setUp
FNDA:0,DeployToUnreal.setUp
DA:92,0
DA:93,0
FN:96,DeployToUnreal.run
FNDA:0,DeployToUnreal.run
DA:97,0
DA:104,0
DA:106,0
DA:112,0
DA:113,0
DA:117,0
DA:119,0
DA:125,0
DA:126,0
DA:130,0
DA:132,0
DA:141,0
DA:142,0
DA:146,0
DA:148,0
DA:157,0
DA:158,0
DA:162,0
DA:164,0
DA:172,0
DA:173,0
DA:177,0
DA:179,0
DA:192,0
DA:193,0
DA:197,0
DA:199,0
DA:207,0
DA:208,0
DA:212,0
DA:214,0
DA:216,0
DA:224,0
DA:225,0
DA:229,0
DA:231,0
DA:240,0
DA:241,0
DA:249,0
DA:252,0
DA:255,0
DA:257,0
DA:258,0
DA:259,0
DA:260,0
DA:262,0
DA:268,0
DA:269,0
DA:270,0
DA:271,0
DA:272,0
DA:275,0
DA:282,0
DA:283,0
DA:290,0
DA:291,0
DA:292,0
DA:293,0
DA:294,0
DA:295,0
DA:296,0
DA:297,0
DA:298,0
DA:317,0
FNF:2
FNH:0
LF:66
LH:0
BRF:0
BRH:0
end_of_record
TN:
SF:script/deploy/unreal/UpgradeAPI.s.sol
FN:32,UpgradeAPI.setUp
FNDA:0,UpgradeAPI.setUp
DA:33,0
FN:36,UpgradeAPI.run
FNDA:0,UpgradeAPI.run
DA:37,0
DA:40,0
DA:43,0
DA:47,0
DA:49,0
FNF:2
FNH:0
LF:6
LH:0
BRF:0
BRH:0
end_of_record
TN:
SF:script/deploy/unreal/UpgradeRWAToken.s.sol
FN:33,UpgradeRWAToken.setUp
FNDA:0,UpgradeRWAToken.setUp
DA:34,0
FN:37,UpgradeRWAToken.run
FNDA:0,UpgradeRWAToken.run
DA:38,0
DA:40,0
DA:41,0
DA:43,0
DA:45,0
FNF:2
FNH:0
LF:6
LH:0
BRF:0
BRH:0
end_of_record
TN:
SF:script/deploy/unreal/UpgradeRWAVotingEscrow.s.sol
FN:40,UpgradeRWAVotingEscrow.setUp
FNDA:0,UpgradeRWAVotingEscrow.setUp
DA:41,0
DA:42,0
DA:44,0
DA:45,0
FN:48,UpgradeRWAVotingEscrow.run
FNDA:0,UpgradeRWAVotingEscrow.run
DA:49,0
DA:51,0
DA:52,0
DA:54,0
FNF:2
FNH:0
LF:8
LH:0
BRF:0
BRH:0
end_of_record
TN:
SF:script/deploy/unreal/UpgradeRealReceiver.s.sol
FN:33,UpgradeRealReceiver.setUp
FNDA:0,UpgradeRealReceiver.setUp
DA:34,0
DA:35,0
DA:36,0
FN:39,UpgradeRealReceiver.run
FNDA:0,UpgradeRealReceiver.run
DA:40,0
DA:42,0
DA:43,0
DA:45,0
FNF:2
FNH:0
LF:7
LH:0
BRF:0
BRH:0
end_of_record
TN:
SF:script/deploy/unreal/UpgradeRevDistributor.s.sol
FN:52,UpgradeRevDistributor.setUp
FNDA:0,UpgradeRevDistributor.setUp
DA:53,0
DA:54,0
DA:56,0
DA:57,0
FN:60,UpgradeRevDistributor.run
FNDA:0,UpgradeRevDistributor.run
DA:61,0
DA:63,0
DA:64,0
DA:66,0
DA:67,0
DA:68,0
DA:69,0
DA:71,0
FNF:2
FNH:0
LF:12
LH:0
BRF:0
BRH:0
end_of_record
TN:
SF:script/deploy/unreal/UpgradeRevStreamETH.s.sol
FN:33,UpgradeRevStreamETH.setUp
FNDA:0,UpgradeRevStreamETH.setUp
DA:34,0
FN:37,UpgradeRevStreamETH.run
FNDA:0,UpgradeRevStreamETH.run
DA:38,0
DA:40,0
DA:41,0
DA:43,0
DA:45,0
FNF:2
FNH:0
LF:6
LH:0
BRF:0
BRH:0
end_of_record
TN:
SF:script/deploy/unreal/UpgradeRoyaltyHandler.s.sol
FN:33,UpgradeRoyaltyHandler.setUp
FNDA:0,UpgradeRoyaltyHandler.setUp
DA:34,0
DA:35,0
DA:36,0
FN:39,UpgradeRoyaltyHandler.run
FNDA:0,UpgradeRoyaltyHandler.run
DA:40,0
DA:42,0
DA:43,0
DA:45,0
FNF:2
FNH:0
LF:7
LH:0
BRF:0
BRH:0
end_of_record
TN:
SF:script/read/unreal/GetCaviarDepositFee.s.sol
FN:29,GetCaviarDepositFee.setUp
FNDA:0,GetCaviarDepositFee.setUp
DA:30,0
FN:33,GetCaviarDepositFee.run
FNDA:0,GetCaviarDepositFee.run
DA:34,0
DA:36,0
DA:38,0
DA:40,0
FNF:2
FNH:0
LF:5
LH:0
BRF:0
BRH:0
end_of_record
TN:
SF:script/read/unreal/GetNFTData.s.sol
FN:32,GetNFTData.setUp
FNDA:0,GetNFTData.setUp
DA:33,0
FN:36,GetNFTData.run
FNDA:0,GetNFTData.run
DA:37,0
DA:39,0
DA:41,0
FNF:2
FNH:0
LF:4
LH:0
BRF:0
BRH:0
end_of_record
TN:
SF:script/write/mumbai/MigrateNFT.s.sol
FN:54,MigrateNFT.setUp
FNDA:0,MigrateNFT.setUp
DA:55,0
FN:58,MigrateNFT.run
FNDA:0,MigrateNFT.run
DA:59,0
DA:61,0
DA:66,0
DA:68,0
DA:69,0
DA:70,0
DA:71,0
DA:72,0
DA:73,0
DA:74,0
DA:76,0
DA:79,0
DA:81,0
DA:90,0
DA:101,0
DA:102,0
DA:110,0
FNF:2
FNH:0
LF:18
LH:0
BRF:0
BRH:0
end_of_record
TN:
SF:script/write/mumbai/MigrateNFTBatch.s.sol
FN:54,MigrateNFTBatch.setUp
FNDA:0,MigrateNFTBatch.setUp
DA:55,0
FN:58,MigrateNFTBatch.run
FNDA:0,MigrateNFTBatch.run
DA:59,0
DA:61,0
DA:62,0
DA:63,0
DA:65,0
DA:66,0
DA:68,0
DA:69,0
DA:70,0
DA:71,0
DA:72,0
DA:74,0
DA:75,0
DA:82,0
DA:83,0
DA:85,0
DA:86,0
DA:87,0
DA:88,0
DA:89,0
DA:90,0
DA:93,0
DA:96,0
DA:98,0
DA:107,0
DA:109,0
DA:110,0
DA:120,0
FNF:2
FNH:0
LF:29
LH:0
BRF:0
BRH:0
end_of_record
TN:
SF:script/write/mumbai/MigrateTokens.s.sol
FN:47,MigrateTokens.setUp
FNDA:0,MigrateTokens.setUp
DA:48,0
FN:51,MigrateTokens.run
FNDA:0,MigrateTokens.run
DA:52,0
DA:54,0
DA:56,0
DA:59,0
DA:62,0
DA:70,0
DA:72,0
DA:73,0
DA:81,0
FNF:2
FNH:0
LF:10
LH:0
BRF:0
BRH:0
end_of_record
TN:
SF:script/write/mumbai/SetTrustedRemote.s.sol
FN:42,SetTrustedRemote.setUp
FNDA:0,SetTrustedRemote.setUp
DA:43,0
DA:44,0
DA:45,0
DA:46,0
DA:48,0
DA:49,0
FN:52,SetTrustedRemote.run
FNDA:0,SetTrustedRemote.run
DA:53,0
DA:55,0
DA:56,0
DA:58,0
FNF:2
FNH:0
LF:10
LH:0
BRF:0
BRH:0
end_of_record
TN:
SF:script/write/mumbai/UpgradeMigrator.s.sol
FN:39,UpgradeMigrator.setUp
FNDA:0,UpgradeMigrator.setUp
DA:40,0
FN:43,UpgradeMigrator.run
FNDA:0,UpgradeMigrator.run
DA:44,0
DA:47,0
DA:50,0
DA:55,0
FNF:2
FNH:0
LF:5
LH:0
BRF:0
BRH:0
end_of_record
TN:
SF:script/write/sepolia/SetTrustedRemoteOnReceiver.s.sol
FN:34,SetTrustedRemoteOnReceiver.setUp
FNDA:0,SetTrustedRemoteOnReceiver.setUp
DA:35,0
FN:38,SetTrustedRemoteOnReceiver.run
FNDA:0,SetTrustedRemoteOnReceiver.run
DA:39,0
DA:41,0
DA:43,0
FNF:2
FNH:0
LF:4
LH:0
BRF:0
BRH:0
end_of_record
TN:
SF:script/write/unreal/DistributeRevenue.s.sol
FN:68,DistributeRevenue.setUp
FNDA:0,DistributeRevenue.setUp
DA:69,0
DA:70,0
DA:72,0
DA:73,0
DA:74,0
DA:76,0
FN:79,DistributeRevenue.run
FNDA:0,DistributeRevenue.run
DA:80,0
DA:82,0
DA:83,0
DA:85,0
DA:86,0
BRDA:86,0,0,-
BRDA:86,0,1,-
DA:88,0
DA:92,0
DA:94,0
DA:109,0
BRDA:109,1,0,-
BRDA:109,1,1,-
DA:111,0
DA:118,0
DA:119,0
DA:121,0
DA:122,0
DA:133,0
DA:134,0
DA:139,0
DA:140,0
DA:141,0
DA:143,0
DA:151,0
DA:153,0
FNF:2
FNH:0
LF:28
LH:0
BRF:4
BRH:0
end_of_record
TN:
SF:script/write/unreal/DistributeRevenue3.s.sol
FN:84,DistributeRevenue3.setUp
FNDA:0,DistributeRevenue3.setUp
DA:85,0
DA:86,0
FN:89,DistributeRevenue3.run
FNDA:0,DistributeRevenue3.run
DA:90,0
DA:93,0
DA:94,0
DA:95,0
DA:97,0
DA:98,0
DA:99,0
DA:103,0
DA:114,0
DA:115,0
DA:127,0
DA:128,0
DA:134,0
DA:135,0
DA:136,0
DA:150,0
DA:155,0
DA:158,0
DA:159,0
DA:172,0
DA:173,0
DA:174,0
DA:179,0
DA:180,0
DA:181,0
DA:182,0
DA:184,0
DA:185,0
DA:186,0
DA:187,0
DA:189,0
DA:190,0
DA:191,0
DA:192,0
DA:194,0
DA:195,0
DA:204,0
DA:206,0
DA:210,0
DA:217,0
DA:218,0
DA:219,0
DA:221,0
FNF:2
FNH:0
LF:45
LH:0
BRF:0
BRH:0
end_of_record
TN:
SF:script/write/unreal/SetAMMPair.s.sol
FN:29,SetAMMPair.setUp
FNDA:0,SetAMMPair.setUp
DA:30,0
DA:31,0
DA:32,0
FN:35,SetAMMPair.run
FNDA:0,SetAMMPair.run
DA:36,0
DA:38,0
DA:40,0
FNF:2
FNH:0
LF:6
LH:0
BRF:0
BRH:0
end_of_record
TN:
SF:script/write/unreal/SetGaugeOnRoyaltyHandler.s.sol
FN:42,SetGaugeOnRoyaltyHandler.setUp
FNDA:0,SetGaugeOnRoyaltyHandler.setUp
DA:43,0
DA:44,0
DA:45,0
FN:48,SetGaugeOnRoyaltyHandler.run
FNDA:0,SetGaugeOnRoyaltyHandler.run
DA:49,0
DA:52,0
DA:64,0
DA:65,0
DA:67,0
FNF:2
FNH:0
LF:8
LH:0
BRF:0
BRH:0
end_of_record
TN:
SF:script/write/unreal/SetTrustedRemoteOnReceiver.s.sol
FN:33,SetTrustedRemoteOnReceiver.setUp
FNDA:0,SetTrustedRemoteOnReceiver.setUp
DA:34,0
DA:35,0
DA:36,0
DA:37,0
FN:40,SetTrustedRemoteOnReceiver.run
FNDA:0,SetTrustedRemoteOnReceiver.run
DA:41,0
DA:43,0
DA:45,0
FNF:2
FNH:0
LF:7
LH:0
BRF:0
BRH:0
end_of_record
TN:
SF:script/write/unreal/UpdatePearlAddresses.s.sol
FN:51,UpdatePearlAddresses.setUp
FNDA:0,UpdatePearlAddresses.setUp
DA:52,0
DA:53,0
DA:55,0
DA:56,0
DA:58,0
DA:59,0
DA:61,0
DA:62,0
FN:65,UpdatePearlAddresses.run
FNDA:0,UpdatePearlAddresses.run
DA:66,0
DA:68,0
DA:69,0
DA:70,0
DA:79,0
FNF:2
FNH:0
LF:13
LH:0
BRF:0
BRH:0
end_of_record
TN:
SF:src/CrossChainMigrator.sol
FN:156,CrossChainMigrator.initialize
FNDA:0,CrossChainMigrator.initialize
DA:164,0
BRDA:164,0,0,-
BRDA:164,0,1,-
DA:165,0
BRDA:165,1,0,-
BRDA:165,1,1,-
DA:167,0
DA:168,0
DA:169,0
DA:171,0
DA:173,0
DA:174,0
DA:175,0
DA:177,0
DA:180,0
DA:182,0
DA:183,0
FN:203,CrossChainMigrator.migrateNFT
FNDA:5,CrossChainMigrator.migrateNFT
DA:210,5
BRDA:210,2,0,1
BRDA:210,2,1,4
DA:213,4
DA:215,4
DA:217,4
DA:222,4
DA:224,4
DA:225,4
BRDA:225,3,0,-
BRDA:225,3,1,4
DA:227,0
DA:231,4
DA:235,4
BRDA:235,4,0,1
BRDA:235,4,1,3
DA:236,1
DA:239,3
DA:241,3
BRDA:241,5,0,-
BRDA:241,5,1,3
DA:242,0
DA:245,3
DA:254,3
FN:274,CrossChainMigrator.migrateNFTBatch
FNDA:3,CrossChainMigrator.migrateNFTBatch
DA:281,3
BRDA:281,6,0,1
BRDA:281,6,1,2
DA:283,2
DA:284,2
DA:286,2
DA:288,20
DA:290,20
DA:292,20
DA:299,20
DA:301,20
BRDA:301,7,0,-
BRDA:301,7,1,-
DA:303,0
DA:307,20
DA:311,20
BRDA:311,8,0,-
BRDA:311,8,1,-
DA:312,0
DA:315,20
DA:317,20
BRDA:317,9,0,-
BRDA:317,9,1,-
DA:318,0
DA:321,20
DA:329,20
DA:333,2
DA:335,2
FN:357,CrossChainMigrator.migrateTokens
FNDA:3,CrossChainMigrator.migrateTokens
DA:364,3
BRDA:364,10,0,1
BRDA:364,10,1,2
DA:365,2
BRDA:365,11,0,-
BRDA:365,11,1,2
DA:367,2
DA:369,2
DA:371,2
DA:373,2
DA:375,2
FN:385,CrossChainMigrator.burnToken
FNDA:2,CrossChainMigrator.burnToken
DA:386,1
BRDA:386,12,0,-
BRDA:386,12,1,1
DA:388,1
DA:391,1
DA:393,1
DA:395,1
BRDA:395,13,0,-
BRDA:395,13,1,1
DA:397,1
DA:399,1
BRDA:399,14,0,1
BRDA:399,14,1,-
DA:401,1
DA:404,0
DA:407,1
DA:408,1
DA:410,1
BRDA:410,15,0,-
BRDA:410,15,1,-
DA:411,0
DA:414,1
FN:420,CrossChainMigrator.toggleMigration
FNDA:6,CrossChainMigrator.toggleMigration
DA:421,6
DA:422,6
FN:429,CrossChainMigrator.setTngblAddress
FNDA:3,CrossChainMigrator.setTngblAddress
DA:430,2
BRDA:430,16,0,1
BRDA:430,16,1,1
DA:431,1
FN:437,CrossChainMigrator.setPassiveIncomeCalculator
FNDA:3,CrossChainMigrator.setPassiveIncomeCalculator
DA:438,2
BRDA:438,17,0,1
BRDA:438,17,1,1
DA:439,1
FN:446,CrossChainMigrator.setPassiveIncomeNFTAddress
FNDA:3,CrossChainMigrator.setPassiveIncomeNFTAddress
DA:447,2
BRDA:447,18,0,1
BRDA:447,18,1,1
DA:448,1
FN:454,CrossChainMigrator.burnTngbl
FNDA:2,CrossChainMigrator.burnTngbl
DA:455,1
FN:461,CrossChainMigrator.setReceiver
FNDA:3,CrossChainMigrator.setReceiver
DA:462,2
BRDA:462,19,0,1
BRDA:462,19,1,1
DA:463,1
FN:483,CrossChainMigrator.estimateMigrateTokensFee
FNDA:2,CrossChainMigrator.estimateMigrateTokensFee
DA:491,2
DA:492,2
FN:508,CrossChainMigrator.estimateMigrateNFTFee
FNDA:4,CrossChainMigrator.estimateMigrateNFTFee
DA:517,4
DA:518,4
FN:534,CrossChainMigrator.estimateMigrateNFTFee
FNDA:2,CrossChainMigrator.estimateMigrateNFTFee
DA:543,2
DA:544,2
FN:555,CrossChainMigrator._burnTngbl
FNDA:2,CrossChainMigrator._burnTngbl
DA:556,2
DA:558,2
DA:559,2
FN:574,CrossChainMigrator._checkAdapterParams
FNDA:8,CrossChainMigrator._checkAdapterParams
DA:575,8
BRDA:575,20,0,8
BRDA:575,20,1,-
DA:576,8
DA:578,0
BRDA:578,21,0,-
BRDA:578,21,1,-
FN:589,CrossChainMigrator._nonblockingLzReceive
FNDA:0,CrossChainMigrator._nonblockingLzReceive
DA:591,0
BRDA:591,22,0,-
BRDA:591,22,1,-
FN:597,CrossChainMigrator._authorizeUpgrade
FNDA:0,CrossChainMigrator._authorizeUpgrade
FNF:18
FNH:15
LF:94
LH:72
BRF:46
BRH:23
end_of_record
TN:
SF:src/Marketplace.sol
FN:105,Marketplace.initialize
FNDA:0,Marketplace.initialize
DA:111,0
DA:112,0
DA:114,0
DA:117,0
DA:118,0
DA:119,0
DA:120,0
DA:121,0
FN:134,Marketplace.listMarketItem
FNDA:4,Marketplace.listMarketItem
DA:135,4
BRDA:135,0,0,-
BRDA:135,0,1,4
DA:136,4
DA:137,4
DA:138,4
BRDA:138,1,0,-
BRDA:138,1,1,4
DA:145,4
DA:154,4
BRDA:154,2,0,-
BRDA:154,2,1,3
DA:155,3
DA:156,3
DA:158,1
FN:166,Marketplace.delistMarketItem
FNDA:0,Marketplace.delistMarketItem
DA:167,0
DA:169,0
DA:171,0
BRDA:171,3,0,-
BRDA:171,3,1,-
DA:172,0
BRDA:172,4,0,-
BRDA:172,4,1,-
DA:174,0
DA:176,0
DA:177,0
DA:178,0
DA:180,0
FN:188,Marketplace.purchaseMarketItem
FNDA:1,Marketplace.purchaseMarketItem
DA:189,1
DA:191,1
BRDA:191,5,0,-
BRDA:191,5,1,1
DA:193,1
DA:194,1
DA:195,1
DA:196,1
DA:198,1
BRDA:198,6,0,1
BRDA:198,6,1,1
DA:199,1
BRDA:199,7,0,-
BRDA:199,7,1,-
DA:200,0
BRDA:200,8,0,-
BRDA:200,8,1,-
DA:202,0
DA:203,0
DA:205,0
BRDA:205,9,0,-
BRDA:205,9,1,-
DA:206,0
DA:207,0
BRDA:207,10,0,-
BRDA:207,10,1,-
DA:209,0
DA:210,0
BRDA:210,11,0,-
BRDA:210,11,1,-
DA:213,1
DA:215,1
DA:216,1
DA:218,1
BRDA:218,12,0,1
BRDA:218,12,1,1
DA:219,1
DA:221,1
DA:226,1
DA:228,1
DA:230,1
FN:243,Marketplace.addPaymentToken
FNDA:0,Marketplace.addPaymentToken
DA:251,0
BRDA:251,13,0,-
BRDA:251,13,1,-
DA:252,0
DA:253,0
FN:261,Marketplace.removePaymentToken
FNDA:0,Marketplace.removePaymentToken
DA:262,0
BRDA:262,14,0,-
BRDA:262,14,1,-
DA:263,0
DA:265,0
DA:266,0
DA:267,0
BRDA:267,15,0,-
BRDA:267,15,1,-
DA:268,0
DA:269,0
DA:272,0
FN:280,Marketplace.setFee
FNDA:0,Marketplace.setFee
DA:281,0
BRDA:281,16,0,-
BRDA:281,16,1,-
DA:282,0
BRDA:282,17,0,-
BRDA:282,17,1,-
DA:283,0
FN:289,Marketplace.setRevDistributor
FNDA:0,Marketplace.setRevDistributor
DA:290,0
BRDA:290,18,0,-
BRDA:290,18,1,-
DA:294,0
FN:300,Marketplace.afterBurnToken
FNDA:0,Marketplace.afterBurnToken
DA:301,0
BRDA:301,19,0,-
BRDA:301,19,1,-
DA:302,0
FN:315,Marketplace.getPaymentTokens
FNDA:0,Marketplace.getPaymentTokens
DA:316,0
FN:322,Marketplace.getMarketItem
FNDA:0,Marketplace.getMarketItem
DA:323,0
FN:329,Marketplace.fetchMarketItems
FNDA:0,Marketplace.fetchMarketItems
DA:334,0
DA:340,0
DA:341,0
DA:342,0
DA:343,0
DA:344,0
FN:351,Marketplace.totalValueByOwner
FNDA:0,Marketplace.totalValueByOwner
DA:352,0
DA:353,0
DA:354,0
DA:355,0
FN:411,Marketplace.fetchItems
FNDA:0,Marketplace.fetchItems
DA:416,0
DA:417,0
BRDA:417,20,0,-
BRDA:417,20,1,-
DA:418,0
DA:419,0
DA:420,0
FN:430,Marketplace._countRemainingItems
FNDA:0,Marketplace._countRemainingItems
DA:436,0
DA:439,0
DA:440,0
DA:441,0
DA:442,0
FN:446,Marketplace._isBurned
FNDA:0,Marketplace._isBurned
DA:447,0
FN:463,Marketplace._authorizeUpgrade
FNDA:0,Marketplace._authorizeUpgrade
FNF:17
FNH:2
LF:92
LH:26
BRF:42
BRH:8
end_of_record
TN:
SF:src/RWAToken.sol
FN:123,RWAToken.initialize
FNDA:2,RWAToken.initialize
DA:126,2
BRDA:126,0,0,1
BRDA:126,0,1,1
DA:128,1
DA:129,1
DA:130,1
DA:132,1
DA:133,1
DA:134,1
DA:136,1
FN:148,RWAToken.updateFee
FNDA:3,RWAToken.updateFee
DA:149,2
BRDA:149,1,0,1
BRDA:149,1,1,1
DA:150,1
DA:151,1
FN:158,RWAToken.setRoyaltyHandler
FNDA:3,RWAToken.setRoyaltyHandler
DA:159,2
BRDA:159,2,0,1
BRDA:159,2,1,1
DA:161,1
BRDA:161,3,0,1
BRDA:161,3,1,1
DA:162,1
DA:163,1
DA:166,1
DA:167,1
DA:169,1
FN:176,RWAToken.setReceiver
FNDA:3,RWAToken.setReceiver
DA:177,2
BRDA:177,4,0,1
BRDA:177,4,1,1
DA:179,1
BRDA:179,5,0,1
BRDA:179,5,1,1
DA:180,1
DA:181,1
DA:184,1
DA:185,1
DA:187,1
FN:194,RWAToken.setVotingEscrowRWA
FNDA:3,RWAToken.setVotingEscrowRWA
DA:195,2
BRDA:195,6,0,1
BRDA:195,6,1,1
DA:197,1
BRDA:197,7,0,1
BRDA:197,7,1,1
DA:198,1
DA:199,1
DA:200,1
DA:203,1
DA:204,1
DA:205,1
DA:207,1
FN:215,RWAToken.setAutomatedMarketMakerPair
FNDA:6,RWAToken.setAutomatedMarketMakerPair
DA:216,5
BRDA:216,8,0,1
BRDA:216,8,1,4
DA:217,4
FN:226,RWAToken.excludeFromFees
FNDA:4,RWAToken.excludeFromFees
DA:227,4
DA:228,4
FN:236,RWAToken.modifyBlacklist
FNDA:6,RWAToken.modifyBlacklist
DA:237,5
BRDA:237,9,0,1
BRDA:237,9,1,4
DA:238,4
DA:239,4
FN:246,RWAToken.burn
FNDA:523,RWAToken.burn
DA:247,523
BRDA:247,10,0,1
BRDA:247,10,1,522
DA:248,522
FN:255,RWAToken.mint
FNDA:28,RWAToken.mint
DA:256,28
BRDA:256,11,0,1
BRDA:256,11,1,27
DA:257,27
FN:265,RWAToken.mintFor
FNDA:318,RWAToken.mintFor
DA:266,318
BRDA:266,12,0,1
BRDA:266,12,1,317
DA:267,317
FN:283,RWAToken._update
FNDA:3303,RWAToken._update
DA:288,3303
BRDA:288,13,0,1
BRDA:288,13,1,3302
DA:289,3302
BRDA:289,14,0,1
BRDA:289,14,1,3301
DA:291,3301
DA:293,3301
BRDA:293,15,0,1
BRDA:293,15,1,776
DA:296,1296
BRDA:296,16,0,1
BRDA:296,16,1,776
DA:297,777
DA:299,777
DA:300,777
DA:302,777
BRDA:302,17,0,1
BRDA:302,17,1,776
DA:303,776
DA:307,3300
DA:308,3300
BRDA:308,18,0,1
BRDA:308,18,1,3299
FN:316,RWAToken._setAutomatedMarketMakerPair
FNDA:4,RWAToken._setAutomatedMarketMakerPair
DA:317,4
BRDA:317,19,0,1
BRDA:317,19,1,3
DA:319,3
DA:320,3
FN:327,RWAToken._authorizeUpgrade
FNDA:0,RWAToken._authorizeUpgrade
FNF:14
FNH:13
LF:62
LH:62
BRF:40
BRH:40
end_of_record
TN:
SF:src/RealReceiver.sol
FN:94,RealReceiver.initialize
FNDA:0,RealReceiver.initialize
DA:100,0
BRDA:100,0,0,-
BRDA:100,0,1,-
DA:101,0
BRDA:101,1,0,-
BRDA:101,1,1,-
DA:103,0
DA:104,0
DA:105,0
DA:107,0
DA:108,0
DA:109,0
FN:121,RealReceiver.setVotingEscrowRWA
FNDA:0,RealReceiver.setVotingEscrowRWA
DA:122,0
BRDA:122,2,0,-
BRDA:122,2,1,-
DA:123,0
FN:130,RealReceiver.setRwaToken
FNDA:0,RealReceiver.setRwaToken
DA:131,0
BRDA:131,3,0,-
BRDA:131,3,1,-
DA:132,0
FN:145,RealReceiver._nonblockingLzReceive
FNDA:7,RealReceiver._nonblockingLzReceive
DA:151,7
DA:154,7
DA:157,7
BRDA:157,4,0,3
BRDA:157,4,1,4
DA:158,4
BRDA:158,5,0,2
BRDA:158,5,1,2
DA:159,2
BRDA:159,6,0,2
BRDA:159,6,1,-
DA:160,0
FN:167,RealReceiver._migrateNFT
FNDA:3,RealReceiver._migrateNFT
DA:168,3
DA:169,3
DA:171,3
DA:172,3
DA:174,3
FN:181,RealReceiver._migrateNFTBatch
FNDA:2,RealReceiver._migrateNFTBatch
DA:182,2
DA:183,2
DA:185,2
DA:186,2
DA:188,2
FN:195,RealReceiver._migrateTokens
FNDA:2,RealReceiver._migrateTokens
DA:196,2
DA:197,2
DA:199,2
DA:200,2
DA:202,2
FN:208,RealReceiver._authorizeUpgrade
FNDA:0,RealReceiver._authorizeUpgrade
FNF:8
FNH:4
LF:33
LH:20
BRF:14
BRH:5
end_of_record
TN:
SF:src/RevenueDistributor.sol
FN:121,RevenueDistributor.initialize
FNDA:0,RevenueDistributor.initialize
DA:126,0
BRDA:126,0,0,-
BRDA:126,0,1,-
DA:127,0
BRDA:127,1,0,-
BRDA:127,1,1,-
DA:129,0
DA:130,0
DA:132,0
DA:133,0
FN:157,RevenueDistributor.convertRewardToken
FNDA:2,RevenueDistributor.convertRewardToken
DA:163,2
BRDA:163,2,0,-
BRDA:163,2,1,2
DA:164,2
BRDA:164,3,0,-
BRDA:164,3,1,2
DA:166,2
DA:167,2
BRDA:167,4,0,-
BRDA:167,4,1,2
DA:169,2
DA:170,2
BRDA:170,5,0,-
BRDA:170,5,1,2
DA:172,2
DA:173,2
BRDA:173,6,0,-
BRDA:173,6,1,2
DA:175,2
FN:187,RevenueDistributor.convertRewardTokenBatch
FNDA:1,RevenueDistributor.convertRewardTokenBatch
DA:193,1
DA:194,1
BRDA:194,7,0,-
BRDA:194,7,1,1
DA:195,1
BRDA:195,8,0,-
BRDA:195,8,1,1
DA:196,1
BRDA:196,9,0,-
BRDA:196,9,1,1
DA:197,1
DA:199,1
DA:200,1
DA:202,3
DA:203,3
DA:205,3
BRDA:205,10,0,-
BRDA:205,10,1,3
DA:206,3
BRDA:206,11,0,-
BRDA:206,11,1,3
DA:207,3
DA:208,3
BRDA:208,12,0,-
BRDA:208,12,1,3
DA:210,3
DA:211,3
BRDA:211,13,0,-
BRDA:211,13,1,3
DA:213,3
DA:214,3
DA:217,3
DA:221,1
BRDA:221,14,0,-
BRDA:221,14,1,1
DA:222,1
FN:228,RevenueDistributor.distributeETH
FNDA:0,RevenueDistributor.distributeETH
DA:229,0
FN:237,RevenueDistributor.setDistributor
FNDA:0,RevenueDistributor.setDistributor
DA:238,0
FN:244,RevenueDistributor.setWeth
FNDA:0,RevenueDistributor.setWeth
DA:245,0
FN:253,RevenueDistributor.updateRevenueStream
FNDA:0,RevenueDistributor.updateRevenueStream
DA:254,0
BRDA:254,15,0,-
BRDA:254,15,1,-
DA:255,0
FN:262,RevenueDistributor.addRevenueToken
FNDA:1,RevenueDistributor.addRevenueToken
DA:263,1
BRDA:263,16,0,-
BRDA:263,16,1,1
DA:265,1
DA:266,1
DA:268,1
FN:275,RevenueDistributor.removeRevenueToken
FNDA:0,RevenueDistributor.removeRevenueToken
DA:276,0
BRDA:276,17,0,-
BRDA:276,17,1,-
DA:278,0
DA:279,0
DA:281,0
DA:282,0
BRDA:282,18,0,-
BRDA:282,18,1,-
DA:283,0
DA:284,0
DA:285,0
DA:288,0
DA:292,0
FN:307,RevenueDistributor.setSelectorForTarget
FNDA:0,RevenueDistributor.setSelectorForTarget
DA:308,0
FN:317,RevenueDistributor.checker
FNDA:0,RevenueDistributor.checker
DA:318,0
DA:319,0
FN:325,RevenueDistributor.getRevenueTokensArray
FNDA:0,RevenueDistributor.getRevenueTokensArray
DA:326,0
FN:337,RevenueDistributor._distributeETH
FNDA:3,RevenueDistributor._distributeETH
DA:338,3
DA:339,3
DA:340,3
FN:353,RevenueDistributor._convertToken
FNDA:5,RevenueDistributor._convertToken
DA:359,5
DA:361,5
BRDA:361,19,0,-
BRDA:361,19,1,5
DA:363,5
DA:364,5
DA:365,5
BRDA:365,20,0,-
BRDA:365,20,1,5
DA:366,5
DA:368,5
DA:369,5
DA:371,5
BRDA:371,21,0,-
BRDA:371,21,1,5
DA:373,5
DA:375,5
FN:382,RevenueDistributor._authorizeUpgrade
FNDA:0,RevenueDistributor._authorizeUpgrade
FNF:15
FNH:5
LF:72
LH:47
BRF:44
BRH:17
end_of_record
TN:
SF:src/RevenueStreamETH.sol
FN:109,RevenueStreamETH.initialize
FNDA:0,RevenueStreamETH.initialize
DA:114,0
BRDA:114,0,0,-
BRDA:114,0,1,-
DA:115,0
BRDA:115,1,0,-
BRDA:115,1,1,-
DA:116,0
BRDA:116,2,0,-
BRDA:116,2,1,-
DA:118,0
DA:119,0
DA:120,0
DA:122,0
DA:123,0
DA:125,0
DA:126,0
FN:138,RevenueStreamETH.depositETH
FNDA:61,RevenueStreamETH.depositETH
DA:139,61
BRDA:139,3,0,1
BRDA:139,3,1,60
DA:140,60
BRDA:140,4,0,-
BRDA:140,4,1,60
DA:142,60
BRDA:142,5,0,60
BRDA:142,5,1,-
DA:143,60
DA:144,60
DA:149,0
DA:152,60
FN:159,RevenueStreamETH.claimETH
FNDA:22,RevenueStreamETH.claimETH
DA:160,22
FN:169,RevenueStreamETH.claimETHIncrement
FNDA:10,RevenueStreamETH.claimETHIncrement
DA:170,32
BRDA:170,6,0,-
BRDA:170,6,1,32
DA:171,32
BRDA:171,7,0,-
BRDA:171,7,1,32
DA:173,32
DA:175,32
DA:176,32
DA:177,32
DA:178,32
DA:180,32
DA:181,32
BRDA:181,8,0,-
BRDA:181,8,1,32
DA:183,32
DA:185,32
DA:186,42
DA:188,42
DA:192,32
DA:193,32
BRDA:193,9,0,-
BRDA:193,9,1,32
DA:195,32
FN:204,RevenueStreamETH.skimExpiredRevenue
FNDA:14,RevenueStreamETH.skimExpiredRevenue
DA:205,14
FN:214,RevenueStreamETH.skimExpiredRevenueIncrement
FNDA:4,RevenueStreamETH.skimExpiredRevenueIncrement
DA:215,4
BRDA:215,10,0,-
BRDA:215,10,1,4
DA:216,4
FN:223,RevenueStreamETH.setExpirationForRevenue
FNDA:0,RevenueStreamETH.setExpirationForRevenue
DA:224,0
FN:232,RevenueStreamETH.claimable
FNDA:99,RevenueStreamETH.claimable
DA:233,99
FN:242,RevenueStreamETH.claimableIncrement
FNDA:14,RevenueStreamETH.claimableIncrement
DA:243,14
FN:250,RevenueStreamETH.expiredRevenue
FNDA:56,RevenueStreamETH.expiredRevenue
DA:251,56
FN:259,RevenueStreamETH.expiredRevenueIncrement
FNDA:16,RevenueStreamETH.expiredRevenueIncrement
DA:260,16
FN:266,RevenueStreamETH.getCyclesArray
FNDA:5,RevenueStreamETH.getCyclesArray
DA:267,5
FN:273,RevenueStreamETH.getContractBalanceETH
FNDA:0,RevenueStreamETH.getContractBalanceETH
DA:274,0
FN:286,RevenueStreamETH.currentCycle
FNDA:0,RevenueStreamETH.currentCycle
DA:287,92
FN:298,RevenueStreamETH._skimExpiredRevenue
FNDA:18,RevenueStreamETH._skimExpiredRevenue
DA:299,18
DA:300,18
DA:301,18
DA:303,18
DA:304,18
BRDA:304,11,0,4
BRDA:304,11,1,14
DA:306,14
DA:309,14
DA:310,16
DA:312,16
DA:317,14
DA:318,14
BRDA:318,12,0,-
BRDA:318,12,1,14
DA:320,14
FN:328,RevenueStreamETH._claimable
FNDA:145,RevenueStreamETH._claimable
DA:338,145
DA:339,145
DA:341,145
DA:342,145
DA:344,145
DA:345,219
DA:346,219
DA:348,219
DA:349,219
DA:351,219
BRDA:351,13,0,-
BRDA:351,13,1,191
DA:352,191
DA:353,191
DA:355,191
DA:356,191
DA:357,191
DA:361,219
DA:362,219
BRDA:362,14,0,20
BRDA:362,14,1,199
FN:374,RevenueStreamETH._checkForExpiredRevenue
FNDA:90,RevenueStreamETH._checkForExpiredRevenue
DA:375,90
DA:376,90
DA:378,90
DA:380,130
DA:381,130
DA:382,130
DA:385,130
BRDA:385,15,0,-
BRDA:385,15,1,74
DA:386,94
BRDA:386,16,0,-
BRDA:386,16,1,74
DA:389,74
DA:392,74
DA:395,74
DA:401,36
DA:405,94
DA:406,94
BRDA:406,17,0,20
BRDA:406,17,1,74
DA:410,90
FN:417,RevenueStreamETH._authorizeUpgrade
FNDA:0,RevenueStreamETH._authorizeUpgrade
FNF:18
FNH:13
LF:89
LH:76
BRF:36
BRH:19
end_of_record
TN:
SF:src/RoyaltyHandler.sol
FN:115,RoyaltyHandler.initialize
FNDA:0,RoyaltyHandler.initialize
DA:124,0
BRDA:124,0,0,-
BRDA:124,0,1,-
DA:125,0
BRDA:125,1,0,-
BRDA:125,1,1,-
DA:126,0
BRDA:126,2,0,-
BRDA:126,2,1,-
DA:127,0
BRDA:127,3,0,-
BRDA:127,3,1,-
DA:129,0
DA:130,0
DA:132,0
DA:133,0
DA:134,0
DA:135,0
DA:136,0
DA:137,0
DA:139,0
DA:140,0
DA:141,0
DA:143,0
DA:144,0
FN:155,RoyaltyHandler.distributeRoyalties
FNDA:0,RoyaltyHandler.distributeRoyalties
DA:156,0
DA:157,0
BRDA:157,4,0,-
BRDA:157,4,1,-
DA:159,0
DA:160,0
DA:163,0
DA:166,0
DA:169,0
DA:170,0
DA:172,0
FN:181,RoyaltyHandler.distributeRoyaltiesMinOut
FNDA:3,RoyaltyHandler.distributeRoyaltiesMinOut
DA:182,3
BRDA:182,5,0,-
BRDA:182,5,1,3
DA:184,3
DA:185,3
BRDA:185,6,0,-
BRDA:185,6,1,3
DA:187,3
DA:188,3
DA:191,3
DA:194,3
DA:197,3
DA:198,2
DA:200,2
FN:210,RoyaltyHandler.updateDistribution
FNDA:1,RoyaltyHandler.updateDistribution
DA:211,1
DA:212,1
DA:213,1
DA:215,1
FN:222,RoyaltyHandler.setPercentageDeviation
FNDA:0,RoyaltyHandler.setPercentageDeviation
DA:223,0
BRDA:223,7,0,-
BRDA:223,7,1,-
DA:224,0
FN:230,RoyaltyHandler.setSecondsAgo
FNDA:0,RoyaltyHandler.setSecondsAgo
DA:231,0
FN:237,RoyaltyHandler.updateDistributor
FNDA:0,RoyaltyHandler.updateDistributor
DA:238,0
FN:244,RoyaltyHandler.updateOracle
FNDA:0,RoyaltyHandler.updateOracle
DA:245,0
FN:251,RoyaltyHandler.setALMBox
FNDA:0,RoyaltyHandler.setALMBox
DA:252,0
FN:258,RoyaltyHandler.setALMBoxManager
FNDA:0,RoyaltyHandler.setALMBoxManager
DA:259,0
FN:265,RoyaltyHandler.setGaugeV2ALM
FNDA:0,RoyaltyHandler.setGaugeV2ALM
DA:266,0
FN:272,RoyaltyHandler.setPearl
FNDA:0,RoyaltyHandler.setPearl
DA:273,0
FN:279,RoyaltyHandler.setSwapRouter
FNDA:0,RoyaltyHandler.setSwapRouter
DA:280,0
FN:287,RoyaltyHandler.updateFee
FNDA:0,RoyaltyHandler.updateFee
DA:288,0
BRDA:288,8,0,-
BRDA:288,8,1,-
DA:296,0
FN:302,RoyaltyHandler.withdrawPearl
FNDA:0,RoyaltyHandler.withdrawPearl
DA:303,0
DA:304,0
BRDA:304,9,0,-
BRDA:304,9,1,-
DA:305,0
FN:311,RoyaltyHandler.harvestPearlRewards
FNDA:0,RoyaltyHandler.harvestPearlRewards
DA:312,0
DA:313,0
DA:314,0
FN:320,RoyaltyHandler.earnedPearlRewards
FNDA:0,RoyaltyHandler.earnedPearlRewards
DA:321,0
FN:338,RoyaltyHandler.getRoyaltyDistributions
FNDA:2,RoyaltyHandler.getRoyaltyDistributions
DA:344,5
DA:346,5
DA:347,5
DA:348,5
DA:350,5
DA:351,5
FN:362,RoyaltyHandler._getQuote
FNDA:0,RoyaltyHandler._getQuote
DA:363,0
DA:365,0
FN:378,RoyaltyHandler._swapTokensForETH
FNDA:3,RoyaltyHandler._swapTokensForETH
DA:381,3
DA:391,3
DA:394,3
DA:395,3
DA:397,2
BRDA:397,10,0,-
BRDA:397,10,1,2
FN:407,RoyaltyHandler._addLiquidity
FNDA:2,RoyaltyHandler._addLiquidity
DA:409,2
DA:410,2
DA:412,2
DA:416,2
DA:423,2
BRDA:423,11,0,-
BRDA:423,11,1,2
DA:424,2
FN:427,RoyaltyHandler._depositLPTokens
FNDA:2,RoyaltyHandler._depositLPTokens
DA:428,2
DA:431,2
DA:432,2
DA:434,2
BRDA:434,12,0,-
BRDA:434,12,1,2
FN:441,RoyaltyHandler._authorizeUpgrade
FNDA:0,RoyaltyHandler._authorizeUpgrade
FNF:23
FNH:6
LF:82
LH:35
BRF:26
BRH:5
end_of_record
TN:
SF:src/governance/DelegateFactory.sol
FN:79,DelegateFactory.initialize
FNDA:0,DelegateFactory.initialize
DA:84,0
BRDA:84,0,0,-
BRDA:84,0,1,-
DA:85,0
BRDA:85,1,0,-
BRDA:85,1,1,-
DA:86,0
BRDA:86,2,0,-
BRDA:86,2,1,-
DA:88,0
DA:89,0
DA:91,0
DA:92,0
FN:107,DelegateFactory.deployDelegator
FNDA:14,DelegateFactory.deployDelegator
DA:108,14
BRDA:108,3,0,-
BRDA:108,3,1,14
DA:109,14
BRDA:109,4,0,-
BRDA:109,4,1,14
DA:110,14
BRDA:110,5,0,-
BRDA:110,5,1,14
DA:113,14
DA:116,14
DA:125,14
DA:127,14
DA:128,14
DA:129,14
DA:132,14
DA:133,14
DA:135,14
FN:142,DelegateFactory.revokeExpiredDelegators
FNDA:4,DelegateFactory.revokeExpiredDelegators
DA:143,4
DA:144,4
DA:145,10
DA:146,10
BRDA:146,6,0,-
BRDA:146,6,1,10
DA:148,10
DA:151,10
DA:152,10
DA:153,10
DA:154,10
DA:155,10
DA:157,10
DA:159,10
BRDA:159,7,0,-
BRDA:159,7,1,6
DA:160,6
BRDA:160,8,0,-
BRDA:160,8,1,6
DA:162,0
FN:174,DelegateFactory.setCanDelegate
FNDA:0,DelegateFactory.setCanDelegate
DA:175,0
FN:182,DelegateFactory.updateDelegatorImplementation
FNDA:0,DelegateFactory.updateDelegatorImplementation
DA:183,0
FN:190,DelegateFactory.expiredDelegatorExists
FNDA:24,DelegateFactory.expiredDelegatorExists
DA:191,24
DA:192,38
BRDA:192,9,0,4
BRDA:192,9,1,34
DA:193,4
DA:196,34
DA:199,20
FN:207,DelegateFactory.isExpiredDelegator
FNDA:22,DelegateFactory.isExpiredDelegator
DA:208,76
BRDA:208,10,0,2
BRDA:208,10,1,74
DA:209,74
FN:216,DelegateFactory.getDelegatorsArray
FNDA:9,DelegateFactory.getDelegatorsArray
DA:217,9
FN:227,DelegateFactory._authorizeUpgrade
FNDA:0,DelegateFactory._authorizeUpgrade
FNF:9
FNH:5
LF:43
LH:33
BRF:22
BRH:10
end_of_record
TN:
SF:src/governance/Delegator.sol
FN:73,Delegator.initialize
FNDA:14,Delegator.initialize
DA:78,14
DA:80,14
DA:81,14
DA:82,14
DA:83,14
FN:96,Delegator.depositDelegatorToken
FNDA:14,Delegator.depositDelegatorToken
DA:97,14
BRDA:97,0,0,-
BRDA:97,0,1,14
DA:99,14
DA:101,14
DA:102,14
DA:104,14
FN:110,Delegator.withdrawDelegatedToken
FNDA:10,Delegator.withdrawDelegatedToken
DA:111,10
BRDA:111,1,0,-
BRDA:111,1,1,10
DA:113,10
DA:114,10
DA:116,10
FNF:3
FNH:3
LF:14
LH:14
BRF:4
BRH:2
end_of_record
TN:
SF:src/governance/RWAVotingEscrow.sol
FN:194,RWAVotingEscrow.initialize
FNDA:0,RWAVotingEscrow.initialize
DA:195,0
BRDA:195,0,0,-
BRDA:195,0,1,-
DA:196,0
BRDA:196,1,0,-
BRDA:196,1,1,-
DA:197,0
BRDA:197,2,0,-
BRDA:197,2,1,-
DA:199,0
DA:200,0
DA:201,0
DA:202,0
DA:204,0
DA:205,0
DA:206,0
DA:207,0
DA:208,0
FN:224,RWAVotingEscrow.mint
FNDA:602,RWAVotingEscrow.mint
DA:226,602
BRDA:226,3,0,-
BRDA:226,3,1,602
DA:228,602
BRDA:228,4,0,-
BRDA:228,4,1,602
DA:229,0
DA:233,602
DA:236,602
DA:238,602
FN:248,RWAVotingEscrow.migrate
FNDA:7,RWAVotingEscrow.migrate
DA:250,7
DA:252,7
BRDA:252,5,0,2
BRDA:252,5,1,5
DA:255,5
DA:258,5
DA:260,5
FN:270,RWAVotingEscrow.migrateBatch
FNDA:2,RWAVotingEscrow.migrateBatch
DA:272,2
DA:274,2
BRDA:274,6,0,-
BRDA:274,6,1,2
DA:276,2
DA:277,2
DA:279,2
DA:282,20
DA:285,20
DA:287,20
DA:290,20
FN:302,RWAVotingEscrow.burn
FNDA:523,RWAVotingEscrow.burn
DA:303,523
DA:305,522
DA:306,522
DA:307,522
DA:309,522
DA:310,522
DA:311,522
BRDA:311,7,0,-
BRDA:311,7,1,518
DA:313,518
DA:314,518
DA:316,518
DA:319,518
DA:322,522
DA:323,522
DA:324,522
DA:326,522
FN:336,RWAVotingEscrow.depositFor
FNDA:2,RWAVotingEscrow.depositFor
DA:337,2
DA:338,2
DA:339,2
BRDA:339,8,0,1
BRDA:339,8,1,1
DA:340,1
DA:342,1
DA:343,1
FN:353,RWAVotingEscrow.merge
FNDA:2,RWAVotingEscrow.merge
DA:354,2
BRDA:354,9,0,-
BRDA:354,9,1,2
DA:356,2
DA:357,2
DA:359,2
DA:360,2
DA:362,2
DA:364,2
DA:365,2
DA:366,2
DA:368,2
DA:369,2
DA:371,2
DA:372,2
FN:387,RWAVotingEscrow.split
FNDA:2,RWAVotingEscrow.split
DA:388,2
DA:390,2
BRDA:390,10,0,-
BRDA:390,10,1,2
DA:392,2
DA:394,2
DA:396,2
DA:397,2
DA:399,2
DA:400,2
DA:402,4
DA:404,4
DA:408,2
DA:410,2
DA:412,2
DA:414,2
DA:416,2
DA:418,2
DA:420,2
DA:422,2
DA:423,2
BRDA:423,11,0,-
BRDA:423,11,1,2
DA:425,2
DA:427,2
DA:429,2
DA:431,2
DA:432,2
BRDA:432,12,0,-
BRDA:432,12,1,2
DA:433,0
DA:436,2
DA:439,2
DA:440,2
DA:443,2
BRDA:443,13,0,-
BRDA:443,13,1,2
DA:445,2
DA:446,2
FN:456,RWAVotingEscrow.updateVestingDuration
FNDA:1050,RWAVotingEscrow.updateVestingDuration
DA:457,1050
DA:458,1050
DA:459,1050
BRDA:459,14,0,-
BRDA:459,14,1,526
DA:460,526
BRDA:460,15,0,-
BRDA:460,15,1,526
DA:461,0
DA:464,524
BRDA:464,16,0,-
BRDA:464,16,1,524
DA:465,0
DA:467,524
DA:469,1050
FN:476,RWAVotingEscrow.updateEndpointReceiver
FNDA:0,RWAVotingEscrow.updateEndpointReceiver
DA:477,0
DA:478,0
FN:485,RWAVotingEscrow.getPastTotalVotingPower
FNDA:6,RWAVotingEscrow.getPastTotalVotingPower
DA:486,6
DA:487,6
DA:488,6
BRDA:488,17,0,-
BRDA:488,17,1,6
DA:489,0
DA:491,6
FN:499,RWAVotingEscrow.getPastVotingPower
FNDA:6,RWAVotingEscrow.getPastVotingPower
DA:500,6
DA:501,6
DA:502,6
BRDA:502,18,0,-
BRDA:502,18,1,6
DA:503,0
DA:505,6
FN:508,RWAVotingEscrow.getTokenId
FNDA:22,RWAVotingEscrow.getTokenId
DA:509,22
FN:512,RWAVotingEscrow.getLockedToken
FNDA:1,RWAVotingEscrow.getLockedToken
DA:513,1
FN:516,RWAVotingEscrow.getVotingPowerCheckpoints
FNDA:1643,RWAVotingEscrow.getVotingPowerCheckpoints
DA:517,1643
FN:520,RWAVotingEscrow.getTotalVotingPowerCheckpoints
FNDA:1631,RWAVotingEscrow.getTotalVotingPowerCheckpoints
DA:521,1631
FN:524,RWAVotingEscrow.getAccountVotingPower
FNDA:1693,RWAVotingEscrow.getAccountVotingPower
DA:525,1693
FN:528,RWAVotingEscrow.vestingContract
FNDA:1,RWAVotingEscrow.vestingContract
DA:529,1
FN:532,RWAVotingEscrow.getLockedAmount
FNDA:1637,RWAVotingEscrow.getLockedAmount
DA:533,1637
FN:536,RWAVotingEscrow.getMintingTimestamp
FNDA:0,RWAVotingEscrow.getMintingTimestamp
DA:537,0
FN:540,RWAVotingEscrow.getRemainingVestingDuration
FNDA:2161,RWAVotingEscrow.getRemainingVestingDuration
DA:541,2161
FN:544,RWAVotingEscrow.getMaxEarlyUnlockFee
FNDA:518,RWAVotingEscrow.getMaxEarlyUnlockFee
DA:545,518
FN:548,RWAVotingEscrow.getEndpointReceiver
FNDA:0,RWAVotingEscrow.getEndpointReceiver
DA:549,0
FN:560,RWAVotingEscrow.clock
FNDA:0,RWAVotingEscrow.clock
DA:561,9508
FN:568,RWAVotingEscrow.CLOCK_MODE
FNDA:0,RWAVotingEscrow.CLOCK_MODE
DA:569,0
FN:585,RWAVotingEscrow._updateLock
FNDA:2208,RWAVotingEscrow._updateLock
DA:587,2208
DA:590,2208
DA:592,2208
DA:594,2208
DA:596,2208
DA:598,2208
DA:601,2208
BRDA:601,19,0,1158
BRDA:601,19,1,2208
DA:602,1158
DA:606,2208
BRDA:606,20,0,2200
BRDA:606,20,1,2208
DA:608,2200
DA:610,2200
DA:612,2200
DA:616,2208
DA:619,2208
BRDA:619,21,0,1152
BRDA:619,21,1,1056
DA:621,1152
DA:623,1056
BRDA:623,22,0,1048
BRDA:623,22,1,1056
DA:625,1048
FN:638,RWAVotingEscrow._createLock
FNDA:627,RWAVotingEscrow._createLock
DA:640,627
DA:642,627
DA:644,627
DA:646,627
DA:648,627
DA:650,627
FN:661,RWAVotingEscrow._transferVotingUnits
FNDA:4187,RWAVotingEscrow._transferVotingUnits
DA:662,4187
DA:663,4187
BRDA:663,23,0,2406
BRDA:663,23,1,4187
DA:664,2406
DA:666,4187
BRDA:666,24,0,2615
BRDA:666,24,1,4187
DA:667,2615
DA:669,4187
FN:681,RWAVotingEscrow._update
FNDA:1987,RWAVotingEscrow._update
DA:682,1987
DA:683,1987
DA:685,1987
DA:686,1987
DA:688,1987
FN:697,RWAVotingEscrow._delegate
FNDA:1699,RWAVotingEscrow._delegate
DA:698,1699
DA:699,1699
BRDA:699,25,0,1671
BRDA:699,25,1,1699
DA:700,1671
DA:702,1699
FN:710,RWAVotingEscrow._setDefaultDelegate
FNDA:1987,RWAVotingEscrow._setDefaultDelegate
DA:711,1987
BRDA:711,26,0,1987
BRDA:711,26,1,1987
DA:712,1987
BRDA:712,27,0,1671
BRDA:712,27,1,1987
DA:713,1671
FN:721,RWAVotingEscrow._getVotingUnits
FNDA:1699,RWAVotingEscrow._getVotingUnits
DA:722,1699
DA:723,1699
FN:731,RWAVotingEscrow._incrementAndGetTokenId
FNDA:629,RWAVotingEscrow._incrementAndGetTokenId
DA:732,629
DA:733,629
FN:742,RWAVotingEscrow._calculateEarlyFee
FNDA:518,RWAVotingEscrow._calculateEarlyFee
DA:743,518
DA:744,518
FN:751,RWAVotingEscrow._authorizeUpgrade
FNDA:0,RWAVotingEscrow._authorizeUpgrade
FN:759,RWAVotingEscrow._getVotingEscrowStorage
FNDA:27049,RWAVotingEscrow._getVotingEscrowStorage
DA:761,27049
FNF:36
FNH:29
LF:179
LH:156
BRF:56
BRH:36
end_of_record
TN:
SF:src/governance/VotingEscrowVesting.sol
FN:99,VotingEscrowVesting.initialize
FNDA:0,VotingEscrowVesting.initialize
DA:100,0
DA:101,0
DA:102,0
FN:114,VotingEscrowVesting.setVotingEscrowContract
FNDA:0,VotingEscrowVesting.setVotingEscrowContract
DA:115,0
BRDA:115,0,0,-
BRDA:115,0,1,-
DA:116,0
DA:118,0
FN:128,VotingEscrowVesting.deposit
FNDA:526,VotingEscrowVesting.deposit
DA:129,526
DA:130,526
DA:131,526
DA:133,526
DA:135,526
DA:137,526
DA:139,526
FN:149,VotingEscrowVesting.withdraw
FNDA:264,VotingEscrowVesting.withdraw
DA:150,264
BRDA:150,1,0,-
BRDA:150,1,1,264
DA:151,0
DA:154,264
DA:155,264
DA:156,264
DA:158,264
DA:160,264
BRDA:160,2,0,262
BRDA:160,2,1,264
DA:162,262
DA:166,264
DA:168,264
DA:169,264
FN:180,VotingEscrowVesting.claim
FNDA:260,VotingEscrowVesting.claim
DA:181,260
BRDA:181,3,0,-
BRDA:181,3,1,260
DA:182,0
DA:185,260
DA:187,260
DA:188,260
DA:190,260
DA:192,260
BRDA:192,4,0,258
BRDA:192,4,1,260
DA:194,258
DA:198,260
DA:200,260
DA:201,260
FN:209,VotingEscrowVesting.balanceOf
FNDA:1,VotingEscrowVesting.balanceOf
DA:210,1
FN:218,VotingEscrowVesting.getSchedule
FNDA:1,VotingEscrowVesting.getSchedule
DA:219,1
FN:229,VotingEscrowVesting.tokenOfDepositorByIndex
FNDA:0,VotingEscrowVesting.tokenOfDepositorByIndex
DA:230,0
DA:231,0
BRDA:231,5,0,-
BRDA:231,5,1,-
DA:232,0
DA:234,0
FN:241,VotingEscrowVesting.getDepositedTokens
FNDA:801,VotingEscrowVesting.getDepositedTokens
DA:242,801
FN:253,VotingEscrowVesting.clock
FNDA:0,VotingEscrowVesting.clock
DA:254,1050
FN:261,VotingEscrowVesting.CLOCK_MODE
FNDA:0,VotingEscrowVesting.CLOCK_MODE
DA:262,0
FN:277,VotingEscrowVesting._addTokenToDepositorEnumeration
FNDA:526,VotingEscrowVesting._addTokenToDepositorEnumeration
DA:278,526
DA:279,526
DA:280,526
DA:281,526
FN:291,VotingEscrowVesting._removeTokenFromDepositorEnumeration
FNDA:524,VotingEscrowVesting._removeTokenFromDepositorEnumeration
DA:292,524
DA:294,524
DA:295,524
DA:297,524
BRDA:297,6,0,-
BRDA:297,6,1,524
DA:299,524
BRDA:299,7,0,-
BRDA:299,7,1,-
DA:300,0
DA:301,0
DA:302,0
DA:305,524
DA:306,524
DA:307,524
DA:309,524
FN:321,VotingEscrowVesting._authorizeUpgrade
FNDA:0,VotingEscrowVesting._authorizeUpgrade
FNF:14
FNH:8
LF:60
LH:44
BRF:16
BRH:7
end_of_record
TN:
SF:src/governance/VotingMath.sol
FN:29,VotingMath.calculateVotingPower
FNDA:0,VotingMath.calculateVotingPower
DA:34,0
FNF:1
FNH:0
LF:1
LH:0
BRF:0
BRH:0
end_of_record
TN:
SF:src/governance/utils/VotesUpgradeable.sol
FN:51,VotesUpgradeable._getVotesStorage
FNDA:24031,VotesUpgradeable._getVotesStorage
DA:53,24031
FN:67,VotesUpgradeable.__Votes_init
FNDA:0,VotesUpgradeable.__Votes_init
FN:70,VotesUpgradeable.__Votes_init_unchained
FNDA:0,VotesUpgradeable.__Votes_init_unchained
FN:73,VotesUpgradeable.getDelegatesCheckpoints
FNDA:22,VotesUpgradeable.getDelegatesCheckpoints
DA:74,22
FN:81,VotesUpgradeable.clock
FNDA:0,VotesUpgradeable.clock
DA:82,0
FN:89,VotesUpgradeable.CLOCK_MODE
FNDA:0,VotesUpgradeable.CLOCK_MODE
DA:91,0
BRDA:91,0,0,-
BRDA:91,0,1,-
DA:92,0
DA:94,0
FN:100,VotesUpgradeable.getVotes
FNDA:1684,VotesUpgradeable.getVotes
DA:101,1684
DA:102,1684
FN:113,VotesUpgradeable.getPastVotes
FNDA:219,VotesUpgradeable.getPastVotes
DA:114,219
DA:115,219
DA:116,219
BRDA:116,1,0,-
BRDA:116,1,1,219
DA:117,0
DA:119,219
FN:134,VotesUpgradeable.getPastTotalSupply
FNDA:219,VotesUpgradeable.getPastTotalSupply
DA:135,219
DA:136,219
DA:137,219
BRDA:137,2,0,-
BRDA:137,2,1,219
DA:138,0
DA:140,219
FN:146,VotesUpgradeable._getTotalSupply
FNDA:0,VotesUpgradeable._getTotalSupply
DA:147,0
DA:148,0
FN:154,VotesUpgradeable.delegates
FNDA:42,VotesUpgradeable.delegates
DA:155,10115
DA:156,10115
FN:162,VotesUpgradeable.delegate
FNDA:28,VotesUpgradeable.delegate
DA:163,28
DA:164,28
FN:170,VotesUpgradeable.delegateBySig
FNDA:0,VotesUpgradeable.delegateBySig
DA:178,0
BRDA:178,3,0,-
BRDA:178,3,1,-
DA:179,0
DA:181,0
DA:187,0
DA:188,0
FN:196,VotesUpgradeable._delegate
FNDA:1699,VotesUpgradeable._delegate
DA:197,1699
DA:198,1699
DA:199,1699
DA:201,1699
DA:202,1699
FN:209,VotesUpgradeable._transferVotingUnits
FNDA:4187,VotesUpgradeable._transferVotingUnits
DA:210,4187
DA:211,4187
BRDA:211,4,0,1781
BRDA:211,4,1,4187
DA:212,1781
DA:214,4187
BRDA:214,5,0,1572
BRDA:214,5,1,4187
DA:215,1572
DA:217,4187
FN:223,VotesUpgradeable._moveDelegateVotes
FNDA:5886,VotesUpgradeable._moveDelegateVotes
DA:224,5886
DA:226,5886
BRDA:226,6,0,1486
BRDA:226,6,1,2534
DA:227,2534
BRDA:227,7,0,1382
BRDA:227,7,1,2534
DA:228,1382
DA:233,1382
DA:235,2534
BRDA:235,8,0,1486
BRDA:235,8,1,2534
DA:236,1486
DA:241,1486
FN:249,VotesUpgradeable._numCheckpoints
FNDA:0,VotesUpgradeable._numCheckpoints
DA:250,0
DA:251,0
FN:257,VotesUpgradeable._checkpoints
FNDA:0,VotesUpgradeable._checkpoints
DA:261,0
DA:262,0
FN:265,VotesUpgradeable._push
FNDA:6221,VotesUpgradeable._push
DA:270,6221
FN:273,VotesUpgradeable._add
FNDA:3267,VotesUpgradeable._add
DA:274,3267
FN:277,VotesUpgradeable._subtract
FNDA:2954,VotesUpgradeable._subtract
DA:278,2954
FNF:21
FNH:13
LF:55
LH:38
BRF:18
BRH:12
end_of_record
TN:
SF:src/helpers/ExactInputWrapper.sol
FN:25,ExactInputWrapper.exactInputForETH
FNDA:0,ExactInputWrapper.exactInputForETH
DA:34,0
DA:41,0
DA:43,0
DA:44,0
DA:45,0
DA:48,0
BRDA:48,0,0,-
BRDA:48,0,1,-
DA:50,0
DA:51,0
BRDA:51,1,0,-
BRDA:51,1,1,-
DA:53,0
DA:55,0
DA:56,0
BRDA:56,2,0,-
BRDA:56,2,1,-
FN:59,ExactInputWrapper.updateSwapRouter
FNDA:0,ExactInputWrapper.updateSwapRouter
DA:60,0
BRDA:60,3,0,-
BRDA:60,3,1,-
DA:61,0
FNF:2
FNH:0
LF:13
LH:0
BRF:8
BRH:0
end_of_record
TN:
SF:src/helpers/VotingEscrowRWAAPI.sol
FN:71,VotingEscrowRWAAPI.initialize
FNDA:0,VotingEscrowRWAAPI.initialize
DA:77,0
DA:79,0
DA:80,0
DA:81,0
FN:92,VotingEscrowRWAAPI.getTokenId
FNDA:0,VotingEscrowRWAAPI.getTokenId
DA:93,0
FN:103,VotingEscrowRWAAPI.getNFTBalanceOf
FNDA:0,VotingEscrowRWAAPI.getNFTBalanceOf
DA:104,0
FN:112,VotingEscrowRWAAPI.getNFTsOfOwner
FNDA:2,VotingEscrowRWAAPI.getNFTsOfOwner
DA:113,2
DA:114,2
DA:116,2
DA:117,3
DA:119,3
FN:129,VotingEscrowRWAAPI.getNFTsOfOwnerWithData
FNDA:0,VotingEscrowRWAAPI.getNFTsOfOwnerWithData
DA:130,0
DA:131,0
DA:133,0
DA:134,0
DA:135,0
DA:136,0
DA:137,0
DA:139,0
FN:147,VotingEscrowRWAAPI.getNFTTotalSupply
FNDA:0,VotingEscrowRWAAPI.getNFTTotalSupply
DA:148,0
FN:154,VotingEscrowRWAAPI.getAllNFTs
FNDA:2,VotingEscrowRWAAPI.getAllNFTs
DA:155,2
DA:156,2
DA:158,2
DA:159,3
DA:161,3
FN:172,VotingEscrowRWAAPI.getLockedAmount
FNDA:0,VotingEscrowRWAAPI.getLockedAmount
DA:173,0
FN:180,VotingEscrowRWAAPI.getMintingTimestamp
FNDA:0,VotingEscrowRWAAPI.getMintingTimestamp
DA:181,0
FN:188,VotingEscrowRWAAPI.getRemainingVestingDuration
FNDA:0,VotingEscrowRWAAPI.getRemainingVestingDuration
DA:189,0
FN:198,VotingEscrowRWAAPI.getVestingSchedule
FNDA:0,VotingEscrowRWAAPI.getVestingSchedule
DA:199,0
FN:206,VotingEscrowRWAAPI.getAmountTokensVestedByOwner
FNDA:0,VotingEscrowRWAAPI.getAmountTokensVestedByOwner
DA:207,0
FN:214,VotingEscrowRWAAPI.getVestedTokensByOwner
FNDA:0,VotingEscrowRWAAPI.getVestedTokensByOwner
DA:215,0
FN:223,VotingEscrowRWAAPI.getVestedTokensByOwnerWithData
FNDA:1,VotingEscrowRWAAPI.getVestedTokensByOwnerWithData
DA:224,1
DA:226,1
DA:227,1
DA:229,1
DA:231,1
DA:232,1
DA:234,1
DA:235,1
DA:236,1
DA:239,1
FN:251,VotingEscrowRWAAPI.getAccountVotingPower
FNDA:0,VotingEscrowRWAAPI.getAccountVotingPower
DA:252,0
FN:259,VotingEscrowRWAAPI.getPastTotalVotingPower
FNDA:0,VotingEscrowRWAAPI.getPastTotalVotingPower
DA:260,0
FN:268,VotingEscrowRWAAPI.getPastVotingPowerForToken
FNDA:0,VotingEscrowRWAAPI.getPastVotingPowerForToken
DA:269,0
FN:278,VotingEscrowRWAAPI.getVotes
FNDA:0,VotingEscrowRWAAPI.getVotes
DA:279,0
FN:287,VotingEscrowRWAAPI.getPastVotes
FNDA:0,VotingEscrowRWAAPI.getPastVotes
DA:288,0
FN:297,VotingEscrowRWAAPI.getClaimable
FNDA:2,VotingEscrowRWAAPI.getClaimable
DA:298,2
FN:309,VotingEscrowRWAAPI._authorizeUpgrade
FNDA:0,VotingEscrowRWAAPI._authorizeUpgrade
FNF:21
FNH:4
LF:47
LH:21
BRF:0
BRH:0
end_of_record
TN:
SF:src/libraries/Base64.sol
FN:12,Base64.encode
FNDA:0,Base64.encode
DA:13,0
DA:14,0
BRDA:14,0,0,-
BRDA:14,0,1,-
DA:17,0
DA:20,0
DA:22,0
DA:70,0
FNF:1
FNH:0
LF:6
LH:0
BRF:2
BRH:0
end_of_record
TN:
SF:src/libraries/BytesLib.sol
FN:12,BytesLib.concat
FNDA:0,BytesLib.concat
DA:13,0
DA:18,0
DA:50,0
DA:55,0
DA:58,0
DA:83,0
FN:86,BytesLib.concatStorage
FNDA:0,BytesLib.concatStorage
FN:214,BytesLib.slice
FNDA:0,BytesLib.slice
DA:219,0
BRDA:219,0,0,-
BRDA:219,0,1,-
DA:220,0
BRDA:220,1,0,-
BRDA:220,1,1,-
DA:222,0
DA:276,0
FN:279,BytesLib.toAddress
FNDA:0,BytesLib.toAddress
DA:280,0
BRDA:280,2,0,-
BRDA:280,2,1,-
DA:281,0
DA:284,0
DA:287,0
FN:290,BytesLib.toUint8
FNDA:0,BytesLib.toUint8
DA:291,0
BRDA:291,3,0,-
BRDA:291,3,1,-
DA:292,0
DA:295,0
DA:298,0
FN:301,BytesLib.toUint16
FNDA:0,BytesLib.toUint16
DA:302,0
BRDA:302,4,0,-
BRDA:302,4,1,-
DA:303,0
DA:306,0
DA:309,0
FN:312,BytesLib.toUint32
FNDA:0,BytesLib.toUint32
DA:313,0
BRDA:313,5,0,-
BRDA:313,5,1,-
DA:314,0
DA:317,0
DA:320,0
FN:323,BytesLib.toUint64
FNDA:0,BytesLib.toUint64
DA:324,0
BRDA:324,6,0,-
BRDA:324,6,1,-
DA:325,0
DA:328,0
DA:331,0
FN:334,BytesLib.toUint96
FNDA:0,BytesLib.toUint96
DA:335,0
BRDA:335,7,0,-
BRDA:335,7,1,-
DA:336,0
DA:339,0
DA:342,0
FN:345,BytesLib.toUint128
FNDA:0,BytesLib.toUint128
DA:346,0
BRDA:346,8,0,-
BRDA:346,8,1,-
DA:347,0
DA:350,0
DA:353,0
FN:356,BytesLib.toUint256
FNDA:0,BytesLib.toUint256
DA:357,0
BRDA:357,9,0,-
BRDA:357,9,1,-
DA:358,0
DA:361,0
DA:364,0
FN:367,BytesLib.toBytes32
FNDA:0,BytesLib.toBytes32
DA:368,0
BRDA:368,10,0,-
BRDA:368,10,1,-
DA:369,0
DA:372,0
DA:375,0
FN:378,BytesLib.equal
FNDA:0,BytesLib.equal
DA:379,0
DA:418,0
FN:421,BytesLib.equalStorage
FNDA:0,BytesLib.equalStorage
DA:422,0
DA:485,0
FNF:14
FNH:0
LF:50
LH:0
BRF:22
BRH:0
end_of_record
TN:
SF:src/proxy/FetchableBeaconProxy.sol
FN:30,FetchableBeaconProxy.implementation
FNDA:0,FetchableBeaconProxy.implementation
DA:31,0
FN:37,FetchableBeaconProxy.getBeacon
FNDA:0,FetchableBeaconProxy.getBeacon
DA:38,0
FNF:2
FNH:0
LF:2
LH:0
BRF:0
BRH:0
end_of_record
TN:
SF:src/refs/PassiveIncomeCalculator.sol
FN:32,PassiveIncomeCalculator.sqrt
FNDA:0,PassiveIncomeCalculator.sqrt
DA:33,0
DA:34,0
DA:35,0
DA:36,0
DA:37,0
FN:41,PassiveIncomeCalculator._totalPayout
FNDA:0,PassiveIncomeCalculator._totalPayout
DA:48,0
BRDA:48,0,0,-
BRDA:48,0,1,-
DA:49,0
DA:51,0
DA:52,0
FN:56,PassiveIncomeCalculator.claimableIncome
FNDA:0,PassiveIncomeCalculator.claimableIncome
DA:64,0
BRDA:64,1,0,-
BRDA:64,1,1,-
DA:65,0
DA:67,0
DA:74,0
BRDA:74,2,0,-
BRDA:74,2,1,-
DA:75,0
BRDA:75,3,0,-
BRDA:75,3,1,-
DA:76,0
DA:78,0
DA:81,0
BRDA:81,4,0,-
BRDA:81,4,1,-
DA:82,0
DA:84,0
FN:91,PassiveIncomeCalculator.determineMultiplier
FNDA:48,PassiveIncomeCalculator.determineMultiplier
DA:97,48
DA:98,48
DA:99,48
BRDA:99,5,0,-
BRDA:99,5,1,48
DA:100,0
DA:102,48
DA:103,48
BRDA:103,6,0,-
BRDA:103,6,1,-
DA:105,0
DA:106,0
BRDA:106,7,0,-
BRDA:106,7,1,-
DA:107,0
DA:111,48
BRDA:111,8,0,-
BRDA:111,8,1,48
DA:113,0
DA:114,48
BRDA:114,9,0,-
BRDA:114,9,1,48
DA:116,0
DA:117,48
BRDA:117,10,0,-
BRDA:117,10,1,48
DA:119,0
DA:120,48
BRDA:120,11,0,-
BRDA:120,11,1,48
DA:122,0
DA:125,48
BRDA:125,12,0,-
BRDA:125,12,1,48
DA:126,48
DA:128,48
BRDA:128,13,0,-
BRDA:128,13,1,48
DA:129,48
DA:133,48
BRDA:133,14,0,-
BRDA:133,14,1,48
DA:134,0
DA:137,48
FN:140,PassiveIncomeCalculator.determineMultipliers
FNDA:0,PassiveIncomeCalculator.determineMultipliers
DA:146,0
DA:147,0
DA:148,0
DA:149,0
DA:150,0
FNF:5
FNH:1
LF:48
LH:15
BRF:30
BRH:8
end_of_record
TN:
SF:src/refs/PassiveIncomeNFT.sol
FN:74,PassiveIncomeNFT.setMaxLockDuration
FNDA:0,PassiveIncomeNFT.setMaxLockDuration
DA:78,0
FN:81,PassiveIncomeNFT.setRevenueShareContract
FNDA:0,PassiveIncomeNFT.setRevenueShareContract
DA:85,0
FN:88,PassiveIncomeNFT.setMarketplaceContract
FNDA:0,PassiveIncomeNFT.setMarketplaceContract
DA:92,0
FN:95,PassiveIncomeNFT.avgLockDuration
FNDA:0,PassiveIncomeNFT.avgLockDuration
DA:96,0
DA:97,0
BRDA:97,0,0,-
BRDA:97,0,1,-
DA:98,0
DA:99,0
DA:100,0
DA:102,0
FN:105,PassiveIncomeNFT.burn
FNDA:1,PassiveIncomeNFT.burn
DA:106,1
DA:107,1
BRDA:107,1,0,-
BRDA:107,1,1,1
DA:108,1
DA:109,1
BRDA:109,2,0,-
BRDA:109,2,1,1
DA:110,1
BRDA:110,3,0,-
BRDA:110,3,1,-
DA:111,0
DA:117,1
DA:118,1
BRDA:118,4,0,1
BRDA:118,4,1,1
DA:119,1
DA:121,1
DA:122,1
DA:123,1
DA:124,1
DA:125,1
DA:126,1
DA:127,1
DA:128,1
FN:131,PassiveIncomeNFT.canEarnForAmount
FNDA:0,PassiveIncomeNFT.canEarnForAmount
DA:132,0
DA:133,0
DA:134,0
DA:135,0
FN:144,PassiveIncomeNFT.claim
FNDA:0,PassiveIncomeNFT.claim
DA:145,0
DA:146,0
BRDA:146,5,0,-
BRDA:146,5,1,-
DA:147,0
DA:148,0
BRDA:148,6,0,-
BRDA:148,6,1,-
DA:149,0
DA:150,0
BRDA:150,7,0,-
BRDA:150,7,1,-
DA:151,0
DA:152,0
DA:153,0
DA:154,0
DA:156,0
DA:157,0
DA:158,0
BRDA:158,8,0,-
BRDA:158,8,1,-
DA:159,0
DA:165,0
DA:166,0
DA:167,0
DA:168,0
DA:169,0
DA:171,0
DA:172,0
BRDA:172,9,0,-
BRDA:172,9,1,-
DA:173,0
DA:175,0
DA:176,0
FN:179,PassiveIncomeNFT.claimableIncome
FNDA:0,PassiveIncomeNFT.claimableIncome
DA:184,1
DA:185,1
BRDA:185,10,0,-
BRDA:185,10,1,1
DA:186,0
DA:188,1
BRDA:188,11,0,1
BRDA:188,11,1,-
DA:189,1
DA:191,0
DA:199,0
DA:200,0
BRDA:200,12,0,-
BRDA:200,12,1,-
DA:201,0
DA:203,0
DA:206,1
FN:209,PassiveIncomeNFT.claimableIncomes
FNDA:0,PassiveIncomeNFT.claimableIncomes
DA:214,0
DA:215,0
DA:216,0
DA:217,0
DA:218,0
DA:219,0
DA:220,0
FN:224,PassiveIncomeNFT.mint
FNDA:24,PassiveIncomeNFT.mint
DA:231,24
BRDA:231,13,0,-
BRDA:231,13,1,24
DA:236,24
DA:237,24
DA:238,24
BRDA:238,14,0,24
BRDA:238,14,1,-
DA:239,24
DA:241,0
BRDA:241,15,0,-
BRDA:241,15,1,-
DA:242,0
DA:244,24
DA:245,24
DA:246,24
BRDA:246,16,0,-
BRDA:246,16,1,24
DA:247,0
DA:248,0
DA:250,24
DA:256,24
DA:258,24
DA:259,24
DA:260,24
DA:261,24
DA:267,24
DA:268,24
DA:269,24
BRDA:269,17,0,-
BRDA:269,17,1,-
DA:270,0
FN:278,PassiveIncomeNFT.migrate
FNDA:0,PassiveIncomeNFT.migrate
DA:286,0
DA:287,0
DA:288,0
BRDA:288,18,0,-
BRDA:288,18,1,-
DA:289,0
DA:291,0
DA:293,0
DA:294,0
DA:295,0
DA:296,0
DA:297,0
DA:298,0
DA:299,0
DA:300,0
DA:301,0
DA:302,0
DA:303,0
DA:304,0
FN:311,PassiveIncomeNFT.maxLockPeriodForAmount
FNDA:0,PassiveIncomeNFT.maxLockPeriodForAmount
DA:316,0
DA:318,0
DA:319,0
DA:320,0
DA:322,0
DA:328,0
DA:329,0
BRDA:329,19,0,-
BRDA:329,19,1,-
DA:330,0
DA:333,0
FN:336,PassiveIncomeNFT.setGenerateRevenue
FNDA:0,PassiveIncomeNFT.setGenerateRevenue
DA:340,0
FN:343,PassiveIncomeNFT.supportsInterface
FNDA:0,PassiveIncomeNFT.supportsInterface
DA:350,0
DA:351,0
DA:352,0
FN:355,PassiveIncomeNFT.tokenURI
FNDA:0,PassiveIncomeNFT.tokenURI
DA:362,0
DA:363,0
FN:380,PassiveIncomeNFT.setImageBaseURI
FNDA:0,PassiveIncomeNFT.setImageBaseURI
DA:384,0
FN:387,PassiveIncomeNFT._update
FNDA:49,PassiveIncomeNFT._update
DA:388,49
DA:389,49
FNF:17
FNH:3
LF:129
LH:40
BRF:40
BRH:9
end_of_record
TN:
SF:src/refs/interfaces/ERC20Burnable.sol
FN:5,ERC20Burnable.burn
FNDA:0,ERC20Burnable.burn
DA:6,0
FNF:1
FNH:0
LF:1
LH:0
BRF:0
BRH:0
end_of_record
TN:
SF:src/refs/interfaces/ERC20Mintable.sol
FN:5,ERC20Mintable.mint
FNDA:0,ERC20Mintable.mint
DA:6,0
FNF:1
FNH:0
LF:1
LH:0
BRF:0
BRH:0
end_of_record
TN:
SF:src/utils/Collection.sol
FN:23,Collection.append
FNDA:0,Collection.append
DA:24,0
DA:25,0
DA:26,0
BRDA:26,0,0,-
BRDA:26,0,1,-
DA:27,0
DA:29,0
DA:30,0
DA:31,0
DA:33,0
FN:36,Collection.remove
FNDA:0,Collection.remove
DA:37,0
DA:38,0
DA:39,0
BRDA:39,1,0,-
BRDA:39,1,1,-
DA:40,0
DA:42,0
BRDA:42,2,0,-
BRDA:42,2,1,-
DA:43,0
DA:45,0
BRDA:45,3,0,-
BRDA:45,3,1,-
DA:46,0
DA:48,0
DA:49,0
DA:51,0
FN:54,Collection.get
FNDA:0,Collection.get
DA:55,0
FN:58,Collection.getNext
FNDA:0,Collection.getNext
DA:63,0
FN:66,Collection.head
FNDA:0,Collection.head
DA:67,0
FN:70,Collection.tail
FNDA:0,Collection.tail
DA:71,0
FN:74,Collection.first
FNDA:0,Collection.first
DA:75,0
FNF:7
FNH:0
LF:24
LH:0
BRF:8
BRH:0
end_of_record
TN:
SF:src/utils/SafeCollection.sol
FN:7,SafeCollection.safeAdd
FNDA:0,SafeCollection.safeAdd
DA:12,0
DA:13,0
BRDA:13,0,0,-
BRDA:13,0,1,-
DA:14,0
DA:16,0
FN:19,SafeCollection.safeRemove
FNDA:0,SafeCollection.safeRemove
DA:20,0
BRDA:20,1,0,-
BRDA:20,1,1,-
DA:21,0
FNF:2
FNH:0
LF:6
LH:0
BRF:4
BRH:0
end_of_record
TN:
SF:test/libraries/LzLib.sol
FN:21,LzLib.buildAdapterParams
FNDA:0,LzLib.buildAdapterParams
DA:22,0
BRDA:22,0,0,-
BRDA:22,0,1,-
DA:23,0
DA:25,0
FN:30,LzLib.buildDefaultAdapterParams
FNDA:0,LzLib.buildDefaultAdapterParams
DA:34,0
FN:37,LzLib.buildAirdropAdapterParams
FNDA:0,LzLib.buildAirdropAdapterParams
DA:38,0
BRDA:38,1,0,-
BRDA:38,1,1,-
DA:39,0
BRDA:39,2,0,-
BRDA:39,2,1,-
DA:44,0
FN:47,LzLib.getGasLimit
FNDA:0,LzLib.getGasLimit
DA:48,0
BRDA:48,3,0,-
BRDA:48,3,1,-
DA:50,0
FN:55,LzLib.decodeAdapterParams
FNDA:22,LzLib.decodeAdapterParams
DA:65,22
BRDA:65,4,0,-
BRDA:65,4,1,22
DA:67,22
DA:68,22
DA:70,22
BRDA:70,5,0,-
BRDA:70,5,1,22
DA:71,22
BRDA:71,6,0,-
BRDA:71,6,1,22
DA:73,22
BRDA:73,7,0,9
BRDA:73,7,1,22
DA:75,9
DA:76,9
FN:83,LzLib.bytes32ToAddress
FNDA:0,LzLib.bytes32ToAddress
DA:84,0
FN:87,LzLib.addressToBytes32
FNDA:0,LzLib.addressToBytes32
DA:88,0
FNF:7
FNH:1
LF:19
LH:8
BRF:16
BRH:5
end_of_record
TN:
SF:test/utils/LZEndpointMock.sol
FN:113,LZEndpointMock.send
FNDA:7,LZEndpointMock.send
DA:121,7
BRDA:121,0,0,-
BRDA:121,0,1,7
DA:123,7
DA:125,7
DA:128,7
DA:129,7
BRDA:129,1,0,-
BRDA:129,1,1,7
DA:132,7
DA:133,7
DA:134,7
BRDA:134,2,0,-
BRDA:134,2,1,7
DA:136,7
DA:139,7
DA:140,7
BRDA:140,3,0,-
BRDA:140,3,1,-
DA:141,0
DA:142,0
BRDA:142,4,0,-
BRDA:142,4,1,-
DA:147,7
DA:148,7
BRDA:148,5,0,-
BRDA:148,5,1,3
DA:149,3
DA:150,3
BRDA:150,6,0,-
BRDA:150,6,1,3
DA:151,0
DA:155,7
DA:156,7
DA:157,7
FN:160,LZEndpointMock.receivePayload
FNDA:7,LZEndpointMock.receivePayload
DA:168,7
DA:171,7
BRDA:171,7,0,-
BRDA:171,7,1,7
DA:174,7
BRDA:174,8,0,-
BRDA:174,8,1,-
DA:175,0
DA:176,0
DA:180,0
BRDA:180,9,0,-
BRDA:180,9,1,-
DA:182,0
DA:185,0
DA:186,0
DA:190,0
DA:192,0
DA:194,7
BRDA:194,10,0,-
BRDA:194,10,1,7
DA:195,0
DA:196,0
DA:198,0
DA:200,7
FN:209,LZEndpointMock.getInboundNonce
FNDA:0,LZEndpointMock.getInboundNonce
DA:210,0
FN:213,LZEndpointMock.getOutboundNonce
FNDA:0,LZEndpointMock.getOutboundNonce
DA:214,0
FN:217,LZEndpointMock.estimateFees
FNDA:8,LZEndpointMock.estimateFees
DA:224,15
DA:227,15
DA:230,15
DA:231,15
DA:234,15
FN:237,LZEndpointMock.getChainId
FNDA:0,LZEndpointMock.getChainId
DA:238,0
FN:241,LZEndpointMock.retryPayload
FNDA:0,LZEndpointMock.retryPayload
DA:246,0
DA:247,0
BRDA:247,11,0,-
BRDA:247,11,1,-
DA:248,0
BRDA:248,12,0,-
BRDA:248,12,1,-
DA:250,0
DA:252,0
DA:253,0
DA:254,0
DA:256,0
DA:258,0
DA:259,0
FN:262,LZEndpointMock.hasStoredPayload
FNDA:0,LZEndpointMock.hasStoredPayload
DA:263,0
DA:264,0
FN:267,LZEndpointMock.getSendLibraryAddress
FNDA:0,LZEndpointMock.getSendLibraryAddress
DA:268,0
FN:271,LZEndpointMock.getReceiveLibraryAddress
FNDA:0,LZEndpointMock.getReceiveLibraryAddress
DA:272,0
FN:275,LZEndpointMock.isSendingPayload
FNDA:0,LZEndpointMock.isSendingPayload
DA:276,0
FN:279,LZEndpointMock.isReceivingPayload
FNDA:0,LZEndpointMock.isReceivingPayload
DA:280,0
FN:283,LZEndpointMock.getConfig
FNDA:0,LZEndpointMock.getConfig
DA:289,0
FN:292,LZEndpointMock.getSendVersion
FNDA:0,LZEndpointMock.getSendVersion
DA:295,0
FN:298,LZEndpointMock.getReceiveVersion
FNDA:0,LZEndpointMock.getReceiveVersion
DA:301,0
FN:304,LZEndpointMock.setConfig
FNDA:0,LZEndpointMock.setConfig
FN:311,LZEndpointMock.setSendVersion
FNDA:0,LZEndpointMock.setSendVersion
FN:315,LZEndpointMock.setReceiveVersion
FNDA:0,LZEndpointMock.setReceiveVersion
FN:319,LZEndpointMock.forceResumeReceive
FNDA:0,LZEndpointMock.forceResumeReceive
DA:320,0
DA:322,0
BRDA:322,13,0,-
BRDA:322,13,1,-
DA:323,0
BRDA:323,14,0,-
BRDA:323,14,1,-
DA:326,0
DA:327,0
DA:328,0
DA:330,0
DA:333,0
FN:338,LZEndpointMock.getLengthOfQueue
FNDA:0,LZEndpointMock.getLengthOfQueue
DA:339,0
FN:343,LZEndpointMock.blockNextMsg
FNDA:0,LZEndpointMock.blockNextMsg
DA:344,0
FN:347,LZEndpointMock.setDestLzEndpoint
FNDA:0,LZEndpointMock.setDestLzEndpoint
DA:348,0
FN:351,LZEndpointMock.setRelayerPrice
FNDA:0,LZEndpointMock.setRelayerPrice
DA:358,0
DA:359,0
DA:360,0
DA:361,0
DA:362,0
FN:365,LZEndpointMock.setProtocolFee
FNDA:0,LZEndpointMock.setProtocolFee
DA:366,0
DA:367,0
FN:370,LZEndpointMock.setOracleFee
FNDA:0,LZEndpointMock.setOracleFee
DA:371,0
FN:374,LZEndpointMock.setDefaultAdapterParams
FNDA:0,LZEndpointMock.setDefaultAdapterParams
DA:375,0
FN:380,LZEndpointMock._clearMsgQue
FNDA:0,LZEndpointMock._clearMsgQue
DA:381,0
DA:384,0
DA:385,0
DA:386,0
DA:387,0
FN:391,LZEndpointMock._getProtocolFees
FNDA:15,LZEndpointMock._getProtocolFees
DA:396,15
BRDA:396,15,0,-
BRDA:396,15,1,15
DA:397,0
DA:399,15
FN:403,LZEndpointMock._getRelayerFee
FNDA:15,LZEndpointMock._getRelayerFee
DA:410,15
DA:411,15
DA:412,15
BRDA:412,16,0,-
BRDA:412,16,1,6
DA:413,6
BRDA:413,17,0,-
BRDA:413,17,1,6
DA:414,6
DA:417,15
DA:418,15
DA:422,15
DA:425,15
DA:427,15
FNF:29
FNH:5
LF:102
LH:40
BRF:36
BRH:10
end_of_record
TN:
SF:test/utils/MarketplaceMock.sol
FN:6,MarketplaceMock.updateTokenOwner
FNDA:49,MarketplaceMock.updateTokenOwner
FN:12,MarketplaceMock.afterBurnToken
FNDA:1,MarketplaceMock.afterBurnToken
FNF:2
FNH:2
LF:0
LH:0
BRF:0
BRH:0
end_of_record
TN:
SF:test/utils/TangibleERC20Mock.sol
FN:17,TangibleERC20Mock.burnFrom
FNDA:2,TangibleERC20Mock.burnFrom
DA:18,2
DA:19,2
BRDA:19,0,0,-
BRDA:19,0,1,2
DA:21,2
DA:23,2
FN:26,TangibleERC20Mock.mint
FNDA:24,TangibleERC20Mock.mint
DA:27,24
FN:30,TangibleERC20Mock.mintFor
FNDA:27,TangibleERC20Mock.mintFor
DA:31,27
FN:34,TangibleERC20Mock._update
FNDA:80,TangibleERC20Mock._update
DA:35,80
DA:36,80
BRDA:36,1,0,-
BRDA:36,1,1,80
FNF:4
FNH:4
LF:8
LH:8
BRF:4
BRH:2
end_of_record
TN:
SF:test/utils/Utility.sol
FN:53,Utility._asSingletonArrayUint
FNDA:0,Utility._asSingletonArrayUint
DA:54,0
DA:55,0
DA:57,0
FN:61,Utility._asSingletonArrayAddress
FNDA:0,Utility._asSingletonArrayAddress
DA:62,0
DA:63,0
DA:65,0
FN:69,Utility._asSingletonArrayString
FNDA:0,Utility._asSingletonArrayString
DA:70,0
DA:71,0
DA:73,0
FN:77,Utility.assertWithinPrecision
FNDA:0,Utility.assertWithinPrecision
DA:78,0
DA:79,0
BRDA:79,0,0,-
BRDA:79,0,1,-
DA:81,0
DA:82,0
DA:84,0
BRDA:84,1,0,-
BRDA:84,1,1,-
DA:85,0
DA:86,0
DA:87,0
DA:88,0
FN:93,Utility.assertWithinDiff
FNDA:0,Utility.assertWithinDiff
DA:94,0
DA:95,0
DA:97,0
BRDA:97,2,0,-
BRDA:97,2,1,-
DA:98,0
DA:99,0
DA:100,0
DA:101,0
DA:102,0
FNF:5
FNH:0
LF:26
LH:0
BRF:6
BRH:0
end_of_record
